<?xml version="1.0" encoding="UTF-8"?>
<!-- Generated by org.testng.reporters.JUnitReportReporter -->
<testsuite hostname="ndi-mb-202" failures="1" tests="31" name="com.tpg.automation.inventory.DashboardApiTests" time="27.412" errors="1" timestamp="2026-03-18T12:32:47 IST" skipped="28">
  <testcase classname="com.tpg.automation.inventory.DashboardApiTests" name="testPendingFirmwareRecordsAreFetched" time="0.011">
    <skipped/>
  </testcase> <!-- testPendingFirmwareRecordsAreFetched -->
  <testcase classname="com.tpg.automation.inventory.DashboardApiTests" name="testSystemStatusOperationalAndDegradedLabels" time="0.044">
    <skipped/>
  </testcase> <!-- testSystemStatusOperationalAndDegradedLabels -->
  <testcase classname="com.tpg.automation.inventory.DashboardApiTests" name="testAuditLogsAreFetchedForAlertsPanel" time="20.164">
    <failure message="ocator expected to be visible
Call log:
Locator.expect with timeout 30000ms
waiting for locator(&quot;div.bg-card:has(h3:text-is(&#039;Recent Alerts&#039;)) ul li&quot;)" type="java.lang.AssertionError">
      <![CDATA[java.lang.AssertionError: ocator expected to be visible
Call log:
Locator.expect with timeout 30000ms
waiting for locator("div.bg-card:has(h3:text-is('Recent Alerts')) ul li")
at com.tpg.verification.Verify.verifyAs(Verify.java:156)
at com.tpg.actor.Actor.wantsTo(Actor.java:39)
at com.tpg.automation.inventory.DashboardApiTests.testAuditLogsAreFetchedForAlertsPanel(DashboardApiTests.java:423)
at java.base/jdk.internal.reflect.DirectMethodHandleAccessor.invoke(DirectMethodHandleAccessor.java:104)
at java.base/java.lang.reflect.Method.invoke(Method.java:565)
at org.testng.internal.invokers.MethodInvocationHelper.invokeMethod(MethodInvocationHelper.java:141)
at org.testng.internal.invokers.MethodInvocationHelper$1.runTestMethod(MethodInvocationHelper.java:260)
at org.springframework.test.context.testng.AbstractTestNGSpringContextTests.run(AbstractTestNGSpringContextTests.java:154)
at org.testng.internal.invokers.MethodInvocationHelper.invokeHookable(MethodInvocationHelper.java:274)
at org.testng.internal.invokers.TestInvoker.invokeMethod(TestInvoker.java:678)
at org.testng.internal.invokers.TestInvoker.invokeTestMethod(TestInvoker.java:230)
at org.testng.internal.invokers.MethodRunner.runInSequence(MethodRunner.java:63)
at org.testng.internal.invokers.TestInvoker$MethodInvocationAgent.invoke(TestInvoker.java:992)
at org.testng.internal.invokers.TestInvoker.invokeTestMethods(TestInvoker.java:203)
at org.testng.internal.invokers.TestMethodWorker.invokeTestMethods(TestMethodWorker.java:154)
at org.testng.internal.invokers.TestMethodWorker.run(TestMethodWorker.java:134)
at java.base/java.util.ArrayList.forEach(ArrayList.java:1604)
at org.testng.TestRunner.privateRun(TestRunner.java:739)
at org.testng.TestRunner.run(TestRunner.java:614)
at org.testng.SuiteRunner.runTest(SuiteRunner.java:421)
at org.testng.SuiteRunner.runSequentially(SuiteRunner.java:413)
at org.testng.SuiteRunner.privateRun(SuiteRunner.java:373)
at org.testng.SuiteRunner.run(SuiteRunner.java:312)
at org.testng.SuiteRunnerWorker.runSuite(SuiteRunnerWorker.java:52)
at org.testng.SuiteRunnerWorker.run(SuiteRunnerWorker.java:95)
at org.testng.TestNG.runSuitesSequentially(TestNG.java:1274)
at org.testng.TestNG.runSuitesLocally(TestNG.java:1208)
at org.testng.TestNG.runSuites(TestNG.java:1112)
at org.testng.TestNG.run(TestNG.java:1079)
at org.apache.maven.surefire.testng.TestNGExecutor.run(TestNGExecutor.java:308)
at org.apache.maven.surefire.testng.TestNGXmlTestSuite.execute(TestNGXmlTestSuite.java:71)
at org.apache.maven.surefire.testng.TestNGProvider.invoke(TestNGProvider.java:113)
at org.apache.maven.surefire.booter.ForkedBooter.runSuitesInProcess(ForkedBooter.java:385)
at org.apache.maven.surefire.booter.ForkedBooter.execute(ForkedBooter.java:162)
at org.apache.maven.surefire.booter.ForkedBooter.run(ForkedBooter.java:507)
at org.apache.maven.surefire.booter.ForkedBooter.main(ForkedBooter.java:495)
]]>
    </failure>
  </testcase> <!-- testAuditLogsAreFetchedForAlertsPanel -->
  <testcase classname="com.tpg.automation.inventory.DashboardApiTests" name="testScheduledServiceOrdersAreFetched" time="0.005">
    <skipped/>
  </testcase> <!-- testScheduledServiceOrdersAreFetched -->
  <testcase classname="com.tpg.automation.inventory.DashboardApiTests" name="testAllDeviceRecordsAreFetched" time="6.001"/>
  <testcase classname="com.tpg.automation.inventory.DashboardApiTests" name="testKpiCardsTransitionFromPlaceholderToLiveValues" time="0.005">
    <skipped/>
  </testcase> <!-- testKpiCardsTransitionFromPlaceholderToLiveValues -->
  <testcase classname="com.tpg.automation.inventory.DashboardApiTests" name="testNoDashboardAutoRefreshOrPolling" time="0.007">
    <skipped/>
  </testcase> <!-- testNoDashboardAutoRefreshOrPolling -->
  <testcase classname="com.tpg.automation.inventory.DashboardApiTests" name="afterMethodSetup" time="0.029">
    <error message="java.io.FileNotFoundException: /Users/ajaykumar.yadav/HLM-QA/novus-example-tests/src/test/resources/screenshots/DashboardApiTests_testAuditLogsAreFetchedForAlertsPanel1773817365503.jpg (No such file or directory)" type="com.tpg.exceptions.NovusConfigException">
      <![CDATA[com.tpg.exceptions.NovusConfigException: java.io.FileNotFoundException: /Users/ajaykumar.yadav/HLM-QA/novus-example-tests/src/test/resources/screenshots/DashboardApiTests_testAuditLogsAreFetchedForAlertsPanel1773817365503.jpg (No such file or directory)
at com.tpg.services.NovusReportingService.base64(NovusReportingService.java:179)
at com.tpg.services.NovusReportingService.attachResult(NovusReportingService.java:121)
at com.tpg.NovusGuiTestBase.afterMethodSetup(NovusGuiTestBase.java:75)
at java.base/jdk.internal.reflect.DirectMethodHandleAccessor.invoke(DirectMethodHandleAccessor.java:104)
at java.base/java.lang.reflect.Method.invoke(Method.java:565)
at org.testng.internal.invokers.MethodInvocationHelper.invokeMethod(MethodInvocationHelper.java:141)
at org.testng.internal.invokers.MethodInvocationHelper.invokeMethodConsideringTimeout(MethodInvocationHelper.java:71)
at org.testng.internal.invokers.ConfigInvoker.invokeConfigurationMethod(ConfigInvoker.java:400)
at org.testng.internal.invokers.ConfigInvoker.invokeConfigurations(ConfigInvoker.java:333)
at org.testng.internal.invokers.TestInvoker.runConfigMethods(TestInvoker.java:833)
at org.testng.internal.invokers.TestInvoker.runAfterConfigurations(TestInvoker.java:802)
at org.testng.internal.invokers.TestInvoker.invokeMethod(TestInvoker.java:778)
at org.testng.internal.invokers.TestInvoker.invokeTestMethod(TestInvoker.java:230)
at org.testng.internal.invokers.MethodRunner.runInSequence(MethodRunner.java:63)
at org.testng.internal.invokers.TestInvoker$MethodInvocationAgent.invoke(TestInvoker.java:992)
at org.testng.internal.invokers.TestInvoker.invokeTestMethods(TestInvoker.java:203)
at org.testng.internal.invokers.TestMethodWorker.invokeTestMethods(TestMethodWorker.java:154)
at org.testng.internal.invokers.TestMethodWorker.run(TestMethodWorker.java:134)
at java.base/java.util.ArrayList.forEach(ArrayList.java:1604)
at org.testng.TestRunner.privateRun(TestRunner.java:739)
at org.testng.TestRunner.run(TestRunner.java:614)
at org.testng.SuiteRunner.runTest(SuiteRunner.java:421)
at org.testng.SuiteRunner.runSequentially(SuiteRunner.java:413)
at org.testng.SuiteRunner.privateRun(SuiteRunner.java:373)
at org.testng.SuiteRunner.run(SuiteRunner.java:312)
at org.testng.SuiteRunnerWorker.runSuite(SuiteRunnerWorker.java:52)
at org.testng.SuiteRunnerWorker.run(SuiteRunnerWorker.java:95)
at org.testng.TestNG.runSuitesSequentially(TestNG.java:1274)
at org.testng.TestNG.runSuitesLocally(TestNG.java:1208)
at org.testng.TestNG.runSuites(TestNG.java:1112)
at org.testng.TestNG.run(TestNG.java:1079)
at org.apache.maven.surefire.testng.TestNGExecutor.run(TestNGExecutor.java:308)
at org.apache.maven.surefire.testng.TestNGXmlTestSuite.execute(TestNGXmlTestSuite.java:71)
at org.apache.maven.surefire.testng.TestNGProvider.invoke(TestNGProvider.java:113)
at org.apache.maven.surefire.booter.ForkedBooter.runSuitesInProcess(ForkedBooter.java:385)
at org.apache.maven.surefire.booter.ForkedBooter.execute(ForkedBooter.java:162)
at org.apache.maven.surefire.booter.ForkedBooter.run(ForkedBooter.java:507)
at org.apache.maven.surefire.booter.ForkedBooter.main(ForkedBooter.java:495)
Caused by: java.io.FileNotFoundException: /Users/ajaykumar.yadav/HLM-QA/novus-example-tests/src/test/resources/screenshots/DashboardApiTests_testAuditLogsAreFetchedForAlertsPanel1773817365503.jpg (No such file or directory)
at java.base/java.io.FileInputStream.open0(Native Method)
at java.base/java.io.FileInputStream.open(FileInputStream.java:185)
at java.base/java.io.FileInputStream.<init>(FileInputStream.java:139)
at com.tpg.services.NovusReportingService.base64(NovusReportingService.java:174)
... 37 more
]]>
    </error>
  </testcase> <!-- afterMethodSetup -->
  <testcase classname="com.tpg.automation.inventory.DashboardApiTests" name="testPendingComplianceRecordsAreFetched" time="0.007">
    <skipped/>
  </testcase> <!-- testPendingComplianceRecordsAreFetched -->
  <testcase classname="com.tpg.automation.inventory.DashboardApiTests" name="testAuditLogsTwentyFourHourTimeWindow" time="0.006">
    <skipped/>
  </testcase> <!-- testAuditLogsTwentyFourHourTimeWindow -->
  <testcase classname="com.tpg.automation.inventory.DashboardApiTests" name="testQuickActionBadgesAreVisibleWhenCountIsGreaterThanZero" time="0.014">
    <skipped/>
  </testcase> <!-- testQuickActionBadgesAreVisibleWhenCountIsGreaterThanZero -->
  <testcase classname="com.tpg.automation.inventory.DashboardApiTests" name="testSystemStatusHealthPercentagesUpdateFromLiveKpiData" time="0.011">
    <skipped/>
  </testcase> <!-- testSystemStatusHealthPercentagesUpdateFromLiveKpiData -->
  <testcase classname="com.tpg.automation.inventory.DashboardApiTests" name="testInProgressServiceOrdersAreFetched" time="0.007">
    <skipped/>
  </testcase> <!-- testInProgressServiceOrdersAreFetched -->
  <testcase classname="com.tpg.automation.inventory.DashboardApiTests" name="testRefreshDashboardButtonTriggersCompleteDataRefetch" time="1.093">
    <skipped/>
  </testcase> <!-- testRefreshDashboardButtonTriggersCompleteDataRefetch -->
  <testcase classname="com.tpg.automation.inventory.DashboardApiTests" name="testRefreshButtonIsVisibleWithCircularArrowIcon" time="0.003">
    <skipped/>
  </testcase> <!-- testRefreshButtonIsVisibleWithCircularArrowIcon -->
  <testcase classname="com.tpg.automation.inventory.DashboardApiTests" name="testSystemStatusPanelDisplaysFourServices" time="0.005">
    <skipped/>
  </testcase> <!-- testSystemStatusPanelDisplaysFourServices -->
  <testcase classname="com.tpg.automation.inventory.DashboardApiTests" name="testOfflineDevicesAreFetchedSeparately" time="0.000">
    <skipped/>
  </testcase> <!-- testOfflineDevicesAreFetchedSeparately -->
  <testcase classname="com.tpg.automation.inventory.DashboardApiTests" name="testDashboardLoadsWithZeroData">
    <skipped/>
  </testcase> <!-- testDashboardLoadsWithZeroData -->
  <testcase classname="com.tpg.automation.inventory.DashboardApiTests" name="testAlertsErrorMessageOnApiFailure">
    <skipped/>
  </testcase> <!-- testAlertsErrorMessageOnApiFailure -->
  <testcase classname="com.tpg.automation.inventory.DashboardApiTests" name="testKpiAndAlertsFetchIndependently">
    <skipped/>
  </testcase> <!-- testKpiAndAlertsFetchIndependently -->
  <testcase classname="com.tpg.automation.inventory.DashboardApiTests" name="testErrorBannersAreClearedWhenRefreshStarts">
    <skipped/>
  </testcase> <!-- testErrorBannersAreClearedWhenRefreshStarts -->
  <testcase classname="com.tpg.automation.inventory.DashboardApiTests" name="testKpiCardsShowPlaceholdersDuringRefresh">
    <skipped/>
  </testcase> <!-- testKpiCardsShowPlaceholdersDuringRefresh -->
  <testcase classname="com.tpg.automation.inventory.DashboardApiTests" name="testErrorBannerDisplaysMeaningfulMessage">
    <skipped/>
  </testcase> <!-- testErrorBannerDisplaysMeaningfulMessage -->
  <testcase classname="com.tpg.automation.inventory.DashboardApiTests" name="testQuickActionBadgesAreHiddenWhenCountIsZero">
    <skipped/>
  </testcase> <!-- testQuickActionBadgesAreHiddenWhenCountIsZero -->
  <testcase classname="com.tpg.automation.inventory.DashboardApiTests" name="testErrorBannerAndPlaceholdersWhenAllApisFail">
    <skipped/>
  </testcase> <!-- testErrorBannerAndPlaceholdersWhenAllApisFail -->
  <testcase classname="com.tpg.automation.inventory.DashboardApiTests" name="testErrorBannerDisplayedOnSingleApiFailure">
    <skipped/>
  </testcase> <!-- testErrorBannerDisplayedOnSingleApiFailure -->
  <testcase classname="com.tpg.automation.inventory.DashboardApiTests" name="testKpiCardsShowLoadingPlaceholderOnPageLoad">
    <skipped/>
  </testcase> <!-- testKpiCardsShowLoadingPlaceholderOnPageLoad -->
  <testcase classname="com.tpg.automation.inventory.DashboardApiTests" name="testAlertsLoadingIndicatorDisplayedWhileFetching">
    <skipped/>
  </testcase> <!-- testAlertsLoadingIndicatorDisplayedWhileFetching -->
  <testcase classname="com.tpg.automation.inventory.DashboardApiTests" name="testParallelApiCallsOnDashboardLoad">
    <skipped/>
  </testcase> <!-- testParallelApiCallsOnDashboardLoad -->
  <testcase classname="com.tpg.automation.inventory.DashboardApiTests" name="testAlertsPanelShowsLoadingStateDuringRefresh">
    <skipped/>
  </testcase> <!-- testAlertsPanelShowsLoadingStateDuringRefresh -->
  <testcase classname="com.tpg.automation.inventory.DashboardApiTests" name="testNoRecentActivityMessageWhenNoAuditLogsExist">
    <skipped/>
  </testcase> <!-- testNoRecentActivityMessageWhenNoAuditLogsExist -->
</testsuite> <!-- com.tpg.automation.inventory.DashboardApiTests -->
