<?xml version="1.0" encoding="UTF-8"?>
<!-- Generated by org.testng.reporters.JUnitXMLReporter -->
<testsuite ignored="14" hostname="ndi-mb-202" failures="1" tests="16" name="Dashboard API Data Layer Tests" time="30.411" errors="0" timestamp="2026-03-18T12:32:46 IST">
  <testcase classname="com.tpg.NovusGuiTestBase" name="@AfterMethod afterMethodSetup" time="0.023">
    <failure type="com.tpg.exceptions.NovusConfigException" message="java.io.FileNotFoundException: /Users/ajaykumar.yadav/HLM-QA/novus-example-tests/src/test/resources/screenshots/DashboardApiTests_testAuditLogsAreFetchedForAlertsPanel1773817365503.jpg (No such file or directory)">
      <![CDATA[com.tpg.exceptions.NovusConfigException: java.io.FileNotFoundException: /Users/ajaykumar.yadav/HLM-QA/novus-example-tests/src/test/resources/screenshots/DashboardApiTests_testAuditLogsAreFetchedForAlertsPanel1773817365503.jpg (No such file or directory)
at com.tpg.services.NovusReportingService.base64(NovusReportingService.java:179)
at com.tpg.services.NovusReportingService.attachResult(NovusReportingService.java:121)
at com.tpg.NovusGuiTestBase.afterMethodSetup(NovusGuiTestBase.java:75)
at java.base/java.util.ArrayList.forEach(ArrayList.java:1604)
Caused by: java.io.FileNotFoundException: /Users/ajaykumar.yadav/HLM-QA/novus-example-tests/src/test/resources/screenshots/DashboardApiTests_testAuditLogsAreFetchedForAlertsPanel1773817365503.jpg (No such file or directory)
at java.base/java.io.FileInputStream.open0(Native Method)
at java.base/java.io.FileInputStream.open(FileInputStream.java:185)
at java.base/java.io.FileInputStream.<init>(FileInputStream.java:139)
at com.tpg.services.NovusReportingService.base64(NovusReportingService.java:174)
... 37 more
... Removed 34 stack frames]]>
    </failure>
  </testcase> <!-- @AfterMethod afterMethodSetup -->
  <testcase classname="com.tpg.automation.inventory.DashboardApiTests" name="testAllDeviceRecordsAreFetched" time="5.991"/>
  <testcase classname="com.tpg.automation.inventory.DashboardApiTests" name="testAuditLogsAreFetchedForAlertsPanel" time="20.16">
    <failure type="java.lang.AssertionError" message="ocator expected to be visible
Call log:
Locator.expect with timeout 30000ms
waiting for locator(&amp;quot;div.bg-card:has(h3:text-is(&amp;apos;Recent Alerts&amp;apos;)) ul li&amp;quot;)">
      <![CDATA[java.lang.AssertionError: ocator expected to be visible
Call log:
Locator.expect with timeout 30000ms
waiting for locator("div.bg-card:has(h3:text-is('Recent Alerts')) ul li")
at com.tpg.verification.Verify.verifyAs(Verify.java:156)
at com.tpg.actor.Actor.wantsTo(Actor.java:39)
at com.tpg.automation.inventory.DashboardApiTests.testAuditLogsAreFetchedForAlertsPanel(DashboardApiTests.java:423)
at org.springframework.test.context.testng.AbstractTestNGSpringContextTests.run(AbstractTestNGSpringContextTests.java:154)
at java.base/java.util.ArrayList.forEach(ArrayList.java:1604)
... Removed 31 stack frames]]>
    </failure>
  </testcase> <!-- testAuditLogsAreFetchedForAlertsPanel -->
  <testcase classname="com.tpg.automation.inventory.DashboardApiTests" name="testAuditLogsTwentyFourHourTimeWindow" time="0.0">
    <skipped/>
  </testcase> <!-- testAuditLogsTwentyFourHourTimeWindow -->
  <testcase classname="com.tpg.automation.inventory.DashboardApiTests" name="testInProgressServiceOrdersAreFetched" time="0.001">
    <skipped/>
  </testcase> <!-- testInProgressServiceOrdersAreFetched -->
  <testcase classname="com.tpg.automation.inventory.DashboardApiTests" name="testKpiCardsTransitionFromPlaceholderToLiveValues" time="0.0">
    <skipped/>
  </testcase> <!-- testKpiCardsTransitionFromPlaceholderToLiveValues -->
  <testcase classname="com.tpg.automation.inventory.DashboardApiTests" name="testNoDashboardAutoRefreshOrPolling" time="0.0">
    <skipped/>
  </testcase> <!-- testNoDashboardAutoRefreshOrPolling -->
  <testcase classname="com.tpg.automation.inventory.DashboardApiTests" name="testOfflineDevicesAreFetchedSeparately" time="0.0">
    <skipped/>
  </testcase> <!-- testOfflineDevicesAreFetchedSeparately -->
  <testcase classname="com.tpg.automation.inventory.DashboardApiTests" name="testPendingComplianceRecordsAreFetched" time="0.001">
    <skipped/>
  </testcase> <!-- testPendingComplianceRecordsAreFetched -->
  <testcase classname="com.tpg.automation.inventory.DashboardApiTests" name="testPendingFirmwareRecordsAreFetched" time="0.0">
    <skipped/>
  </testcase> <!-- testPendingFirmwareRecordsAreFetched -->
  <testcase classname="com.tpg.automation.inventory.DashboardApiTests" name="testQuickActionBadgesAreVisibleWhenCountIsGreaterThanZero" time="0.001">
    <skipped/>
  </testcase> <!-- testQuickActionBadgesAreVisibleWhenCountIsGreaterThanZero -->
  <testcase classname="com.tpg.automation.inventory.DashboardApiTests" name="testRefreshButtonIsVisibleWithCircularArrowIcon" time="0.0">
    <skipped/>
  </testcase> <!-- testRefreshButtonIsVisibleWithCircularArrowIcon -->
  <testcase classname="com.tpg.automation.inventory.DashboardApiTests" name="testRefreshDashboardButtonTriggersCompleteDataRefetch" time="0.0">
    <skipped/>
  </testcase> <!-- testRefreshDashboardButtonTriggersCompleteDataRefetch -->
  <testcase classname="com.tpg.automation.inventory.DashboardApiTests" name="testScheduledServiceOrdersAreFetched" time="0.0">
    <skipped/>
  </testcase> <!-- testScheduledServiceOrdersAreFetched -->
  <testcase classname="com.tpg.automation.inventory.DashboardApiTests" name="testSystemStatusHealthPercentagesUpdateFromLiveKpiData" time="0.0">
    <skipped/>
  </testcase> <!-- testSystemStatusHealthPercentagesUpdateFromLiveKpiData -->
  <testcase classname="com.tpg.automation.inventory.DashboardApiTests" name="testSystemStatusOperationalAndDegradedLabels" time="0.0">
    <skipped/>
  </testcase> <!-- testSystemStatusOperationalAndDegradedLabels -->
  <testcase classname="com.tpg.automation.inventory.DashboardApiTests" name="testSystemStatusPanelDisplaysFourServices" time="0.0">
    <skipped/>
  </testcase> <!-- testSystemStatusPanelDisplaysFourServices -->
  <testcase classname="com.tpg.automation.inventory.DashboardApiTests" name="testDashboardLoadsWithZeroData" time="0.0">
    <ignored/>
  </testcase> <!-- testDashboardLoadsWithZeroData -->
  <testcase classname="com.tpg.automation.inventory.DashboardApiTests" name="testAlertsErrorMessageOnApiFailure" time="0.0">
    <ignored/>
  </testcase> <!-- testAlertsErrorMessageOnApiFailure -->
  <testcase classname="com.tpg.automation.inventory.DashboardApiTests" name="testKpiAndAlertsFetchIndependently" time="0.0">
    <ignored/>
  </testcase> <!-- testKpiAndAlertsFetchIndependently -->
  <testcase classname="com.tpg.automation.inventory.DashboardApiTests" name="testErrorBannersAreClearedWhenRefreshStarts" time="0.0">
    <ignored/>
  </testcase> <!-- testErrorBannersAreClearedWhenRefreshStarts -->
  <testcase classname="com.tpg.automation.inventory.DashboardApiTests" name="testKpiCardsShowPlaceholdersDuringRefresh" time="0.0">
    <ignored/>
  </testcase> <!-- testKpiCardsShowPlaceholdersDuringRefresh -->
  <testcase classname="com.tpg.automation.inventory.DashboardApiTests" name="testErrorBannerDisplaysMeaningfulMessage" time="0.0">
    <ignored/>
  </testcase> <!-- testErrorBannerDisplaysMeaningfulMessage -->
  <testcase classname="com.tpg.automation.inventory.DashboardApiTests" name="testQuickActionBadgesAreHiddenWhenCountIsZero" time="0.0">
    <ignored/>
  </testcase> <!-- testQuickActionBadgesAreHiddenWhenCountIsZero -->
  <testcase classname="com.tpg.automation.inventory.DashboardApiTests" name="testErrorBannerAndPlaceholdersWhenAllApisFail" time="0.0">
    <ignored/>
  </testcase> <!-- testErrorBannerAndPlaceholdersWhenAllApisFail -->
  <testcase classname="com.tpg.automation.inventory.DashboardApiTests" name="testErrorBannerDisplayedOnSingleApiFailure" time="0.0">
    <ignored/>
  </testcase> <!-- testErrorBannerDisplayedOnSingleApiFailure -->
  <testcase classname="com.tpg.automation.inventory.DashboardApiTests" name="testKpiCardsShowLoadingPlaceholderOnPageLoad" time="0.0">
    <ignored/>
  </testcase> <!-- testKpiCardsShowLoadingPlaceholderOnPageLoad -->
  <testcase classname="com.tpg.automation.inventory.DashboardApiTests" name="testAlertsLoadingIndicatorDisplayedWhileFetching" time="0.0">
    <ignored/>
  </testcase> <!-- testAlertsLoadingIndicatorDisplayedWhileFetching -->
  <testcase classname="com.tpg.automation.inventory.DashboardApiTests" name="testParallelApiCallsOnDashboardLoad" time="0.0">
    <ignored/>
  </testcase> <!-- testParallelApiCallsOnDashboardLoad -->
  <testcase classname="com.tpg.automation.inventory.DashboardApiTests" name="testAlertsPanelShowsLoadingStateDuringRefresh" time="0.0">
    <ignored/>
  </testcase> <!-- testAlertsPanelShowsLoadingStateDuringRefresh -->
  <testcase classname="com.tpg.automation.inventory.DashboardApiTests" name="testNoRecentActivityMessageWhenNoAuditLogsExist" time="0.0">
    <ignored/>
  </testcase> <!-- testNoRecentActivityMessageWhenNoAuditLogsExist -->
</testsuite> <!-- Dashboard API Data Layer Tests -->
