<?xml version="1.0" encoding="UTF-8"?>
<testng-results ignored="0" total="16" passed="1" failed="1" skipped="14">
  <reporter-output>
  </reporter-output>
  <suite started-at="2026-03-18T12:32:16 IST" name="Inventory Management – Dashboard API Data Layer Tests" finished-at="2026-03-18T12:32:46 IST" duration-ms="30411">
    <groups>
      <group name="dashboard-api">
        <method signature="DashboardApiTests.testAllDeviceRecordsAreFetched()[pri:0, instance:com.tpg.automation.inventory.DashboardApiTests@590c73d3]" name="testAllDeviceRecordsAreFetched" class="com.tpg.automation.inventory.DashboardApiTests"/>
        <method signature="DashboardApiTests.testAuditLogsAreFetchedForAlertsPanel()[pri:0, instance:com.tpg.automation.inventory.DashboardApiTests@590c73d3]" name="testAuditLogsAreFetchedForAlertsPanel" class="com.tpg.automation.inventory.DashboardApiTests"/>
        <method signature="DashboardApiTests.testAuditLogsTwentyFourHourTimeWindow()[pri:0, instance:com.tpg.automation.inventory.DashboardApiTests@590c73d3]" name="testAuditLogsTwentyFourHourTimeWindow" class="com.tpg.automation.inventory.DashboardApiTests"/>
        <method signature="DashboardApiTests.testInProgressServiceOrdersAreFetched()[pri:0, instance:com.tpg.automation.inventory.DashboardApiTests@590c73d3]" name="testInProgressServiceOrdersAreFetched" class="com.tpg.automation.inventory.DashboardApiTests"/>
        <method signature="DashboardApiTests.testKpiCardsTransitionFromPlaceholderToLiveValues()[pri:0, instance:com.tpg.automation.inventory.DashboardApiTests@590c73d3]" name="testKpiCardsTransitionFromPlaceholderToLiveValues" class="com.tpg.automation.inventory.DashboardApiTests"/>
        <method signature="DashboardApiTests.testNoDashboardAutoRefreshOrPolling()[pri:0, instance:com.tpg.automation.inventory.DashboardApiTests@590c73d3]" name="testNoDashboardAutoRefreshOrPolling" class="com.tpg.automation.inventory.DashboardApiTests"/>
        <method signature="DashboardApiTests.testOfflineDevicesAreFetchedSeparately()[pri:0, instance:com.tpg.automation.inventory.DashboardApiTests@590c73d3]" name="testOfflineDevicesAreFetchedSeparately" class="com.tpg.automation.inventory.DashboardApiTests"/>
        <method signature="DashboardApiTests.testPendingComplianceRecordsAreFetched()[pri:0, instance:com.tpg.automation.inventory.DashboardApiTests@590c73d3]" name="testPendingComplianceRecordsAreFetched" class="com.tpg.automation.inventory.DashboardApiTests"/>
        <method signature="DashboardApiTests.testPendingFirmwareRecordsAreFetched()[pri:0, instance:com.tpg.automation.inventory.DashboardApiTests@590c73d3]" name="testPendingFirmwareRecordsAreFetched" class="com.tpg.automation.inventory.DashboardApiTests"/>
        <method signature="DashboardApiTests.testQuickActionBadgesAreVisibleWhenCountIsGreaterThanZero()[pri:0, instance:com.tpg.automation.inventory.DashboardApiTests@590c73d3]" name="testQuickActionBadgesAreVisibleWhenCountIsGreaterThanZero" class="com.tpg.automation.inventory.DashboardApiTests"/>
        <method signature="DashboardApiTests.testRefreshButtonIsVisibleWithCircularArrowIcon()[pri:0, instance:com.tpg.automation.inventory.DashboardApiTests@590c73d3]" name="testRefreshButtonIsVisibleWithCircularArrowIcon" class="com.tpg.automation.inventory.DashboardApiTests"/>
        <method signature="DashboardApiTests.testRefreshDashboardButtonTriggersCompleteDataRefetch()[pri:0, instance:com.tpg.automation.inventory.DashboardApiTests@590c73d3]" name="testRefreshDashboardButtonTriggersCompleteDataRefetch" class="com.tpg.automation.inventory.DashboardApiTests"/>
        <method signature="DashboardApiTests.testScheduledServiceOrdersAreFetched()[pri:0, instance:com.tpg.automation.inventory.DashboardApiTests@590c73d3]" name="testScheduledServiceOrdersAreFetched" class="com.tpg.automation.inventory.DashboardApiTests"/>
        <method signature="DashboardApiTests.testSystemStatusHealthPercentagesUpdateFromLiveKpiData()[pri:0, instance:com.tpg.automation.inventory.DashboardApiTests@590c73d3]" name="testSystemStatusHealthPercentagesUpdateFromLiveKpiData" class="com.tpg.automation.inventory.DashboardApiTests"/>
        <method signature="DashboardApiTests.testSystemStatusOperationalAndDegradedLabels()[pri:0, instance:com.tpg.automation.inventory.DashboardApiTests@590c73d3]" name="testSystemStatusOperationalAndDegradedLabels" class="com.tpg.automation.inventory.DashboardApiTests"/>
        <method signature="DashboardApiTests.testSystemStatusPanelDisplaysFourServices()[pri:0, instance:com.tpg.automation.inventory.DashboardApiTests@590c73d3]" name="testSystemStatusPanelDisplaysFourServices" class="com.tpg.automation.inventory.DashboardApiTests"/>
      </group> <!-- dashboard-api -->
      <group name="regression">
        <method signature="DashboardApiTests.testAuditLogsTwentyFourHourTimeWindow()[pri:0, instance:com.tpg.automation.inventory.DashboardApiTests@590c73d3]" name="testAuditLogsTwentyFourHourTimeWindow" class="com.tpg.automation.inventory.DashboardApiTests"/>
        <method signature="DashboardApiTests.testNoDashboardAutoRefreshOrPolling()[pri:0, instance:com.tpg.automation.inventory.DashboardApiTests@590c73d3]" name="testNoDashboardAutoRefreshOrPolling" class="com.tpg.automation.inventory.DashboardApiTests"/>
        <method signature="DashboardApiTests.testOfflineDevicesAreFetchedSeparately()[pri:0, instance:com.tpg.automation.inventory.DashboardApiTests@590c73d3]" name="testOfflineDevicesAreFetchedSeparately" class="com.tpg.automation.inventory.DashboardApiTests"/>
        <method signature="DashboardApiTests.testPendingComplianceRecordsAreFetched()[pri:0, instance:com.tpg.automation.inventory.DashboardApiTests@590c73d3]" name="testPendingComplianceRecordsAreFetched" class="com.tpg.automation.inventory.DashboardApiTests"/>
        <method signature="DashboardApiTests.testRefreshButtonIsVisibleWithCircularArrowIcon()[pri:0, instance:com.tpg.automation.inventory.DashboardApiTests@590c73d3]" name="testRefreshButtonIsVisibleWithCircularArrowIcon" class="com.tpg.automation.inventory.DashboardApiTests"/>
        <method signature="DashboardApiTests.testScheduledServiceOrdersAreFetched()[pri:0, instance:com.tpg.automation.inventory.DashboardApiTests@590c73d3]" name="testScheduledServiceOrdersAreFetched" class="com.tpg.automation.inventory.DashboardApiTests"/>
        <method signature="DashboardApiTests.testSystemStatusHealthPercentagesUpdateFromLiveKpiData()[pri:0, instance:com.tpg.automation.inventory.DashboardApiTests@590c73d3]" name="testSystemStatusHealthPercentagesUpdateFromLiveKpiData" class="com.tpg.automation.inventory.DashboardApiTests"/>
        <method signature="DashboardApiTests.testSystemStatusOperationalAndDegradedLabels()[pri:0, instance:com.tpg.automation.inventory.DashboardApiTests@590c73d3]" name="testSystemStatusOperationalAndDegradedLabels" class="com.tpg.automation.inventory.DashboardApiTests"/>
      </group> <!-- regression -->
      <group name="smoke-tests">
        <method signature="DashboardApiTests.testAllDeviceRecordsAreFetched()[pri:0, instance:com.tpg.automation.inventory.DashboardApiTests@590c73d3]" name="testAllDeviceRecordsAreFetched" class="com.tpg.automation.inventory.DashboardApiTests"/>
        <method signature="DashboardApiTests.testAuditLogsAreFetchedForAlertsPanel()[pri:0, instance:com.tpg.automation.inventory.DashboardApiTests@590c73d3]" name="testAuditLogsAreFetchedForAlertsPanel" class="com.tpg.automation.inventory.DashboardApiTests"/>
        <method signature="DashboardApiTests.testInProgressServiceOrdersAreFetched()[pri:0, instance:com.tpg.automation.inventory.DashboardApiTests@590c73d3]" name="testInProgressServiceOrdersAreFetched" class="com.tpg.automation.inventory.DashboardApiTests"/>
        <method signature="DashboardApiTests.testKpiCardsTransitionFromPlaceholderToLiveValues()[pri:0, instance:com.tpg.automation.inventory.DashboardApiTests@590c73d3]" name="testKpiCardsTransitionFromPlaceholderToLiveValues" class="com.tpg.automation.inventory.DashboardApiTests"/>
        <method signature="DashboardApiTests.testPendingFirmwareRecordsAreFetched()[pri:0, instance:com.tpg.automation.inventory.DashboardApiTests@590c73d3]" name="testPendingFirmwareRecordsAreFetched" class="com.tpg.automation.inventory.DashboardApiTests"/>
        <method signature="DashboardApiTests.testQuickActionBadgesAreVisibleWhenCountIsGreaterThanZero()[pri:0, instance:com.tpg.automation.inventory.DashboardApiTests@590c73d3]" name="testQuickActionBadgesAreVisibleWhenCountIsGreaterThanZero" class="com.tpg.automation.inventory.DashboardApiTests"/>
        <method signature="DashboardApiTests.testRefreshDashboardButtonTriggersCompleteDataRefetch()[pri:0, instance:com.tpg.automation.inventory.DashboardApiTests@590c73d3]" name="testRefreshDashboardButtonTriggersCompleteDataRefetch" class="com.tpg.automation.inventory.DashboardApiTests"/>
        <method signature="DashboardApiTests.testSystemStatusPanelDisplaysFourServices()[pri:0, instance:com.tpg.automation.inventory.DashboardApiTests@590c73d3]" name="testSystemStatusPanelDisplaysFourServices" class="com.tpg.automation.inventory.DashboardApiTests"/>
      </group> <!-- smoke-tests -->
    </groups>
    <test started-at="2026-03-18T12:32:16 IST" name="Dashboard API Data Layer Tests" finished-at="2026-03-18T12:32:46 IST" duration-ms="30411">
      <class name="com.tpg.automation.inventory.DashboardApiTests">
        <test-method is-config="true" signature="springTestContextPrepareTestInstance()[pri:0, instance:com.tpg.automation.inventory.DashboardApiTests@590c73d3]" started-at="2026-03-18T12:32:06 IST" name="springTestContextPrepareTestInstance" finished-at="2026-03-18T12:32:15 IST" duration-ms="8874" status="PASS">
          <reporter-output>
          </reporter-output>
        </test-method> <!-- springTestContextPrepareTestInstance -->
        <test-method is-config="true" signature="initReport(java.lang.String)[pri:0, instance:com.tpg.automation.inventory.DashboardApiTests@590c73d3]" started-at="2026-03-18T12:32:15 IST" name="initReport" finished-at="2026-03-18T12:32:16 IST" depends-on-methods="com.tpg.NovusGuiTestBase.springTestContextPrepareTestInstance" duration-ms="457" status="PASS">
          <params>
            <param index="0">
              <value>
                <![CDATA[Dashboard-API-Report]]>
              </value>
            </param>
          </params>
          <reporter-output>
          </reporter-output>
        </test-method> <!-- initReport -->
        <test-method is-config="true" signature="springTestContextBeforeTestClass()[pri:0, instance:com.tpg.automation.inventory.DashboardApiTests@590c73d3]" started-at="2026-03-18T12:32:16 IST" name="springTestContextBeforeTestClass" finished-at="2026-03-18T12:32:16 IST" duration-ms="5" status="PASS">
          <reporter-output>
          </reporter-output>
        </test-method> <!-- springTestContextBeforeTestClass -->
        <test-method is-config="true" signature="springTestContextPrepareTestInstance()[pri:0, instance:com.tpg.automation.inventory.DashboardApiTests@590c73d3]" started-at="2026-03-18T12:32:16 IST" name="springTestContextPrepareTestInstance" finished-at="2026-03-18T12:32:16 IST" duration-ms="4" status="PASS">
          <reporter-output>
          </reporter-output>
        </test-method> <!-- springTestContextPrepareTestInstance -->
        <test-method is-config="true" signature="baseBeforeClassSetup()[pri:0, instance:com.tpg.automation.inventory.DashboardApiTests@590c73d3]" started-at="2026-03-18T12:32:16 IST" name="baseBeforeClassSetup" finished-at="2026-03-18T12:32:16 IST" depends-on-methods="com.tpg.NovusGuiTestBase.springTestContextPrepareTestInstance" duration-ms="0" status="PASS">
          <reporter-output>
          </reporter-output>
        </test-method> <!-- baseBeforeClassSetup -->
        <test-method is-config="true" signature="loginToApplication()[pri:0, instance:com.tpg.automation.inventory.DashboardApiTests@590c73d3]" started-at="2026-03-18T12:32:16 IST" name="loginToApplication" finished-at="2026-03-18T12:32:18 IST" depends-on-methods="com.tpg.NovusGuiTestBase.baseBeforeClassSetup" duration-ms="1978" status="PASS">
          <reporter-output>
          </reporter-output>
        </test-method> <!-- loginToApplication -->
        <test-method is-config="true" signature="springTestContextBeforeTestMethod(java.lang.reflect.Method)[pri:0, instance:com.tpg.automation.inventory.DashboardApiTests@590c73d3]" started-at="2026-03-18T12:32:18 IST" name="springTestContextBeforeTestMethod" finished-at="2026-03-18T12:32:19 IST" duration-ms="1090" status="PASS">
          <params>
            <param index="0">
              <value>
                <![CDATA[public void com.tpg.automation.inventory.DashboardApiTests.testAllDeviceRecordsAreFetched()]]>
              </value>
            </param>
          </params>
          <reporter-output>
          </reporter-output>
        </test-method> <!-- springTestContextBeforeTestMethod -->
        <test-method is-config="true" signature="beforeMethodSetup(java.lang.reflect.Method)[pri:0, instance:com.tpg.automation.inventory.DashboardApiTests@590c73d3]" started-at="2026-03-18T12:32:19 IST" name="beforeMethodSetup" finished-at="2026-03-18T12:32:19 IST" duration-ms="41" status="PASS">
          <params>
            <param index="0">
              <value>
                <![CDATA[public void com.tpg.automation.inventory.DashboardApiTests.testAllDeviceRecordsAreFetched()]]>
              </value>
            </param>
          </params>
          <reporter-output>
          </reporter-output>
        </test-method> <!-- beforeMethodSetup -->
        <test-method signature="testAllDeviceRecordsAreFetched()[pri:0, instance:com.tpg.automation.inventory.DashboardApiTests@590c73d3]" started-at="2026-03-18T12:32:19 IST" name="testAllDeviceRecordsAreFetched" finished-at="2026-03-18T12:32:25 IST" duration-ms="5991" status="PASS">
          <reporter-output>
          </reporter-output>
        </test-method> <!-- testAllDeviceRecordsAreFetched -->
        <test-method is-config="true" signature="afterMethodSetup(org.testng.ITestResult)[pri:0, instance:com.tpg.automation.inventory.DashboardApiTests@590c73d3]" started-at="2026-03-18T12:32:25 IST" name="afterMethodSetup" finished-at="2026-03-18T12:32:25 IST" duration-ms="1" status="PASS">
          <params>
            <param index="0">
              <value>
                <![CDATA[[TestResult name=testAllDeviceRecordsAreFetched status=SUCCESS method=DashboardApiTests.testAllDeviceRecordsAreFetched()[pri:0, instance:com.tpg.automation.inventory.DashboardApiTests@590c73d3] output={null}]]]>
              </value>
            </param>
          </params>
          <reporter-output>
          </reporter-output>
        </test-method> <!-- afterMethodSetup -->
        <test-method is-config="true" signature="springTestContextAfterTestMethod(java.lang.reflect.Method)[pri:0, instance:com.tpg.automation.inventory.DashboardApiTests@590c73d3]" started-at="2026-03-18T12:32:25 IST" name="springTestContextAfterTestMethod" finished-at="2026-03-18T12:32:25 IST" duration-ms="10" status="PASS">
          <params>
            <param index="0">
              <value>
                <![CDATA[public void com.tpg.automation.inventory.DashboardApiTests.testAllDeviceRecordsAreFetched()]]>
              </value>
            </param>
          </params>
          <reporter-output>
          </reporter-output>
        </test-method> <!-- springTestContextAfterTestMethod -->
        <test-method is-config="true" signature="springTestContextBeforeTestMethod(java.lang.reflect.Method)[pri:0, instance:com.tpg.automation.inventory.DashboardApiTests@590c73d3]" started-at="2026-03-18T12:32:25 IST" name="springTestContextBeforeTestMethod" finished-at="2026-03-18T12:32:25 IST" duration-ms="1" status="PASS">
          <params>
            <param index="0">
              <value>
                <![CDATA[public void com.tpg.automation.inventory.DashboardApiTests.testAuditLogsAreFetchedForAlertsPanel()]]>
              </value>
            </param>
          </params>
          <reporter-output>
          </reporter-output>
        </test-method> <!-- springTestContextBeforeTestMethod -->
        <test-method is-config="true" signature="beforeMethodSetup(java.lang.reflect.Method)[pri:0, instance:com.tpg.automation.inventory.DashboardApiTests@590c73d3]" started-at="2026-03-18T12:32:25 IST" name="beforeMethodSetup" finished-at="2026-03-18T12:32:25 IST" duration-ms="2" status="PASS">
          <params>
            <param index="0">
              <value>
                <![CDATA[public void com.tpg.automation.inventory.DashboardApiTests.testAuditLogsAreFetchedForAlertsPanel()]]>
              </value>
            </param>
          </params>
          <reporter-output>
          </reporter-output>
        </test-method> <!-- beforeMethodSetup -->
        <test-method signature="testAuditLogsAreFetchedForAlertsPanel()[pri:0, instance:com.tpg.automation.inventory.DashboardApiTests@590c73d3]" started-at="2026-03-18T12:32:25 IST" name="testAuditLogsAreFetchedForAlertsPanel" finished-at="2026-03-18T12:32:45 IST" duration-ms="20160" status="FAIL">
          <exception class="java.lang.AssertionError">
            <message>
              <![CDATA[ocator expected to be visible
Call log:
Locator.expect with timeout 30000ms
waiting for locator("div.bg-card:has(h3:text-is('Recent Alerts')) ul li")]]>
            </message>
            <full-stacktrace>
              <![CDATA[java.lang.AssertionError: ocator expected to be visible
Call log:
Locator.expect with timeout 30000ms
waiting for locator("div.bg-card:has(h3:text-is('Recent Alerts')) ul li")
at com.tpg.verification.Verify.verifyAs(Verify.java:156)
at com.tpg.actor.Actor.wantsTo(Actor.java:39)
at com.tpg.automation.inventory.DashboardApiTests.testAuditLogsAreFetchedForAlertsPanel(DashboardApiTests.java:423)
at java.base/jdk.internal.reflect.DirectMethodHandleAccessor.invoke(DirectMethodHandleAccessor.java:104)
at java.base/java.lang.reflect.Method.invoke(Method.java:565)
at org.testng.internal.invokers.MethodInvocationHelper.invokeMethod(MethodInvocationHelper.java:141)
at org.testng.internal.invokers.MethodInvocationHelper$1.runTestMethod(MethodInvocationHelper.java:260)
at org.springframework.test.context.testng.AbstractTestNGSpringContextTests.run(AbstractTestNGSpringContextTests.java:154)
at org.testng.internal.invokers.MethodInvocationHelper.invokeHookable(MethodInvocationHelper.java:274)
at org.testng.internal.invokers.TestInvoker.invokeMethod(TestInvoker.java:678)
at org.testng.internal.invokers.TestInvoker.invokeTestMethod(TestInvoker.java:230)
at org.testng.internal.invokers.MethodRunner.runInSequence(MethodRunner.java:63)
at org.testng.internal.invokers.TestInvoker$MethodInvocationAgent.invoke(TestInvoker.java:992)
at org.testng.internal.invokers.TestInvoker.invokeTestMethods(TestInvoker.java:203)
at org.testng.internal.invokers.TestMethodWorker.invokeTestMethods(TestMethodWorker.java:154)
at org.testng.internal.invokers.TestMethodWorker.run(TestMethodWorker.java:134)
at java.base/java.util.ArrayList.forEach(ArrayList.java:1604)
at org.testng.TestRunner.privateRun(TestRunner.java:739)
at org.testng.TestRunner.run(TestRunner.java:614)
at org.testng.SuiteRunner.runTest(SuiteRunner.java:421)
at org.testng.SuiteRunner.runSequentially(SuiteRunner.java:413)
at org.testng.SuiteRunner.privateRun(SuiteRunner.java:373)
at org.testng.SuiteRunner.run(SuiteRunner.java:312)
at org.testng.SuiteRunnerWorker.runSuite(SuiteRunnerWorker.java:52)
at org.testng.SuiteRunnerWorker.run(SuiteRunnerWorker.java:95)
at org.testng.TestNG.runSuitesSequentially(TestNG.java:1274)
at org.testng.TestNG.runSuitesLocally(TestNG.java:1208)
at org.testng.TestNG.runSuites(TestNG.java:1112)
at org.testng.TestNG.run(TestNG.java:1079)
at org.apache.maven.surefire.testng.TestNGExecutor.run(TestNGExecutor.java:308)
at org.apache.maven.surefire.testng.TestNGXmlTestSuite.execute(TestNGXmlTestSuite.java:71)
at org.apache.maven.surefire.testng.TestNGProvider.invoke(TestNGProvider.java:113)
at org.apache.maven.surefire.booter.ForkedBooter.runSuitesInProcess(ForkedBooter.java:385)
at org.apache.maven.surefire.booter.ForkedBooter.execute(ForkedBooter.java:162)
at org.apache.maven.surefire.booter.ForkedBooter.run(ForkedBooter.java:507)
at org.apache.maven.surefire.booter.ForkedBooter.main(ForkedBooter.java:495)
]]>
            </full-stacktrace>
          </exception> <!-- java.lang.AssertionError -->
          <reporter-output>
          </reporter-output>
        </test-method> <!-- testAuditLogsAreFetchedForAlertsPanel -->
        <test-method is-config="true" signature="afterMethodSetup(org.testng.ITestResult)[pri:0, instance:com.tpg.automation.inventory.DashboardApiTests@590c73d3]" started-at="2026-03-18T12:32:45 IST" name="afterMethodSetup" finished-at="2026-03-18T12:32:45 IST" duration-ms="23" status="FAIL">
          <params>
            <param index="0">
              <value>
                <![CDATA[[TestResult name=testAuditLogsAreFetchedForAlertsPanel status=FAILURE method=DashboardApiTests.testAuditLogsAreFetchedForAlertsPanel()[pri:0, instance:com.tpg.automation.inventory.DashboardApiTests@590c73d3] output={null}]]]>
              </value>
            </param>
          </params>
          <exception class="com.tpg.exceptions.NovusConfigException">
            <message>
              <![CDATA[java.io.FileNotFoundException: /Users/ajaykumar.yadav/HLM-QA/novus-example-tests/src/test/resources/screenshots/DashboardApiTests_testAuditLogsAreFetchedForAlertsPanel1773817365503.jpg (No such file or directory)]]>
            </message>
            <full-stacktrace>
              <![CDATA[com.tpg.exceptions.NovusConfigException: java.io.FileNotFoundException: /Users/ajaykumar.yadav/HLM-QA/novus-example-tests/src/test/resources/screenshots/DashboardApiTests_testAuditLogsAreFetchedForAlertsPanel1773817365503.jpg (No such file or directory)
at com.tpg.services.NovusReportingService.base64(NovusReportingService.java:179)
at com.tpg.services.NovusReportingService.attachResult(NovusReportingService.java:121)
at com.tpg.NovusGuiTestBase.afterMethodSetup(NovusGuiTestBase.java:75)
at java.base/jdk.internal.reflect.DirectMethodHandleAccessor.invoke(DirectMethodHandleAccessor.java:104)
at java.base/java.lang.reflect.Method.invoke(Method.java:565)
at org.testng.internal.invokers.MethodInvocationHelper.invokeMethod(MethodInvocationHelper.java:141)
at org.testng.internal.invokers.MethodInvocationHelper.invokeMethodConsideringTimeout(MethodInvocationHelper.java:71)
at org.testng.internal.invokers.ConfigInvoker.invokeConfigurationMethod(ConfigInvoker.java:400)
at org.testng.internal.invokers.ConfigInvoker.invokeConfigurations(ConfigInvoker.java:333)
at org.testng.internal.invokers.TestInvoker.runConfigMethods(TestInvoker.java:833)
at org.testng.internal.invokers.TestInvoker.runAfterConfigurations(TestInvoker.java:802)
at org.testng.internal.invokers.TestInvoker.invokeMethod(TestInvoker.java:778)
at org.testng.internal.invokers.TestInvoker.invokeTestMethod(TestInvoker.java:230)
at org.testng.internal.invokers.MethodRunner.runInSequence(MethodRunner.java:63)
at org.testng.internal.invokers.TestInvoker$MethodInvocationAgent.invoke(TestInvoker.java:992)
at org.testng.internal.invokers.TestInvoker.invokeTestMethods(TestInvoker.java:203)
at org.testng.internal.invokers.TestMethodWorker.invokeTestMethods(TestMethodWorker.java:154)
at org.testng.internal.invokers.TestMethodWorker.run(TestMethodWorker.java:134)
at java.base/java.util.ArrayList.forEach(ArrayList.java:1604)
at org.testng.TestRunner.privateRun(TestRunner.java:739)
at org.testng.TestRunner.run(TestRunner.java:614)
at org.testng.SuiteRunner.runTest(SuiteRunner.java:421)
at org.testng.SuiteRunner.runSequentially(SuiteRunner.java:413)
at org.testng.SuiteRunner.privateRun(SuiteRunner.java:373)
at org.testng.SuiteRunner.run(SuiteRunner.java:312)
at org.testng.SuiteRunnerWorker.runSuite(SuiteRunnerWorker.java:52)
at org.testng.SuiteRunnerWorker.run(SuiteRunnerWorker.java:95)
at org.testng.TestNG.runSuitesSequentially(TestNG.java:1274)
at org.testng.TestNG.runSuitesLocally(TestNG.java:1208)
at org.testng.TestNG.runSuites(TestNG.java:1112)
at org.testng.TestNG.run(TestNG.java:1079)
at org.apache.maven.surefire.testng.TestNGExecutor.run(TestNGExecutor.java:308)
at org.apache.maven.surefire.testng.TestNGXmlTestSuite.execute(TestNGXmlTestSuite.java:71)
at org.apache.maven.surefire.testng.TestNGProvider.invoke(TestNGProvider.java:113)
at org.apache.maven.surefire.booter.ForkedBooter.runSuitesInProcess(ForkedBooter.java:385)
at org.apache.maven.surefire.booter.ForkedBooter.execute(ForkedBooter.java:162)
at org.apache.maven.surefire.booter.ForkedBooter.run(ForkedBooter.java:507)
at org.apache.maven.surefire.booter.ForkedBooter.main(ForkedBooter.java:495)
Caused by: java.io.FileNotFoundException: /Users/ajaykumar.yadav/HLM-QA/novus-example-tests/src/test/resources/screenshots/DashboardApiTests_testAuditLogsAreFetchedForAlertsPanel1773817365503.jpg (No such file or directory)
at java.base/java.io.FileInputStream.open0(Native Method)
at java.base/java.io.FileInputStream.open(FileInputStream.java:185)
at java.base/java.io.FileInputStream.<init>(FileInputStream.java:139)
at com.tpg.services.NovusReportingService.base64(NovusReportingService.java:174)
... 37 more
]]>
            </full-stacktrace>
          </exception> <!-- com.tpg.exceptions.NovusConfigException -->
          <reporter-output>
          </reporter-output>
        </test-method> <!-- afterMethodSetup -->
        <test-method is-config="true" signature="springTestContextAfterTestMethod(java.lang.reflect.Method)[pri:0, instance:com.tpg.automation.inventory.DashboardApiTests@590c73d3]" started-at="2026-03-18T12:32:45 IST" name="springTestContextAfterTestMethod" finished-at="2026-03-18T12:32:45 IST" duration-ms="3" status="PASS">
          <params>
            <param index="0">
              <value>
                <![CDATA[public void com.tpg.automation.inventory.DashboardApiTests.testAuditLogsAreFetchedForAlertsPanel()]]>
              </value>
            </param>
          </params>
          <reporter-output>
          </reporter-output>
        </test-method> <!-- springTestContextAfterTestMethod -->
        <test-method is-config="true" signature="springTestContextBeforeTestMethod(java.lang.reflect.Method)[pri:0, instance:com.tpg.automation.inventory.DashboardApiTests@590c73d3]" started-at="2026-03-18T12:32:45 IST" name="springTestContextBeforeTestMethod" finished-at="2026-03-18T12:32:45 IST" duration-ms="2" status="PASS">
          <params>
            <param index="0">
              <value>
                <![CDATA[public void com.tpg.automation.inventory.DashboardApiTests.testAuditLogsTwentyFourHourTimeWindow()]]>
              </value>
            </param>
          </params>
          <reporter-output>
          </reporter-output>
        </test-method> <!-- springTestContextBeforeTestMethod -->
        <test-method is-config="true" signature="beforeMethodSetup(java.lang.reflect.Method)[pri:0, instance:com.tpg.automation.inventory.DashboardApiTests@590c73d3]" started-at="2026-03-18T12:32:45 IST" name="beforeMethodSetup" finished-at="2026-03-18T12:32:45 IST" duration-ms="7" status="PASS">
          <params>
            <param index="0">
              <value>
                <![CDATA[public void com.tpg.automation.inventory.DashboardApiTests.testAuditLogsTwentyFourHourTimeWindow()]]>
              </value>
            </param>
          </params>
          <reporter-output>
          </reporter-output>
        </test-method> <!-- beforeMethodSetup -->
        <test-method signature="testAuditLogsTwentyFourHourTimeWindow()[pri:0, instance:com.tpg.automation.inventory.DashboardApiTests@590c73d3]" started-at="2026-03-18T12:32:45 IST" name="testAuditLogsTwentyFourHourTimeWindow" finished-at="2026-03-18T12:32:45 IST" duration-ms="0" status="SKIP">
          <exception class="com.tpg.exceptions.NovusConfigException">
            <message>
              <![CDATA[java.io.FileNotFoundException: /Users/ajaykumar.yadav/HLM-QA/novus-example-tests/src/test/resources/screenshots/DashboardApiTests_testAuditLogsAreFetchedForAlertsPanel1773817365503.jpg (No such file or directory)]]>
            </message>
            <full-stacktrace>
              <![CDATA[com.tpg.exceptions.NovusConfigException: java.io.FileNotFoundException: /Users/ajaykumar.yadav/HLM-QA/novus-example-tests/src/test/resources/screenshots/DashboardApiTests_testAuditLogsAreFetchedForAlertsPanel1773817365503.jpg (No such file or directory)
at com.tpg.services.NovusReportingService.base64(NovusReportingService.java:179)
at com.tpg.services.NovusReportingService.attachResult(NovusReportingService.java:121)
at com.tpg.NovusGuiTestBase.afterMethodSetup(NovusGuiTestBase.java:75)
at java.base/jdk.internal.reflect.DirectMethodHandleAccessor.invoke(DirectMethodHandleAccessor.java:104)
at java.base/java.lang.reflect.Method.invoke(Method.java:565)
at org.testng.internal.invokers.MethodInvocationHelper.invokeMethod(MethodInvocationHelper.java:141)
at org.testng.internal.invokers.MethodInvocationHelper.invokeMethodConsideringTimeout(MethodInvocationHelper.java:71)
at org.testng.internal.invokers.ConfigInvoker.invokeConfigurationMethod(ConfigInvoker.java:400)
at org.testng.internal.invokers.ConfigInvoker.invokeConfigurations(ConfigInvoker.java:333)
at org.testng.internal.invokers.TestInvoker.runConfigMethods(TestInvoker.java:833)
at org.testng.internal.invokers.TestInvoker.runAfterConfigurations(TestInvoker.java:802)
at org.testng.internal.invokers.TestInvoker.invokeMethod(TestInvoker.java:778)
at org.testng.internal.invokers.TestInvoker.invokeTestMethod(TestInvoker.java:230)
at org.testng.internal.invokers.MethodRunner.runInSequence(MethodRunner.java:63)
at org.testng.internal.invokers.TestInvoker$MethodInvocationAgent.invoke(TestInvoker.java:992)
at org.testng.internal.invokers.TestInvoker.invokeTestMethods(TestInvoker.java:203)
at org.testng.internal.invokers.TestMethodWorker.invokeTestMethods(TestMethodWorker.java:154)
at org.testng.internal.invokers.TestMethodWorker.run(TestMethodWorker.java:134)
at java.base/java.util.ArrayList.forEach(ArrayList.java:1604)
at org.testng.TestRunner.privateRun(TestRunner.java:739)
at org.testng.TestRunner.run(TestRunner.java:614)
at org.testng.SuiteRunner.runTest(SuiteRunner.java:421)
at org.testng.SuiteRunner.runSequentially(SuiteRunner.java:413)
at org.testng.SuiteRunner.privateRun(SuiteRunner.java:373)
at org.testng.SuiteRunner.run(SuiteRunner.java:312)
at org.testng.SuiteRunnerWorker.runSuite(SuiteRunnerWorker.java:52)
at org.testng.SuiteRunnerWorker.run(SuiteRunnerWorker.java:95)
at org.testng.TestNG.runSuitesSequentially(TestNG.java:1274)
at org.testng.TestNG.runSuitesLocally(TestNG.java:1208)
at org.testng.TestNG.runSuites(TestNG.java:1112)
at org.testng.TestNG.run(TestNG.java:1079)
at org.apache.maven.surefire.testng.TestNGExecutor.run(TestNGExecutor.java:308)
at org.apache.maven.surefire.testng.TestNGXmlTestSuite.execute(TestNGXmlTestSuite.java:71)
at org.apache.maven.surefire.testng.TestNGProvider.invoke(TestNGProvider.java:113)
at org.apache.maven.surefire.booter.ForkedBooter.runSuitesInProcess(ForkedBooter.java:385)
at org.apache.maven.surefire.booter.ForkedBooter.execute(ForkedBooter.java:162)
at org.apache.maven.surefire.booter.ForkedBooter.run(ForkedBooter.java:507)
at org.apache.maven.surefire.booter.ForkedBooter.main(ForkedBooter.java:495)
Caused by: java.io.FileNotFoundException: /Users/ajaykumar.yadav/HLM-QA/novus-example-tests/src/test/resources/screenshots/DashboardApiTests_testAuditLogsAreFetchedForAlertsPanel1773817365503.jpg (No such file or directory)
at java.base/java.io.FileInputStream.open0(Native Method)
at java.base/java.io.FileInputStream.open(FileInputStream.java:185)
at java.base/java.io.FileInputStream.<init>(FileInputStream.java:139)
at com.tpg.services.NovusReportingService.base64(NovusReportingService.java:174)
... 37 more
]]>
            </full-stacktrace>
          </exception> <!-- com.tpg.exceptions.NovusConfigException -->
          <reporter-output>
          </reporter-output>
        </test-method> <!-- testAuditLogsTwentyFourHourTimeWindow -->
        <test-method is-config="true" signature="afterMethodSetup(org.testng.ITestResult)[pri:0, instance:com.tpg.automation.inventory.DashboardApiTests@590c73d3]" started-at="2026-03-18T12:32:45 IST" name="afterMethodSetup" finished-at="2026-03-18T12:32:45 IST" duration-ms="1" status="PASS">
          <params>
            <param index="0">
              <value>
                <![CDATA[[TestResult name=testAuditLogsTwentyFourHourTimeWindow status=SKIP method=DashboardApiTests.testAuditLogsTwentyFourHourTimeWindow()[pri:0, instance:com.tpg.automation.inventory.DashboardApiTests@590c73d3] output={null}]]]>
              </value>
            </param>
          </params>
          <reporter-output>
          </reporter-output>
        </test-method> <!-- afterMethodSetup -->
        <test-method is-config="true" signature="springTestContextAfterTestMethod(java.lang.reflect.Method)[pri:0, instance:com.tpg.automation.inventory.DashboardApiTests@590c73d3]" started-at="2026-03-18T12:32:45 IST" name="springTestContextAfterTestMethod" finished-at="2026-03-18T12:32:45 IST" duration-ms="4" status="PASS">
          <params>
            <param index="0">
              <value>
                <![CDATA[public void com.tpg.automation.inventory.DashboardApiTests.testAuditLogsTwentyFourHourTimeWindow()]]>
              </value>
            </param>
          </params>
          <reporter-output>
          </reporter-output>
        </test-method> <!-- springTestContextAfterTestMethod -->
        <test-method is-config="true" signature="springTestContextBeforeTestMethod(java.lang.reflect.Method)[pri:0, instance:com.tpg.automation.inventory.DashboardApiTests@590c73d3]" started-at="2026-03-18T12:32:45 IST" name="springTestContextBeforeTestMethod" finished-at="2026-03-18T12:32:45 IST" duration-ms="2" status="PASS">
          <params>
            <param index="0">
              <value>
                <![CDATA[public void com.tpg.automation.inventory.DashboardApiTests.testInProgressServiceOrdersAreFetched()]]>
              </value>
            </param>
          </params>
          <reporter-output>
          </reporter-output>
        </test-method> <!-- springTestContextBeforeTestMethod -->
        <test-method is-config="true" signature="beforeMethodSetup(java.lang.reflect.Method)[pri:0, instance:com.tpg.automation.inventory.DashboardApiTests@590c73d3]" started-at="2026-03-18T12:32:45 IST" name="beforeMethodSetup" finished-at="2026-03-18T12:32:45 IST" duration-ms="1" status="PASS">
          <params>
            <param index="0">
              <value>
                <![CDATA[public void com.tpg.automation.inventory.DashboardApiTests.testInProgressServiceOrdersAreFetched()]]>
              </value>
            </param>
          </params>
          <reporter-output>
          </reporter-output>
        </test-method> <!-- beforeMethodSetup -->
        <test-method signature="testInProgressServiceOrdersAreFetched()[pri:0, instance:com.tpg.automation.inventory.DashboardApiTests@590c73d3]" started-at="2026-03-18T12:32:45 IST" name="testInProgressServiceOrdersAreFetched" finished-at="2026-03-18T12:32:45 IST" duration-ms="1" status="SKIP">
          <exception class="com.tpg.exceptions.NovusConfigException">
            <message>
              <![CDATA[java.io.FileNotFoundException: /Users/ajaykumar.yadav/HLM-QA/novus-example-tests/src/test/resources/screenshots/DashboardApiTests_testAuditLogsAreFetchedForAlertsPanel1773817365503.jpg (No such file or directory)]]>
            </message>
            <full-stacktrace>
              <![CDATA[com.tpg.exceptions.NovusConfigException: java.io.FileNotFoundException: /Users/ajaykumar.yadav/HLM-QA/novus-example-tests/src/test/resources/screenshots/DashboardApiTests_testAuditLogsAreFetchedForAlertsPanel1773817365503.jpg (No such file or directory)
at com.tpg.services.NovusReportingService.base64(NovusReportingService.java:179)
at com.tpg.services.NovusReportingService.attachResult(NovusReportingService.java:121)
at com.tpg.NovusGuiTestBase.afterMethodSetup(NovusGuiTestBase.java:75)
at java.base/jdk.internal.reflect.DirectMethodHandleAccessor.invoke(DirectMethodHandleAccessor.java:104)
at java.base/java.lang.reflect.Method.invoke(Method.java:565)
at org.testng.internal.invokers.MethodInvocationHelper.invokeMethod(MethodInvocationHelper.java:141)
at org.testng.internal.invokers.MethodInvocationHelper.invokeMethodConsideringTimeout(MethodInvocationHelper.java:71)
at org.testng.internal.invokers.ConfigInvoker.invokeConfigurationMethod(ConfigInvoker.java:400)
at org.testng.internal.invokers.ConfigInvoker.invokeConfigurations(ConfigInvoker.java:333)
at org.testng.internal.invokers.TestInvoker.runConfigMethods(TestInvoker.java:833)
at org.testng.internal.invokers.TestInvoker.runAfterConfigurations(TestInvoker.java:802)
at org.testng.internal.invokers.TestInvoker.invokeMethod(TestInvoker.java:778)
at org.testng.internal.invokers.TestInvoker.invokeTestMethod(TestInvoker.java:230)
at org.testng.internal.invokers.MethodRunner.runInSequence(MethodRunner.java:63)
at org.testng.internal.invokers.TestInvoker$MethodInvocationAgent.invoke(TestInvoker.java:992)
at org.testng.internal.invokers.TestInvoker.invokeTestMethods(TestInvoker.java:203)
at org.testng.internal.invokers.TestMethodWorker.invokeTestMethods(TestMethodWorker.java:154)
at org.testng.internal.invokers.TestMethodWorker.run(TestMethodWorker.java:134)
at java.base/java.util.ArrayList.forEach(ArrayList.java:1604)
at org.testng.TestRunner.privateRun(TestRunner.java:739)
at org.testng.TestRunner.run(TestRunner.java:614)
at org.testng.SuiteRunner.runTest(SuiteRunner.java:421)
at org.testng.SuiteRunner.runSequentially(SuiteRunner.java:413)
at org.testng.SuiteRunner.privateRun(SuiteRunner.java:373)
at org.testng.SuiteRunner.run(SuiteRunner.java:312)
at org.testng.SuiteRunnerWorker.runSuite(SuiteRunnerWorker.java:52)
at org.testng.SuiteRunnerWorker.run(SuiteRunnerWorker.java:95)
at org.testng.TestNG.runSuitesSequentially(TestNG.java:1274)
at org.testng.TestNG.runSuitesLocally(TestNG.java:1208)
at org.testng.TestNG.runSuites(TestNG.java:1112)
at org.testng.TestNG.run(TestNG.java:1079)
at org.apache.maven.surefire.testng.TestNGExecutor.run(TestNGExecutor.java:308)
at org.apache.maven.surefire.testng.TestNGXmlTestSuite.execute(TestNGXmlTestSuite.java:71)
at org.apache.maven.surefire.testng.TestNGProvider.invoke(TestNGProvider.java:113)
at org.apache.maven.surefire.booter.ForkedBooter.runSuitesInProcess(ForkedBooter.java:385)
at org.apache.maven.surefire.booter.ForkedBooter.execute(ForkedBooter.java:162)
at org.apache.maven.surefire.booter.ForkedBooter.run(ForkedBooter.java:507)
at org.apache.maven.surefire.booter.ForkedBooter.main(ForkedBooter.java:495)
Caused by: java.io.FileNotFoundException: /Users/ajaykumar.yadav/HLM-QA/novus-example-tests/src/test/resources/screenshots/DashboardApiTests_testAuditLogsAreFetchedForAlertsPanel1773817365503.jpg (No such file or directory)
at java.base/java.io.FileInputStream.open0(Native Method)
at java.base/java.io.FileInputStream.open(FileInputStream.java:185)
at java.base/java.io.FileInputStream.<init>(FileInputStream.java:139)
at com.tpg.services.NovusReportingService.base64(NovusReportingService.java:174)
... 37 more
]]>
            </full-stacktrace>
          </exception> <!-- com.tpg.exceptions.NovusConfigException -->
          <reporter-output>
          </reporter-output>
        </test-method> <!-- testInProgressServiceOrdersAreFetched -->
        <test-method is-config="true" signature="afterMethodSetup(org.testng.ITestResult)[pri:0, instance:com.tpg.automation.inventory.DashboardApiTests@590c73d3]" started-at="2026-03-18T12:32:45 IST" name="afterMethodSetup" finished-at="2026-03-18T12:32:45 IST" duration-ms="1" status="PASS">
          <params>
            <param index="0">
              <value>
                <![CDATA[[TestResult name=testInProgressServiceOrdersAreFetched status=SKIP method=DashboardApiTests.testInProgressServiceOrdersAreFetched()[pri:0, instance:com.tpg.automation.inventory.DashboardApiTests@590c73d3] output={null}]]]>
              </value>
            </param>
          </params>
          <reporter-output>
          </reporter-output>
        </test-method> <!-- afterMethodSetup -->
        <test-method is-config="true" signature="springTestContextAfterTestMethod(java.lang.reflect.Method)[pri:0, instance:com.tpg.automation.inventory.DashboardApiTests@590c73d3]" started-at="2026-03-18T12:32:45 IST" name="springTestContextAfterTestMethod" finished-at="2026-03-18T12:32:45 IST" duration-ms="1" status="PASS">
          <params>
            <param index="0">
              <value>
                <![CDATA[public void com.tpg.automation.inventory.DashboardApiTests.testInProgressServiceOrdersAreFetched()]]>
              </value>
            </param>
          </params>
          <reporter-output>
          </reporter-output>
        </test-method> <!-- springTestContextAfterTestMethod -->
        <test-method is-config="true" signature="springTestContextBeforeTestMethod(java.lang.reflect.Method)[pri:0, instance:com.tpg.automation.inventory.DashboardApiTests@590c73d3]" started-at="2026-03-18T12:32:45 IST" name="springTestContextBeforeTestMethod" finished-at="2026-03-18T12:32:45 IST" duration-ms="0" status="PASS">
          <params>
            <param index="0">
              <value>
                <![CDATA[public void com.tpg.automation.inventory.DashboardApiTests.testKpiCardsTransitionFromPlaceholderToLiveValues()]]>
              </value>
            </param>
          </params>
          <reporter-output>
          </reporter-output>
        </test-method> <!-- springTestContextBeforeTestMethod -->
        <test-method is-config="true" signature="beforeMethodSetup(java.lang.reflect.Method)[pri:0, instance:com.tpg.automation.inventory.DashboardApiTests@590c73d3]" started-at="2026-03-18T12:32:45 IST" name="beforeMethodSetup" finished-at="2026-03-18T12:32:45 IST" duration-ms="1" status="PASS">
          <params>
            <param index="0">
              <value>
                <![CDATA[public void com.tpg.automation.inventory.DashboardApiTests.testKpiCardsTransitionFromPlaceholderToLiveValues()]]>
              </value>
            </param>
          </params>
          <reporter-output>
          </reporter-output>
        </test-method> <!-- beforeMethodSetup -->
        <test-method signature="testKpiCardsTransitionFromPlaceholderToLiveValues()[pri:0, instance:com.tpg.automation.inventory.DashboardApiTests@590c73d3]" started-at="2026-03-18T12:32:45 IST" name="testKpiCardsTransitionFromPlaceholderToLiveValues" finished-at="2026-03-18T12:32:45 IST" duration-ms="0" status="SKIP">
          <exception class="com.tpg.exceptions.NovusConfigException">
            <message>
              <![CDATA[java.io.FileNotFoundException: /Users/ajaykumar.yadav/HLM-QA/novus-example-tests/src/test/resources/screenshots/DashboardApiTests_testAuditLogsAreFetchedForAlertsPanel1773817365503.jpg (No such file or directory)]]>
            </message>
            <full-stacktrace>
              <![CDATA[com.tpg.exceptions.NovusConfigException: java.io.FileNotFoundException: /Users/ajaykumar.yadav/HLM-QA/novus-example-tests/src/test/resources/screenshots/DashboardApiTests_testAuditLogsAreFetchedForAlertsPanel1773817365503.jpg (No such file or directory)
at com.tpg.services.NovusReportingService.base64(NovusReportingService.java:179)
at com.tpg.services.NovusReportingService.attachResult(NovusReportingService.java:121)
at com.tpg.NovusGuiTestBase.afterMethodSetup(NovusGuiTestBase.java:75)
at java.base/jdk.internal.reflect.DirectMethodHandleAccessor.invoke(DirectMethodHandleAccessor.java:104)
at java.base/java.lang.reflect.Method.invoke(Method.java:565)
at org.testng.internal.invokers.MethodInvocationHelper.invokeMethod(MethodInvocationHelper.java:141)
at org.testng.internal.invokers.MethodInvocationHelper.invokeMethodConsideringTimeout(MethodInvocationHelper.java:71)
at org.testng.internal.invokers.ConfigInvoker.invokeConfigurationMethod(ConfigInvoker.java:400)
at org.testng.internal.invokers.ConfigInvoker.invokeConfigurations(ConfigInvoker.java:333)
at org.testng.internal.invokers.TestInvoker.runConfigMethods(TestInvoker.java:833)
at org.testng.internal.invokers.TestInvoker.runAfterConfigurations(TestInvoker.java:802)
at org.testng.internal.invokers.TestInvoker.invokeMethod(TestInvoker.java:778)
at org.testng.internal.invokers.TestInvoker.invokeTestMethod(TestInvoker.java:230)
at org.testng.internal.invokers.MethodRunner.runInSequence(MethodRunner.java:63)
at org.testng.internal.invokers.TestInvoker$MethodInvocationAgent.invoke(TestInvoker.java:992)
at org.testng.internal.invokers.TestInvoker.invokeTestMethods(TestInvoker.java:203)
at org.testng.internal.invokers.TestMethodWorker.invokeTestMethods(TestMethodWorker.java:154)
at org.testng.internal.invokers.TestMethodWorker.run(TestMethodWorker.java:134)
at java.base/java.util.ArrayList.forEach(ArrayList.java:1604)
at org.testng.TestRunner.privateRun(TestRunner.java:739)
at org.testng.TestRunner.run(TestRunner.java:614)
at org.testng.SuiteRunner.runTest(SuiteRunner.java:421)
at org.testng.SuiteRunner.runSequentially(SuiteRunner.java:413)
at org.testng.SuiteRunner.privateRun(SuiteRunner.java:373)
at org.testng.SuiteRunner.run(SuiteRunner.java:312)
at org.testng.SuiteRunnerWorker.runSuite(SuiteRunnerWorker.java:52)
at org.testng.SuiteRunnerWorker.run(SuiteRunnerWorker.java:95)
at org.testng.TestNG.runSuitesSequentially(TestNG.java:1274)
at org.testng.TestNG.runSuitesLocally(TestNG.java:1208)
at org.testng.TestNG.runSuites(TestNG.java:1112)
at org.testng.TestNG.run(TestNG.java:1079)
at org.apache.maven.surefire.testng.TestNGExecutor.run(TestNGExecutor.java:308)
at org.apache.maven.surefire.testng.TestNGXmlTestSuite.execute(TestNGXmlTestSuite.java:71)
at org.apache.maven.surefire.testng.TestNGProvider.invoke(TestNGProvider.java:113)
at org.apache.maven.surefire.booter.ForkedBooter.runSuitesInProcess(ForkedBooter.java:385)
at org.apache.maven.surefire.booter.ForkedBooter.execute(ForkedBooter.java:162)
at org.apache.maven.surefire.booter.ForkedBooter.run(ForkedBooter.java:507)
at org.apache.maven.surefire.booter.ForkedBooter.main(ForkedBooter.java:495)
Caused by: java.io.FileNotFoundException: /Users/ajaykumar.yadav/HLM-QA/novus-example-tests/src/test/resources/screenshots/DashboardApiTests_testAuditLogsAreFetchedForAlertsPanel1773817365503.jpg (No such file or directory)
at java.base/java.io.FileInputStream.open0(Native Method)
at java.base/java.io.FileInputStream.open(FileInputStream.java:185)
at java.base/java.io.FileInputStream.<init>(FileInputStream.java:139)
at com.tpg.services.NovusReportingService.base64(NovusReportingService.java:174)
... 37 more
]]>
            </full-stacktrace>
          </exception> <!-- com.tpg.exceptions.NovusConfigException -->
          <reporter-output>
          </reporter-output>
        </test-method> <!-- testKpiCardsTransitionFromPlaceholderToLiveValues -->
        <test-method is-config="true" signature="afterMethodSetup(org.testng.ITestResult)[pri:0, instance:com.tpg.automation.inventory.DashboardApiTests@590c73d3]" started-at="2026-03-18T12:32:45 IST" name="afterMethodSetup" finished-at="2026-03-18T12:32:45 IST" duration-ms="0" status="PASS">
          <params>
            <param index="0">
              <value>
                <![CDATA[[TestResult name=testKpiCardsTransitionFromPlaceholderToLiveValues status=SKIP method=DashboardApiTests.testKpiCardsTransitionFromPlaceholderToLiveValues()[pri:0, instance:com.tpg.automation.inventory.DashboardApiTests@590c73d3] output={null}]]]>
              </value>
            </param>
          </params>
          <reporter-output>
          </reporter-output>
        </test-method> <!-- afterMethodSetup -->
        <test-method is-config="true" signature="springTestContextAfterTestMethod(java.lang.reflect.Method)[pri:0, instance:com.tpg.automation.inventory.DashboardApiTests@590c73d3]" started-at="2026-03-18T12:32:45 IST" name="springTestContextAfterTestMethod" finished-at="2026-03-18T12:32:45 IST" duration-ms="1" status="PASS">
          <params>
            <param index="0">
              <value>
                <![CDATA[public void com.tpg.automation.inventory.DashboardApiTests.testKpiCardsTransitionFromPlaceholderToLiveValues()]]>
              </value>
            </param>
          </params>
          <reporter-output>
          </reporter-output>
        </test-method> <!-- springTestContextAfterTestMethod -->
        <test-method is-config="true" signature="springTestContextBeforeTestMethod(java.lang.reflect.Method)[pri:0, instance:com.tpg.automation.inventory.DashboardApiTests@590c73d3]" started-at="2026-03-18T12:32:45 IST" name="springTestContextBeforeTestMethod" finished-at="2026-03-18T12:32:45 IST" duration-ms="0" status="PASS">
          <params>
            <param index="0">
              <value>
                <![CDATA[public void com.tpg.automation.inventory.DashboardApiTests.testNoDashboardAutoRefreshOrPolling()]]>
              </value>
            </param>
          </params>
          <reporter-output>
          </reporter-output>
        </test-method> <!-- springTestContextBeforeTestMethod -->
        <test-method is-config="true" signature="beforeMethodSetup(java.lang.reflect.Method)[pri:0, instance:com.tpg.automation.inventory.DashboardApiTests@590c73d3]" started-at="2026-03-18T12:32:45 IST" name="beforeMethodSetup" finished-at="2026-03-18T12:32:45 IST" duration-ms="1" status="PASS">
          <params>
            <param index="0">
              <value>
                <![CDATA[public void com.tpg.automation.inventory.DashboardApiTests.testNoDashboardAutoRefreshOrPolling()]]>
              </value>
            </param>
          </params>
          <reporter-output>
          </reporter-output>
        </test-method> <!-- beforeMethodSetup -->
        <test-method signature="testNoDashboardAutoRefreshOrPolling()[pri:0, instance:com.tpg.automation.inventory.DashboardApiTests@590c73d3]" started-at="2026-03-18T12:32:45 IST" name="testNoDashboardAutoRefreshOrPolling" finished-at="2026-03-18T12:32:45 IST" duration-ms="0" status="SKIP">
          <exception class="com.tpg.exceptions.NovusConfigException">
            <message>
              <![CDATA[java.io.FileNotFoundException: /Users/ajaykumar.yadav/HLM-QA/novus-example-tests/src/test/resources/screenshots/DashboardApiTests_testAuditLogsAreFetchedForAlertsPanel1773817365503.jpg (No such file or directory)]]>
            </message>
            <full-stacktrace>
              <![CDATA[com.tpg.exceptions.NovusConfigException: java.io.FileNotFoundException: /Users/ajaykumar.yadav/HLM-QA/novus-example-tests/src/test/resources/screenshots/DashboardApiTests_testAuditLogsAreFetchedForAlertsPanel1773817365503.jpg (No such file or directory)
at com.tpg.services.NovusReportingService.base64(NovusReportingService.java:179)
at com.tpg.services.NovusReportingService.attachResult(NovusReportingService.java:121)
at com.tpg.NovusGuiTestBase.afterMethodSetup(NovusGuiTestBase.java:75)
at java.base/jdk.internal.reflect.DirectMethodHandleAccessor.invoke(DirectMethodHandleAccessor.java:104)
at java.base/java.lang.reflect.Method.invoke(Method.java:565)
at org.testng.internal.invokers.MethodInvocationHelper.invokeMethod(MethodInvocationHelper.java:141)
at org.testng.internal.invokers.MethodInvocationHelper.invokeMethodConsideringTimeout(MethodInvocationHelper.java:71)
at org.testng.internal.invokers.ConfigInvoker.invokeConfigurationMethod(ConfigInvoker.java:400)
at org.testng.internal.invokers.ConfigInvoker.invokeConfigurations(ConfigInvoker.java:333)
at org.testng.internal.invokers.TestInvoker.runConfigMethods(TestInvoker.java:833)
at org.testng.internal.invokers.TestInvoker.runAfterConfigurations(TestInvoker.java:802)
at org.testng.internal.invokers.TestInvoker.invokeMethod(TestInvoker.java:778)
at org.testng.internal.invokers.TestInvoker.invokeTestMethod(TestInvoker.java:230)
at org.testng.internal.invokers.MethodRunner.runInSequence(MethodRunner.java:63)
at org.testng.internal.invokers.TestInvoker$MethodInvocationAgent.invoke(TestInvoker.java:992)
at org.testng.internal.invokers.TestInvoker.invokeTestMethods(TestInvoker.java:203)
at org.testng.internal.invokers.TestMethodWorker.invokeTestMethods(TestMethodWorker.java:154)
at org.testng.internal.invokers.TestMethodWorker.run(TestMethodWorker.java:134)
at java.base/java.util.ArrayList.forEach(ArrayList.java:1604)
at org.testng.TestRunner.privateRun(TestRunner.java:739)
at org.testng.TestRunner.run(TestRunner.java:614)
at org.testng.SuiteRunner.runTest(SuiteRunner.java:421)
at org.testng.SuiteRunner.runSequentially(SuiteRunner.java:413)
at org.testng.SuiteRunner.privateRun(SuiteRunner.java:373)
at org.testng.SuiteRunner.run(SuiteRunner.java:312)
at org.testng.SuiteRunnerWorker.runSuite(SuiteRunnerWorker.java:52)
at org.testng.SuiteRunnerWorker.run(SuiteRunnerWorker.java:95)
at org.testng.TestNG.runSuitesSequentially(TestNG.java:1274)
at org.testng.TestNG.runSuitesLocally(TestNG.java:1208)
at org.testng.TestNG.runSuites(TestNG.java:1112)
at org.testng.TestNG.run(TestNG.java:1079)
at org.apache.maven.surefire.testng.TestNGExecutor.run(TestNGExecutor.java:308)
at org.apache.maven.surefire.testng.TestNGXmlTestSuite.execute(TestNGXmlTestSuite.java:71)
at org.apache.maven.surefire.testng.TestNGProvider.invoke(TestNGProvider.java:113)
at org.apache.maven.surefire.booter.ForkedBooter.runSuitesInProcess(ForkedBooter.java:385)
at org.apache.maven.surefire.booter.ForkedBooter.execute(ForkedBooter.java:162)
at org.apache.maven.surefire.booter.ForkedBooter.run(ForkedBooter.java:507)
at org.apache.maven.surefire.booter.ForkedBooter.main(ForkedBooter.java:495)
Caused by: java.io.FileNotFoundException: /Users/ajaykumar.yadav/HLM-QA/novus-example-tests/src/test/resources/screenshots/DashboardApiTests_testAuditLogsAreFetchedForAlertsPanel1773817365503.jpg (No such file or directory)
at java.base/java.io.FileInputStream.open0(Native Method)
at java.base/java.io.FileInputStream.open(FileInputStream.java:185)
at java.base/java.io.FileInputStream.<init>(FileInputStream.java:139)
at com.tpg.services.NovusReportingService.base64(NovusReportingService.java:174)
... 37 more
]]>
            </full-stacktrace>
          </exception> <!-- com.tpg.exceptions.NovusConfigException -->
          <reporter-output>
          </reporter-output>
        </test-method> <!-- testNoDashboardAutoRefreshOrPolling -->
        <test-method is-config="true" signature="afterMethodSetup(org.testng.ITestResult)[pri:0, instance:com.tpg.automation.inventory.DashboardApiTests@590c73d3]" started-at="2026-03-18T12:32:45 IST" name="afterMethodSetup" finished-at="2026-03-18T12:32:45 IST" duration-ms="1" status="PASS">
          <params>
            <param index="0">
              <value>
                <![CDATA[[TestResult name=testNoDashboardAutoRefreshOrPolling status=SKIP method=DashboardApiTests.testNoDashboardAutoRefreshOrPolling()[pri:0, instance:com.tpg.automation.inventory.DashboardApiTests@590c73d3] output={null}]]]>
              </value>
            </param>
          </params>
          <reporter-output>
          </reporter-output>
        </test-method> <!-- afterMethodSetup -->
        <test-method is-config="true" signature="springTestContextAfterTestMethod(java.lang.reflect.Method)[pri:0, instance:com.tpg.automation.inventory.DashboardApiTests@590c73d3]" started-at="2026-03-18T12:32:45 IST" name="springTestContextAfterTestMethod" finished-at="2026-03-18T12:32:45 IST" duration-ms="1" status="PASS">
          <params>
            <param index="0">
              <value>
                <![CDATA[public void com.tpg.automation.inventory.DashboardApiTests.testNoDashboardAutoRefreshOrPolling()]]>
              </value>
            </param>
          </params>
          <reporter-output>
          </reporter-output>
        </test-method> <!-- springTestContextAfterTestMethod -->
        <test-method is-config="true" signature="springTestContextBeforeTestMethod(java.lang.reflect.Method)[pri:0, instance:com.tpg.automation.inventory.DashboardApiTests@590c73d3]" started-at="2026-03-18T12:32:45 IST" name="springTestContextBeforeTestMethod" finished-at="2026-03-18T12:32:45 IST" duration-ms="1" status="PASS">
          <params>
            <param index="0">
              <value>
                <![CDATA[public void com.tpg.automation.inventory.DashboardApiTests.testOfflineDevicesAreFetchedSeparately()]]>
              </value>
            </param>
          </params>
          <reporter-output>
          </reporter-output>
        </test-method> <!-- springTestContextBeforeTestMethod -->
        <test-method is-config="true" signature="beforeMethodSetup(java.lang.reflect.Method)[pri:0, instance:com.tpg.automation.inventory.DashboardApiTests@590c73d3]" started-at="2026-03-18T12:32:45 IST" name="beforeMethodSetup" finished-at="2026-03-18T12:32:45 IST" duration-ms="1" status="PASS">
          <params>
            <param index="0">
              <value>
                <![CDATA[public void com.tpg.automation.inventory.DashboardApiTests.testOfflineDevicesAreFetchedSeparately()]]>
              </value>
            </param>
          </params>
          <reporter-output>
          </reporter-output>
        </test-method> <!-- beforeMethodSetup -->
        <test-method signature="testOfflineDevicesAreFetchedSeparately()[pri:0, instance:com.tpg.automation.inventory.DashboardApiTests@590c73d3]" started-at="2026-03-18T12:32:45 IST" name="testOfflineDevicesAreFetchedSeparately" finished-at="2026-03-18T12:32:45 IST" duration-ms="0" status="SKIP">
          <exception class="com.tpg.exceptions.NovusConfigException">
            <message>
              <![CDATA[java.io.FileNotFoundException: /Users/ajaykumar.yadav/HLM-QA/novus-example-tests/src/test/resources/screenshots/DashboardApiTests_testAuditLogsAreFetchedForAlertsPanel1773817365503.jpg (No such file or directory)]]>
            </message>
            <full-stacktrace>
              <![CDATA[com.tpg.exceptions.NovusConfigException: java.io.FileNotFoundException: /Users/ajaykumar.yadav/HLM-QA/novus-example-tests/src/test/resources/screenshots/DashboardApiTests_testAuditLogsAreFetchedForAlertsPanel1773817365503.jpg (No such file or directory)
at com.tpg.services.NovusReportingService.base64(NovusReportingService.java:179)
at com.tpg.services.NovusReportingService.attachResult(NovusReportingService.java:121)
at com.tpg.NovusGuiTestBase.afterMethodSetup(NovusGuiTestBase.java:75)
at java.base/jdk.internal.reflect.DirectMethodHandleAccessor.invoke(DirectMethodHandleAccessor.java:104)
at java.base/java.lang.reflect.Method.invoke(Method.java:565)
at org.testng.internal.invokers.MethodInvocationHelper.invokeMethod(MethodInvocationHelper.java:141)
at org.testng.internal.invokers.MethodInvocationHelper.invokeMethodConsideringTimeout(MethodInvocationHelper.java:71)
at org.testng.internal.invokers.ConfigInvoker.invokeConfigurationMethod(ConfigInvoker.java:400)
at org.testng.internal.invokers.ConfigInvoker.invokeConfigurations(ConfigInvoker.java:333)
at org.testng.internal.invokers.TestInvoker.runConfigMethods(TestInvoker.java:833)
at org.testng.internal.invokers.TestInvoker.runAfterConfigurations(TestInvoker.java:802)
at org.testng.internal.invokers.TestInvoker.invokeMethod(TestInvoker.java:778)
at org.testng.internal.invokers.TestInvoker.invokeTestMethod(TestInvoker.java:230)
at org.testng.internal.invokers.MethodRunner.runInSequence(MethodRunner.java:63)
at org.testng.internal.invokers.TestInvoker$MethodInvocationAgent.invoke(TestInvoker.java:992)
at org.testng.internal.invokers.TestInvoker.invokeTestMethods(TestInvoker.java:203)
at org.testng.internal.invokers.TestMethodWorker.invokeTestMethods(TestMethodWorker.java:154)
at org.testng.internal.invokers.TestMethodWorker.run(TestMethodWorker.java:134)
at java.base/java.util.ArrayList.forEach(ArrayList.java:1604)
at org.testng.TestRunner.privateRun(TestRunner.java:739)
at org.testng.TestRunner.run(TestRunner.java:614)
at org.testng.SuiteRunner.runTest(SuiteRunner.java:421)
at org.testng.SuiteRunner.runSequentially(SuiteRunner.java:413)
at org.testng.SuiteRunner.privateRun(SuiteRunner.java:373)
at org.testng.SuiteRunner.run(SuiteRunner.java:312)
at org.testng.SuiteRunnerWorker.runSuite(SuiteRunnerWorker.java:52)
at org.testng.SuiteRunnerWorker.run(SuiteRunnerWorker.java:95)
at org.testng.TestNG.runSuitesSequentially(TestNG.java:1274)
at org.testng.TestNG.runSuitesLocally(TestNG.java:1208)
at org.testng.TestNG.runSuites(TestNG.java:1112)
at org.testng.TestNG.run(TestNG.java:1079)
at org.apache.maven.surefire.testng.TestNGExecutor.run(TestNGExecutor.java:308)
at org.apache.maven.surefire.testng.TestNGXmlTestSuite.execute(TestNGXmlTestSuite.java:71)
at org.apache.maven.surefire.testng.TestNGProvider.invoke(TestNGProvider.java:113)
at org.apache.maven.surefire.booter.ForkedBooter.runSuitesInProcess(ForkedBooter.java:385)
at org.apache.maven.surefire.booter.ForkedBooter.execute(ForkedBooter.java:162)
at org.apache.maven.surefire.booter.ForkedBooter.run(ForkedBooter.java:507)
at org.apache.maven.surefire.booter.ForkedBooter.main(ForkedBooter.java:495)
Caused by: java.io.FileNotFoundException: /Users/ajaykumar.yadav/HLM-QA/novus-example-tests/src/test/resources/screenshots/DashboardApiTests_testAuditLogsAreFetchedForAlertsPanel1773817365503.jpg (No such file or directory)
at java.base/java.io.FileInputStream.open0(Native Method)
at java.base/java.io.FileInputStream.open(FileInputStream.java:185)
at java.base/java.io.FileInputStream.<init>(FileInputStream.java:139)
at com.tpg.services.NovusReportingService.base64(NovusReportingService.java:174)
... 37 more
]]>
            </full-stacktrace>
          </exception> <!-- com.tpg.exceptions.NovusConfigException -->
          <reporter-output>
          </reporter-output>
        </test-method> <!-- testOfflineDevicesAreFetchedSeparately -->
        <test-method is-config="true" signature="afterMethodSetup(org.testng.ITestResult)[pri:0, instance:com.tpg.automation.inventory.DashboardApiTests@590c73d3]" started-at="2026-03-18T12:32:45 IST" name="afterMethodSetup" finished-at="2026-03-18T12:32:45 IST" duration-ms="1" status="PASS">
          <params>
            <param index="0">
              <value>
                <![CDATA[[TestResult name=testOfflineDevicesAreFetchedSeparately status=SKIP method=DashboardApiTests.testOfflineDevicesAreFetchedSeparately()[pri:0, instance:com.tpg.automation.inventory.DashboardApiTests@590c73d3] output={null}]]]>
              </value>
            </param>
          </params>
          <reporter-output>
          </reporter-output>
        </test-method> <!-- afterMethodSetup -->
        <test-method is-config="true" signature="springTestContextAfterTestMethod(java.lang.reflect.Method)[pri:0, instance:com.tpg.automation.inventory.DashboardApiTests@590c73d3]" started-at="2026-03-18T12:32:45 IST" name="springTestContextAfterTestMethod" finished-at="2026-03-18T12:32:45 IST" duration-ms="1" status="PASS">
          <params>
            <param index="0">
              <value>
                <![CDATA[public void com.tpg.automation.inventory.DashboardApiTests.testOfflineDevicesAreFetchedSeparately()]]>
              </value>
            </param>
          </params>
          <reporter-output>
          </reporter-output>
        </test-method> <!-- springTestContextAfterTestMethod -->
        <test-method is-config="true" signature="springTestContextBeforeTestMethod(java.lang.reflect.Method)[pri:0, instance:com.tpg.automation.inventory.DashboardApiTests@590c73d3]" started-at="2026-03-18T12:32:45 IST" name="springTestContextBeforeTestMethod" finished-at="2026-03-18T12:32:45 IST" duration-ms="8" status="PASS">
          <params>
            <param index="0">
              <value>
                <![CDATA[public void com.tpg.automation.inventory.DashboardApiTests.testPendingComplianceRecordsAreFetched()]]>
              </value>
            </param>
          </params>
          <reporter-output>
          </reporter-output>
        </test-method> <!-- springTestContextBeforeTestMethod -->
        <test-method is-config="true" signature="beforeMethodSetup(java.lang.reflect.Method)[pri:0, instance:com.tpg.automation.inventory.DashboardApiTests@590c73d3]" started-at="2026-03-18T12:32:45 IST" name="beforeMethodSetup" finished-at="2026-03-18T12:32:45 IST" duration-ms="7" status="PASS">
          <params>
            <param index="0">
              <value>
                <![CDATA[public void com.tpg.automation.inventory.DashboardApiTests.testPendingComplianceRecordsAreFetched()]]>
              </value>
            </param>
          </params>
          <reporter-output>
          </reporter-output>
        </test-method> <!-- beforeMethodSetup -->
        <test-method signature="testPendingComplianceRecordsAreFetched()[pri:0, instance:com.tpg.automation.inventory.DashboardApiTests@590c73d3]" started-at="2026-03-18T12:32:45 IST" name="testPendingComplianceRecordsAreFetched" finished-at="2026-03-18T12:32:45 IST" duration-ms="1" status="SKIP">
          <exception class="com.tpg.exceptions.NovusConfigException">
            <message>
              <![CDATA[java.io.FileNotFoundException: /Users/ajaykumar.yadav/HLM-QA/novus-example-tests/src/test/resources/screenshots/DashboardApiTests_testAuditLogsAreFetchedForAlertsPanel1773817365503.jpg (No such file or directory)]]>
            </message>
            <full-stacktrace>
              <![CDATA[com.tpg.exceptions.NovusConfigException: java.io.FileNotFoundException: /Users/ajaykumar.yadav/HLM-QA/novus-example-tests/src/test/resources/screenshots/DashboardApiTests_testAuditLogsAreFetchedForAlertsPanel1773817365503.jpg (No such file or directory)
at com.tpg.services.NovusReportingService.base64(NovusReportingService.java:179)
at com.tpg.services.NovusReportingService.attachResult(NovusReportingService.java:121)
at com.tpg.NovusGuiTestBase.afterMethodSetup(NovusGuiTestBase.java:75)
at java.base/jdk.internal.reflect.DirectMethodHandleAccessor.invoke(DirectMethodHandleAccessor.java:104)
at java.base/java.lang.reflect.Method.invoke(Method.java:565)
at org.testng.internal.invokers.MethodInvocationHelper.invokeMethod(MethodInvocationHelper.java:141)
at org.testng.internal.invokers.MethodInvocationHelper.invokeMethodConsideringTimeout(MethodInvocationHelper.java:71)
at org.testng.internal.invokers.ConfigInvoker.invokeConfigurationMethod(ConfigInvoker.java:400)
at org.testng.internal.invokers.ConfigInvoker.invokeConfigurations(ConfigInvoker.java:333)
at org.testng.internal.invokers.TestInvoker.runConfigMethods(TestInvoker.java:833)
at org.testng.internal.invokers.TestInvoker.runAfterConfigurations(TestInvoker.java:802)
at org.testng.internal.invokers.TestInvoker.invokeMethod(TestInvoker.java:778)
at org.testng.internal.invokers.TestInvoker.invokeTestMethod(TestInvoker.java:230)
at org.testng.internal.invokers.MethodRunner.runInSequence(MethodRunner.java:63)
at org.testng.internal.invokers.TestInvoker$MethodInvocationAgent.invoke(TestInvoker.java:992)
at org.testng.internal.invokers.TestInvoker.invokeTestMethods(TestInvoker.java:203)
at org.testng.internal.invokers.TestMethodWorker.invokeTestMethods(TestMethodWorker.java:154)
at org.testng.internal.invokers.TestMethodWorker.run(TestMethodWorker.java:134)
at java.base/java.util.ArrayList.forEach(ArrayList.java:1604)
at org.testng.TestRunner.privateRun(TestRunner.java:739)
at org.testng.TestRunner.run(TestRunner.java:614)
at org.testng.SuiteRunner.runTest(SuiteRunner.java:421)
at org.testng.SuiteRunner.runSequentially(SuiteRunner.java:413)
at org.testng.SuiteRunner.privateRun(SuiteRunner.java:373)
at org.testng.SuiteRunner.run(SuiteRunner.java:312)
at org.testng.SuiteRunnerWorker.runSuite(SuiteRunnerWorker.java:52)
at org.testng.SuiteRunnerWorker.run(SuiteRunnerWorker.java:95)
at org.testng.TestNG.runSuitesSequentially(TestNG.java:1274)
at org.testng.TestNG.runSuitesLocally(TestNG.java:1208)
at org.testng.TestNG.runSuites(TestNG.java:1112)
at org.testng.TestNG.run(TestNG.java:1079)
at org.apache.maven.surefire.testng.TestNGExecutor.run(TestNGExecutor.java:308)
at org.apache.maven.surefire.testng.TestNGXmlTestSuite.execute(TestNGXmlTestSuite.java:71)
at org.apache.maven.surefire.testng.TestNGProvider.invoke(TestNGProvider.java:113)
at org.apache.maven.surefire.booter.ForkedBooter.runSuitesInProcess(ForkedBooter.java:385)
at org.apache.maven.surefire.booter.ForkedBooter.execute(ForkedBooter.java:162)
at org.apache.maven.surefire.booter.ForkedBooter.run(ForkedBooter.java:507)
at org.apache.maven.surefire.booter.ForkedBooter.main(ForkedBooter.java:495)
Caused by: java.io.FileNotFoundException: /Users/ajaykumar.yadav/HLM-QA/novus-example-tests/src/test/resources/screenshots/DashboardApiTests_testAuditLogsAreFetchedForAlertsPanel1773817365503.jpg (No such file or directory)
at java.base/java.io.FileInputStream.open0(Native Method)
at java.base/java.io.FileInputStream.open(FileInputStream.java:185)
at java.base/java.io.FileInputStream.<init>(FileInputStream.java:139)
at com.tpg.services.NovusReportingService.base64(NovusReportingService.java:174)
... 37 more
]]>
            </full-stacktrace>
          </exception> <!-- com.tpg.exceptions.NovusConfigException -->
          <reporter-output>
          </reporter-output>
        </test-method> <!-- testPendingComplianceRecordsAreFetched -->
        <test-method is-config="true" signature="afterMethodSetup(org.testng.ITestResult)[pri:0, instance:com.tpg.automation.inventory.DashboardApiTests@590c73d3]" started-at="2026-03-18T12:32:45 IST" name="afterMethodSetup" finished-at="2026-03-18T12:32:45 IST" duration-ms="1" status="PASS">
          <params>
            <param index="0">
              <value>
                <![CDATA[[TestResult name=testPendingComplianceRecordsAreFetched status=SKIP method=DashboardApiTests.testPendingComplianceRecordsAreFetched()[pri:0, instance:com.tpg.automation.inventory.DashboardApiTests@590c73d3] output={null}]]]>
              </value>
            </param>
          </params>
          <reporter-output>
          </reporter-output>
        </test-method> <!-- afterMethodSetup -->
        <test-method is-config="true" signature="springTestContextAfterTestMethod(java.lang.reflect.Method)[pri:0, instance:com.tpg.automation.inventory.DashboardApiTests@590c73d3]" started-at="2026-03-18T12:32:45 IST" name="springTestContextAfterTestMethod" finished-at="2026-03-18T12:32:45 IST" duration-ms="1" status="PASS">
          <params>
            <param index="0">
              <value>
                <![CDATA[public void com.tpg.automation.inventory.DashboardApiTests.testPendingComplianceRecordsAreFetched()]]>
              </value>
            </param>
          </params>
          <reporter-output>
          </reporter-output>
        </test-method> <!-- springTestContextAfterTestMethod -->
        <test-method is-config="true" signature="springTestContextBeforeTestMethod(java.lang.reflect.Method)[pri:0, instance:com.tpg.automation.inventory.DashboardApiTests@590c73d3]" started-at="2026-03-18T12:32:45 IST" name="springTestContextBeforeTestMethod" finished-at="2026-03-18T12:32:45 IST" duration-ms="0" status="PASS">
          <params>
            <param index="0">
              <value>
                <![CDATA[public void com.tpg.automation.inventory.DashboardApiTests.testPendingFirmwareRecordsAreFetched()]]>
              </value>
            </param>
          </params>
          <reporter-output>
          </reporter-output>
        </test-method> <!-- springTestContextBeforeTestMethod -->
        <test-method is-config="true" signature="beforeMethodSetup(java.lang.reflect.Method)[pri:0, instance:com.tpg.automation.inventory.DashboardApiTests@590c73d3]" started-at="2026-03-18T12:32:45 IST" name="beforeMethodSetup" finished-at="2026-03-18T12:32:45 IST" duration-ms="2" status="PASS">
          <params>
            <param index="0">
              <value>
                <![CDATA[public void com.tpg.automation.inventory.DashboardApiTests.testPendingFirmwareRecordsAreFetched()]]>
              </value>
            </param>
          </params>
          <reporter-output>
          </reporter-output>
        </test-method> <!-- beforeMethodSetup -->
        <test-method signature="testPendingFirmwareRecordsAreFetched()[pri:0, instance:com.tpg.automation.inventory.DashboardApiTests@590c73d3]" started-at="2026-03-18T12:32:45 IST" name="testPendingFirmwareRecordsAreFetched" finished-at="2026-03-18T12:32:45 IST" duration-ms="0" status="SKIP">
          <exception class="com.tpg.exceptions.NovusConfigException">
            <message>
              <![CDATA[java.io.FileNotFoundException: /Users/ajaykumar.yadav/HLM-QA/novus-example-tests/src/test/resources/screenshots/DashboardApiTests_testAuditLogsAreFetchedForAlertsPanel1773817365503.jpg (No such file or directory)]]>
            </message>
            <full-stacktrace>
              <![CDATA[com.tpg.exceptions.NovusConfigException: java.io.FileNotFoundException: /Users/ajaykumar.yadav/HLM-QA/novus-example-tests/src/test/resources/screenshots/DashboardApiTests_testAuditLogsAreFetchedForAlertsPanel1773817365503.jpg (No such file or directory)
at com.tpg.services.NovusReportingService.base64(NovusReportingService.java:179)
at com.tpg.services.NovusReportingService.attachResult(NovusReportingService.java:121)
at com.tpg.NovusGuiTestBase.afterMethodSetup(NovusGuiTestBase.java:75)
at java.base/jdk.internal.reflect.DirectMethodHandleAccessor.invoke(DirectMethodHandleAccessor.java:104)
at java.base/java.lang.reflect.Method.invoke(Method.java:565)
at org.testng.internal.invokers.MethodInvocationHelper.invokeMethod(MethodInvocationHelper.java:141)
at org.testng.internal.invokers.MethodInvocationHelper.invokeMethodConsideringTimeout(MethodInvocationHelper.java:71)
at org.testng.internal.invokers.ConfigInvoker.invokeConfigurationMethod(ConfigInvoker.java:400)
at org.testng.internal.invokers.ConfigInvoker.invokeConfigurations(ConfigInvoker.java:333)
at org.testng.internal.invokers.TestInvoker.runConfigMethods(TestInvoker.java:833)
at org.testng.internal.invokers.TestInvoker.runAfterConfigurations(TestInvoker.java:802)
at org.testng.internal.invokers.TestInvoker.invokeMethod(TestInvoker.java:778)
at org.testng.internal.invokers.TestInvoker.invokeTestMethod(TestInvoker.java:230)
at org.testng.internal.invokers.MethodRunner.runInSequence(MethodRunner.java:63)
at org.testng.internal.invokers.TestInvoker$MethodInvocationAgent.invoke(TestInvoker.java:992)
at org.testng.internal.invokers.TestInvoker.invokeTestMethods(TestInvoker.java:203)
at org.testng.internal.invokers.TestMethodWorker.invokeTestMethods(TestMethodWorker.java:154)
at org.testng.internal.invokers.TestMethodWorker.run(TestMethodWorker.java:134)
at java.base/java.util.ArrayList.forEach(ArrayList.java:1604)
at org.testng.TestRunner.privateRun(TestRunner.java:739)
at org.testng.TestRunner.run(TestRunner.java:614)
at org.testng.SuiteRunner.runTest(SuiteRunner.java:421)
at org.testng.SuiteRunner.runSequentially(SuiteRunner.java:413)
at org.testng.SuiteRunner.privateRun(SuiteRunner.java:373)
at org.testng.SuiteRunner.run(SuiteRunner.java:312)
at org.testng.SuiteRunnerWorker.runSuite(SuiteRunnerWorker.java:52)
at org.testng.SuiteRunnerWorker.run(SuiteRunnerWorker.java:95)
at org.testng.TestNG.runSuitesSequentially(TestNG.java:1274)
at org.testng.TestNG.runSuitesLocally(TestNG.java:1208)
at org.testng.TestNG.runSuites(TestNG.java:1112)
at org.testng.TestNG.run(TestNG.java:1079)
at org.apache.maven.surefire.testng.TestNGExecutor.run(TestNGExecutor.java:308)
at org.apache.maven.surefire.testng.TestNGXmlTestSuite.execute(TestNGXmlTestSuite.java:71)
at org.apache.maven.surefire.testng.TestNGProvider.invoke(TestNGProvider.java:113)
at org.apache.maven.surefire.booter.ForkedBooter.runSuitesInProcess(ForkedBooter.java:385)
at org.apache.maven.surefire.booter.ForkedBooter.execute(ForkedBooter.java:162)
at org.apache.maven.surefire.booter.ForkedBooter.run(ForkedBooter.java:507)
at org.apache.maven.surefire.booter.ForkedBooter.main(ForkedBooter.java:495)
Caused by: java.io.FileNotFoundException: /Users/ajaykumar.yadav/HLM-QA/novus-example-tests/src/test/resources/screenshots/DashboardApiTests_testAuditLogsAreFetchedForAlertsPanel1773817365503.jpg (No such file or directory)
at java.base/java.io.FileInputStream.open0(Native Method)
at java.base/java.io.FileInputStream.open(FileInputStream.java:185)
at java.base/java.io.FileInputStream.<init>(FileInputStream.java:139)
at com.tpg.services.NovusReportingService.base64(NovusReportingService.java:174)
... 37 more
]]>
            </full-stacktrace>
          </exception> <!-- com.tpg.exceptions.NovusConfigException -->
          <reporter-output>
          </reporter-output>
        </test-method> <!-- testPendingFirmwareRecordsAreFetched -->
        <test-method is-config="true" signature="afterMethodSetup(org.testng.ITestResult)[pri:0, instance:com.tpg.automation.inventory.DashboardApiTests@590c73d3]" started-at="2026-03-18T12:32:45 IST" name="afterMethodSetup" finished-at="2026-03-18T12:32:45 IST" duration-ms="1" status="PASS">
          <params>
            <param index="0">
              <value>
                <![CDATA[[TestResult name=testPendingFirmwareRecordsAreFetched status=SKIP method=DashboardApiTests.testPendingFirmwareRecordsAreFetched()[pri:0, instance:com.tpg.automation.inventory.DashboardApiTests@590c73d3] output={null}]]]>
              </value>
            </param>
          </params>
          <reporter-output>
          </reporter-output>
        </test-method> <!-- afterMethodSetup -->
        <test-method is-config="true" signature="springTestContextAfterTestMethod(java.lang.reflect.Method)[pri:0, instance:com.tpg.automation.inventory.DashboardApiTests@590c73d3]" started-at="2026-03-18T12:32:45 IST" name="springTestContextAfterTestMethod" finished-at="2026-03-18T12:32:45 IST" duration-ms="2" status="PASS">
          <params>
            <param index="0">
              <value>
                <![CDATA[public void com.tpg.automation.inventory.DashboardApiTests.testPendingFirmwareRecordsAreFetched()]]>
              </value>
            </param>
          </params>
          <reporter-output>
          </reporter-output>
        </test-method> <!-- springTestContextAfterTestMethod -->
        <test-method is-config="true" signature="springTestContextBeforeTestMethod(java.lang.reflect.Method)[pri:0, instance:com.tpg.automation.inventory.DashboardApiTests@590c73d3]" started-at="2026-03-18T12:32:45 IST" name="springTestContextBeforeTestMethod" finished-at="2026-03-18T12:32:45 IST" duration-ms="2" status="PASS">
          <params>
            <param index="0">
              <value>
                <![CDATA[public void com.tpg.automation.inventory.DashboardApiTests.testQuickActionBadgesAreVisibleWhenCountIsGreaterThanZero()]]>
              </value>
            </param>
          </params>
          <reporter-output>
          </reporter-output>
        </test-method> <!-- springTestContextBeforeTestMethod -->
        <test-method is-config="true" signature="beforeMethodSetup(java.lang.reflect.Method)[pri:0, instance:com.tpg.automation.inventory.DashboardApiTests@590c73d3]" started-at="2026-03-18T12:32:45 IST" name="beforeMethodSetup" finished-at="2026-03-18T12:32:45 IST" duration-ms="1" status="PASS">
          <params>
            <param index="0">
              <value>
[...]
at org.testng.SuiteRunner.privateRun(SuiteRunner.java:373)
at org.testng.SuiteRunner.run(SuiteRunner.java:312)
at org.testng.SuiteRunnerWorker.runSuite(SuiteRunnerWorker.java:52)
at org.testng.SuiteRunnerWorker.run(SuiteRunnerWorker.java:95)
at org.testng.TestNG.runSuitesSequentially(TestNG.java:1274)
at org.testng.TestNG.runSuitesLocally(TestNG.java:1208)
at org.testng.TestNG.runSuites(TestNG.java:1112)
at org.testng.TestNG.run(TestNG.java:1079)
at org.apache.maven.surefire.testng.TestNGExecutor.run(TestNGExecutor.java:308)
at org.apache.maven.surefire.testng.TestNGXmlTestSuite.execute(TestNGXmlTestSuite.java:71)
at org.apache.maven.surefire.testng.TestNGProvider.invoke(TestNGProvider.java:113)
at org.apache.maven.surefire.booter.ForkedBooter.runSuitesInProcess(ForkedBooter.java:385)
at org.apache.maven.surefire.booter.ForkedBooter.execute(ForkedBooter.java:162)
at org.apache.maven.surefire.booter.ForkedBooter.run(ForkedBooter.java:507)
at org.apache.maven.surefire.booter.ForkedBooter.main(ForkedBooter.java:495)
Caused by: java.io.FileNotFoundException: /Users/ajaykumar.yadav/HLM-QA/novus-example-tests/src/test/resources/screenshots/DashboardApiTests_testAuditLogsAreFetchedForAlertsPanel1773817365503.jpg (No such file or directory)
at java.base/java.io.FileInputStream.open0(Native Method)
at java.base/java.io.FileInputStream.open(FileInputStream.java:185)
at java.base/java.io.FileInputStream.<init>(FileInputStream.java:139)
at com.tpg.services.NovusReportingService.base64(NovusReportingService.java:174)
... 37 more
]]>
            </full-stacktrace>
          </exception> <!-- com.tpg.exceptions.NovusConfigException -->
          <reporter-output>
          </reporter-output>
        </test-method> <!-- testSystemStatusHealthPercentagesUpdateFromLiveKpiData -->
        <test-method is-config="true" signature="afterMethodSetup(org.testng.ITestResult)[pri:0, instance:com.tpg.automation.inventory.DashboardApiTests@590c73d3]" started-at="2026-03-18T12:32:45 IST" name="afterMethodSetup" finished-at="2026-03-18T12:32:45 IST" duration-ms="1" status="PASS">
          <params>
            <param index="0">
              <value>
                <![CDATA[[TestResult name=testSystemStatusHealthPercentagesUpdateFromLiveKpiData status=SKIP method=DashboardApiTests.testSystemStatusHealthPercentagesUpdateFromLiveKpiData()[pri:0, instance:com.tpg.automation.inventory.DashboardApiTests@590c73d3] output={null}]]]>
              </value>
            </param>
          </params>
          <reporter-output>
          </reporter-output>
        </test-method> <!-- afterMethodSetup -->
        <test-method is-config="true" signature="springTestContextAfterTestMethod(java.lang.reflect.Method)[pri:0, instance:com.tpg.automation.inventory.DashboardApiTests@590c73d3]" started-at="2026-03-18T12:32:45 IST" name="springTestContextAfterTestMethod" finished-at="2026-03-18T12:32:45 IST" duration-ms="2" status="PASS">
          <params>
            <param index="0">
              <value>
                <![CDATA[public void com.tpg.automation.inventory.DashboardApiTests.testSystemStatusHealthPercentagesUpdateFromLiveKpiData()]]>
              </value>
            </param>
          </params>
          <reporter-output>
          </reporter-output>
        </test-method> <!-- springTestContextAfterTestMethod -->
        <test-method is-config="true" signature="springTestContextBeforeTestMethod(java.lang.reflect.Method)[pri:0, instance:com.tpg.automation.inventory.DashboardApiTests@590c73d3]" started-at="2026-03-18T12:32:45 IST" name="springTestContextBeforeTestMethod" finished-at="2026-03-18T12:32:45 IST" duration-ms="2" status="PASS">
          <params>
            <param index="0">
              <value>
                <![CDATA[public void com.tpg.automation.inventory.DashboardApiTests.testSystemStatusOperationalAndDegradedLabels()]]>
              </value>
            </param>
          </params>
          <reporter-output>
          </reporter-output>
        </test-method> <!-- springTestContextBeforeTestMethod -->
        <test-method is-config="true" signature="beforeMethodSetup(java.lang.reflect.Method)[pri:0, instance:com.tpg.automation.inventory.DashboardApiTests@590c73d3]" started-at="2026-03-18T12:32:45 IST" name="beforeMethodSetup" finished-at="2026-03-18T12:32:45 IST" duration-ms="2" status="PASS">
          <params>
            <param index="0">
              <value>
                <![CDATA[public void com.tpg.automation.inventory.DashboardApiTests.testSystemStatusOperationalAndDegradedLabels()]]>
              </value>
            </param>
          </params>
          <reporter-output>
          </reporter-output>
        </test-method> <!-- beforeMethodSetup -->
        <test-method signature="testSystemStatusOperationalAndDegradedLabels()[pri:0, instance:com.tpg.automation.inventory.DashboardApiTests@590c73d3]" started-at="2026-03-18T12:32:45 IST" name="testSystemStatusOperationalAndDegradedLabels" finished-at="2026-03-18T12:32:45 IST" duration-ms="0" status="SKIP">
          <exception class="com.tpg.exceptions.NovusConfigException">
            <message>
              <![CDATA[java.io.FileNotFoundException: /Users/ajaykumar.yadav/HLM-QA/novus-example-tests/src/test/resources/screenshots/DashboardApiTests_testAuditLogsAreFetchedForAlertsPanel1773817365503.jpg (No such file or directory)]]>
            </message>
            <full-stacktrace>
              <![CDATA[com.tpg.exceptions.NovusConfigException: java.io.FileNotFoundException: /Users/ajaykumar.yadav/HLM-QA/novus-example-tests/src/test/resources/screenshots/DashboardApiTests_testAuditLogsAreFetchedForAlertsPanel1773817365503.jpg (No such file or directory)
at com.tpg.services.NovusReportingService.base64(NovusReportingService.java:179)
at com.tpg.services.NovusReportingService.attachResult(NovusReportingService.java:121)
at com.tpg.NovusGuiTestBase.afterMethodSetup(NovusGuiTestBase.java:75)
at java.base/jdk.internal.reflect.DirectMethodHandleAccessor.invoke(DirectMethodHandleAccessor.java:104)
at java.base/java.lang.reflect.Method.invoke(Method.java:565)
at org.testng.internal.invokers.MethodInvocationHelper.invokeMethod(MethodInvocationHelper.java:141)
at org.testng.internal.invokers.MethodInvocationHelper.invokeMethodConsideringTimeout(MethodInvocationHelper.java:71)
at org.testng.internal.invokers.ConfigInvoker.invokeConfigurationMethod(ConfigInvoker.java:400)
at org.testng.internal.invokers.ConfigInvoker.invokeConfigurations(ConfigInvoker.java:333)
at org.testng.internal.invokers.TestInvoker.runConfigMethods(TestInvoker.java:833)
at org.testng.internal.invokers.TestInvoker.runAfterConfigurations(TestInvoker.java:802)
at org.testng.internal.invokers.TestInvoker.invokeMethod(TestInvoker.java:778)
at org.testng.internal.invokers.TestInvoker.invokeTestMethod(TestInvoker.java:230)
at org.testng.internal.invokers.MethodRunner.runInSequence(MethodRunner.java:63)
at org.testng.internal.invokers.TestInvoker$MethodInvocationAgent.invoke(TestInvoker.java:992)
at org.testng.internal.invokers.TestInvoker.invokeTestMethods(TestInvoker.java:203)
at org.testng.internal.invokers.TestMethodWorker.invokeTestMethods(TestMethodWorker.java:154)
at org.testng.internal.invokers.TestMethodWorker.run(TestMethodWorker.java:134)
at java.base/java.util.ArrayList.forEach(ArrayList.java:1604)
at org.testng.TestRunner.privateRun(TestRunner.java:739)
at org.testng.TestRunner.run(TestRunner.java:614)
at org.testng.SuiteRunner.runTest(SuiteRunner.java:421)
at org.testng.SuiteRunner.runSequentially(SuiteRunner.java:413)
at org.testng.SuiteRunner.privateRun(SuiteRunner.java:373)
at org.testng.SuiteRunner.run(SuiteRunner.java:312)
at org.testng.SuiteRunnerWorker.runSuite(SuiteRunnerWorker.java:52)
at org.testng.SuiteRunnerWorker.run(SuiteRunnerWorker.java:95)
at org.testng.TestNG.runSuitesSequentially(TestNG.java:1274)
at org.testng.TestNG.runSuitesLocally(TestNG.java:1208)
at org.testng.TestNG.runSuites(TestNG.java:1112)
at org.testng.TestNG.run(TestNG.java:1079)
at org.apache.maven.surefire.testng.TestNGExecutor.run(TestNGExecutor.java:308)
at org.apache.maven.surefire.testng.TestNGXmlTestSuite.execute(TestNGXmlTestSuite.java:71)
at org.apache.maven.surefire.testng.TestNGProvider.invoke(TestNGProvider.java:113)
at org.apache.maven.surefire.booter.ForkedBooter.runSuitesInProcess(ForkedBooter.java:385)
at org.apache.maven.surefire.booter.ForkedBooter.execute(ForkedBooter.java:162)
at org.apache.maven.surefire.booter.ForkedBooter.run(ForkedBooter.java:507)
at org.apache.maven.surefire.booter.ForkedBooter.main(ForkedBooter.java:495)
Caused by: java.io.FileNotFoundException: /Users/ajaykumar.yadav/HLM-QA/novus-example-tests/src/test/resources/screenshots/DashboardApiTests_testAuditLogsAreFetchedForAlertsPanel1773817365503.jpg (No such file or directory)
at java.base/java.io.FileInputStream.open0(Native Method)
at java.base/java.io.FileInputStream.open(FileInputStream.java:185)
at java.base/java.io.FileInputStream.<init>(FileInputStream.java:139)
at com.tpg.services.NovusReportingService.base64(NovusReportingService.java:174)
... 37 more
]]>
            </full-stacktrace>
          </exception> <!-- com.tpg.exceptions.NovusConfigException -->
          <reporter-output>
          </reporter-output>
        </test-method> <!-- testSystemStatusOperationalAndDegradedLabels -->
        <test-method is-config="true" signature="afterMethodSetup(org.testng.ITestResult)[pri:0, instance:com.tpg.automation.inventory.DashboardApiTests@590c73d3]" started-at="2026-03-18T12:32:45 IST" name="afterMethodSetup" finished-at="2026-03-18T12:32:45 IST" duration-ms="0" status="PASS">
          <params>
            <param index="0">
              <value>
                <![CDATA[[TestResult name=testSystemStatusOperationalAndDegradedLabels status=SKIP method=DashboardApiTests.testSystemStatusOperationalAndDegradedLabels()[pri:0, instance:com.tpg.automation.inventory.DashboardApiTests@590c73d3] output={null}]]]>
              </value>
            </param>
          </params>
          <reporter-output>
          </reporter-output>
        </test-method> <!-- afterMethodSetup -->
        <test-method is-config="true" signature="springTestContextAfterTestMethod(java.lang.reflect.Method)[pri:0, instance:com.tpg.automation.inventory.DashboardApiTests@590c73d3]" started-at="2026-03-18T12:32:45 IST" name="springTestContextAfterTestMethod" finished-at="2026-03-18T12:32:45 IST" duration-ms="2" status="PASS">
          <params>
            <param index="0">
              <value>
                <![CDATA[public void com.tpg.automation.inventory.DashboardApiTests.testSystemStatusOperationalAndDegradedLabels()]]>
              </value>
            </param>
          </params>
          <reporter-output>
          </reporter-output>
        </test-method> <!-- springTestContextAfterTestMethod -->
        <test-method is-config="true" signature="springTestContextBeforeTestMethod(java.lang.reflect.Method)[pri:0, instance:com.tpg.automation.inventory.DashboardApiTests@590c73d3]" started-at="2026-03-18T12:32:45 IST" name="springTestContextBeforeTestMethod" finished-at="2026-03-18T12:32:45 IST" duration-ms="1" status="PASS">
          <params>
            <param index="0">
              <value>
                <![CDATA[public void com.tpg.automation.inventory.DashboardApiTests.testSystemStatusPanelDisplaysFourServices()]]>
              </value>
            </param>
          </params>
          <reporter-output>
          </reporter-output>
        </test-method> <!-- springTestContextBeforeTestMethod -->
        <test-method is-config="true" signature="beforeMethodSetup(java.lang.reflect.Method)[pri:0, instance:com.tpg.automation.inventory.DashboardApiTests@590c73d3]" started-at="2026-03-18T12:32:45 IST" name="beforeMethodSetup" finished-at="2026-03-18T12:32:45 IST" duration-ms="1" status="PASS">
          <params>
            <param index="0">
              <value>
                <![CDATA[public void com.tpg.automation.inventory.DashboardApiTests.testSystemStatusPanelDisplaysFourServices()]]>
              </value>
            </param>
          </params>
          <reporter-output>
          </reporter-output>
        </test-method> <!-- beforeMethodSetup -->
        <test-method signature="testSystemStatusPanelDisplaysFourServices()[pri:0, instance:com.tpg.automation.inventory.DashboardApiTests@590c73d3]" started-at="2026-03-18T12:32:45 IST" name="testSystemStatusPanelDisplaysFourServices" finished-at="2026-03-18T12:32:45 IST" duration-ms="0" status="SKIP">
          <exception class="com.tpg.exceptions.NovusConfigException">
            <message>
              <![CDATA[java.io.FileNotFoundException: /Users/ajaykumar.yadav/HLM-QA/novus-example-tests/src/test/resources/screenshots/DashboardApiTests_testAuditLogsAreFetchedForAlertsPanel1773817365503.jpg (No such file or directory)]]>
            </message>
            <full-stacktrace>
              <![CDATA[com.tpg.exceptions.NovusConfigException: java.io.FileNotFoundException: /Users/ajaykumar.yadav/HLM-QA/novus-example-tests/src/test/resources/screenshots/DashboardApiTests_testAuditLogsAreFetchedForAlertsPanel1773817365503.jpg (No such file or directory)
at com.tpg.services.NovusReportingService.base64(NovusReportingService.java:179)
at com.tpg.services.NovusReportingService.attachResult(NovusReportingService.java:121)
at com.tpg.NovusGuiTestBase.afterMethodSetup(NovusGuiTestBase.java:75)
at java.base/jdk.internal.reflect.DirectMethodHandleAccessor.invoke(DirectMethodHandleAccessor.java:104)
at java.base/java.lang.reflect.Method.invoke(Method.java:565)
at org.testng.internal.invokers.MethodInvocationHelper.invokeMethod(MethodInvocationHelper.java:141)
at org.testng.internal.invokers.MethodInvocationHelper.invokeMethodConsideringTimeout(MethodInvocationHelper.java:71)
at org.testng.internal.invokers.ConfigInvoker.invokeConfigurationMethod(ConfigInvoker.java:400)
at org.testng.internal.invokers.ConfigInvoker.invokeConfigurations(ConfigInvoker.java:333)
at org.testng.internal.invokers.TestInvoker.runConfigMethods(TestInvoker.java:833)
at org.testng.internal.invokers.TestInvoker.runAfterConfigurations(TestInvoker.java:802)
at org.testng.internal.invokers.TestInvoker.invokeMethod(TestInvoker.java:778)
at org.testng.internal.invokers.TestInvoker.invokeTestMethod(TestInvoker.java:230)
at org.testng.internal.invokers.MethodRunner.runInSequence(MethodRunner.java:63)
at org.testng.internal.invokers.TestInvoker$MethodInvocationAgent.invoke(TestInvoker.java:992)
at org.testng.internal.invokers.TestInvoker.invokeTestMethods(TestInvoker.java:203)
at org.testng.internal.invokers.TestMethodWorker.invokeTestMethods(TestMethodWorker.java:154)
at org.testng.internal.invokers.TestMethodWorker.run(TestMethodWorker.java:134)
at java.base/java.util.ArrayList.forEach(ArrayList.java:1604)
at org.testng.TestRunner.privateRun(TestRunner.java:739)
at org.testng.TestRunner.run(TestRunner.java:614)
at org.testng.SuiteRunner.runTest(SuiteRunner.java:421)
at org.testng.SuiteRunner.runSequentially(SuiteRunner.java:413)
at org.testng.SuiteRunner.privateRun(SuiteRunner.java:373)
at org.testng.SuiteRunner.run(SuiteRunner.java:312)
at org.testng.SuiteRunnerWorker.runSuite(SuiteRunnerWorker.java:52)
at org.testng.SuiteRunnerWorker.run(SuiteRunnerWorker.java:95)
at org.testng.TestNG.runSuitesSequentially(TestNG.java:1274)
at org.testng.TestNG.runSuitesLocally(TestNG.java:1208)
at org.testng.TestNG.runSuites(TestNG.java:1112)
at org.testng.TestNG.run(TestNG.java:1079)
at org.apache.maven.surefire.testng.TestNGExecutor.run(TestNGExecutor.java:308)
at org.apache.maven.surefire.testng.TestNGXmlTestSuite.execute(TestNGXmlTestSuite.java:71)
at org.apache.maven.surefire.testng.TestNGProvider.invoke(TestNGProvider.java:113)
at org.apache.maven.surefire.booter.ForkedBooter.runSuitesInProcess(ForkedBooter.java:385)
at org.apache.maven.surefire.booter.ForkedBooter.execute(ForkedBooter.java:162)
at org.apache.maven.surefire.booter.ForkedBooter.run(ForkedBooter.java:507)
at org.apache.maven.surefire.booter.ForkedBooter.main(ForkedBooter.java:495)
Caused by: java.io.FileNotFoundException: /Users/ajaykumar.yadav/HLM-QA/novus-example-tests/src/test/resources/screenshots/DashboardApiTests_testAuditLogsAreFetchedForAlertsPanel1773817365503.jpg (No such file or directory)
at java.base/java.io.FileInputStream.open0(Native Method)
at java.base/java.io.FileInputStream.open(FileInputStream.java:185)
at java.base/java.io.FileInputStream.<init>(FileInputStream.java:139)
at com.tpg.services.NovusReportingService.base64(NovusReportingService.java:174)
... 37 more
]]>
            </full-stacktrace>
          </exception> <!-- com.tpg.exceptions.NovusConfigException -->
          <reporter-output>
          </reporter-output>
        </test-method> <!-- testSystemStatusPanelDisplaysFourServices -->
        <test-method is-config="true" signature="springTestContextAfterTestMethod(java.lang.reflect.Method)[pri:0, instance:com.tpg.automation.inventory.DashboardApiTests@590c73d3]" started-at="2026-03-18T12:32:45 IST" name="springTestContextAfterTestMethod" finished-at="2026-03-18T12:32:45 IST" duration-ms="2" status="PASS">
          <params>
            <param index="0">
              <value>
                <![CDATA[public void com.tpg.automation.inventory.DashboardApiTests.testSystemStatusPanelDisplaysFourServices()]]>
              </value>
            </param>
          </params>
          <reporter-output>
          </reporter-output>
        </test-method> <!-- springTestContextAfterTestMethod -->
        <test-method is-config="true" signature="afterMethodSetup(org.testng.ITestResult)[pri:0, instance:com.tpg.automation.inventory.DashboardApiTests@590c73d3]" started-at="2026-03-18T12:32:45 IST" name="afterMethodSetup" finished-at="2026-03-18T12:32:45 IST" duration-ms="0" status="PASS">
          <params>
            <param index="0">
              <value>
                <![CDATA[[TestResult name=testSystemStatusPanelDisplaysFourServices status=SKIP method=DashboardApiTests.testSystemStatusPanelDisplaysFourServices()[pri:0, instance:com.tpg.automation.inventory.DashboardApiTests@590c73d3] output={null}]]]>
              </value>
            </param>
          </params>
          <reporter-output>
          </reporter-output>
        </test-method> <!-- afterMethodSetup -->
        <test-method is-config="true" signature="saveReport(org.testng.ITestContext)[pri:0, instance:com.tpg.automation.inventory.DashboardApiTests@590c73d3]" started-at="2026-03-18T12:32:45 IST" name="saveReport" finished-at="2026-03-18T12:32:46 IST" duration-ms="829" status="PASS">
          <params>
            <param index="0">
              <value>
                <![CDATA[org.testng.TestRunner@41be8db9]]>
              </value>
            </param>
          </params>
          <reporter-output>
          </reporter-output>
        </test-method> <!-- saveReport -->
        <test-method is-config="true" signature="springTestContextAfterTestClass()[pri:0, instance:com.tpg.automation.inventory.DashboardApiTests@590c73d3]" started-at="2026-03-18T12:32:46 IST" name="springTestContextAfterTestClass" finished-at="2026-03-18T12:32:46 IST" duration-ms="3" status="PASS">
          <reporter-output>
          </reporter-output>
        </test-method> <!-- springTestContextAfterTestClass -->
        <test-method is-config="true" signature="tearDown()[pri:0, instance:com.tpg.automation.inventory.DashboardApiTests@590c73d3]" started-at="2026-03-18T12:32:46 IST" name="tearDown" finished-at="2026-03-18T12:32:47 IST" duration-ms="409" status="PASS">
          <reporter-output>
          </reporter-output>
        </test-method> <!-- tearDown -->
      </class> <!-- com.tpg.automation.inventory.DashboardApiTests -->
    </test> <!-- Dashboard API Data Layer Tests -->
  </suite> <!-- Inventory Management – Dashboard API Data Layer Tests -->
</testng-results>
