<?xml version="1.0" encoding="UTF-8"?>
<testsuite xmlns:xsi="http://www.w3.org/2001/XMLSchema-instance" xsi:noNamespaceSchemaLocation="https://maven.apache.org/surefire/maven-surefire-plugin/xsd/surefire-test-report-3.0.xsd" version="3.0" name="TestSuite" time="41.849" tests="17" errors="0" skipped="14" failures="2">
  <properties>
[...]
</properties>
  <testcase name="testAllDeviceRecordsAreFetched" classname="com.tpg.automation.inventory.DashboardApiTests" time="5.977">
    <system-out><![CDATA[...
... TestNG 7.10.1 by Cédric Beust (cedric@beust.com)
...


  .   ____          _            __ _ _
 /\\ / ___'_ __ _ _(_)_ __  __ _ \ \ \ \
( ( )\___ | '_ | '_| | '_ \/ _` | \ \ \ \
 \\/  ___)| |_)| | | | | || (_| |  ) ) ) )
  '  |____| .__|_| |_|_| |_\__, | / / / /
 =========|_|==============|___/=/_/_/_/
&amp#27;[32m :: Spring Boot :: &amp#27;[39m              &amp#27;[2m (v3.2.2)&amp#27;[0;39m

&amp#27;[2m2026-03-18T12:32:07.244+05:30&amp#27;[0;39m &amp#27;[32m INFO&amp#27;[0;39m &amp#27;[35m8795&amp#27;[0;39m &amp#27;[2m---&amp#27;[0;39m &amp#27;[2m[           main]&amp#27;[0;39m &amp#27;[2m&amp#27;[0;39m&amp#27;[36mc.t.a.inventory.DashboardApiTests       &amp#27;[0;39m &amp#27;[2m:&amp#27;[0;39m Starting DashboardApiTests using Java 25.0.2 with PID 8795 (/Users/ajaykumar.yadav/HLM-QA/novus-example-tests/target/test-classes started by ajaykumar.yadav in /Users/ajaykumar.yadav/HLM-QA/novus-example-tests)
&amp#27;[2m2026-03-18T12:32:07.247+05:30&amp#27;[0;39m &amp#27;[32mDEBUG&amp#27;[0;39m &amp#27;[35m8795&amp#27;[0;39m &amp#27;[2m---&amp#27;[0;39m &amp#27;[2m[           main]&amp#27;[0;39m &amp#27;[2m&amp#27;[0;39m&amp#27;[36mc.t.a.inventory.DashboardApiTests       &amp#27;[0;39m &amp#27;[2m:&amp#27;[0;39m Running with Spring Boot v3.2.2, Spring v6.1.3
&amp#27;[2m2026-03-18T12:32:07.248+05:30&amp#27;[0;39m &amp#27;[32m INFO&amp#27;[0;39m &amp#27;[35m8795&amp#27;[0;39m &amp#27;[2m---&amp#27;[0;39m &amp#27;[2m[           main]&amp#27;[0;39m &amp#27;[2m&amp#27;[0;39m&amp#27;[36mc.t.a.inventory.DashboardApiTests       &amp#27;[0;39m &amp#27;[2m:&amp#27;[0;39m The following 3 profiles are active: "web", "inventory", "local"
&amp#27;[2m2026-03-18T12:32:08.898+05:30&amp#27;[0;39m &amp#27;[32m INFO&amp#27;[0;39m &amp#27;[35m8795&amp#27;[0;39m &amp#27;[2m---&amp#27;[0;39m &amp#27;[2m[           main]&amp#27;[0;39m &amp#27;[2m&amp#27;[0;39m&amp#27;[36mc.t.a.inventory.DashboardApiTests       &amp#27;[0;39m &amp#27;[2m:&amp#27;[0;39m Started DashboardApiTests in 2.055 seconds (process running for 3.739)
&amp#27;[2m2026-03-18T12:32:10.074+05:30&amp#27;[0;39m &amp#27;[32mDEBUG&amp#27;[0;39m &amp#27;[35m8795&amp#27;[0;39m &amp#27;[2m---&amp#27;[0;39m &amp#27;[2m[           main]&amp#27;[0;39m &amp#27;[2m&amp#27;[0;39m&amp#27;[36mjava.lang.ProcessBuilder                &amp#27;[0;39m &amp#27;[2m:&amp#27;[0;39m ProcessBuilder.start(): pid: 8805, dir: null, cmd: "/var/folders/w6/s41bzs6n2psd5qsjq2blvpzshv4h5g/T/playwright-java-6327222080362160730/node"

java.lang.RuntimeException: ProcessBuilder.start() debug
	at java.base/java.lang.ProcessBuilder.start(ProcessBuilder.java:1099) ~[na:na]
	at java.base/java.lang.ProcessBuilder.start(ProcessBuilder.java:1046) ~[na:na]
	at com.microsoft.playwright.impl.driver.jar.DriverJar.installBrowsers(DriverJar.java:92) ~[driver-bundle-1.44.0.jar:1.44.0]
	at com.microsoft.playwright.impl.driver.jar.DriverJar.initialize(DriverJar.java:68) ~[driver-bundle-1.44.0.jar:1.44.0]
	at com.microsoft.playwright.impl.driver.Driver.initialize(Driver.java:64) ~[driver-1.44.0.jar:1.44.0]
	at com.microsoft.playwright.impl.driver.Driver.createAndInstall(Driver.java:101) ~[driver-1.44.0.jar:1.44.0]
	at com.microsoft.playwright.impl.driver.Driver.ensureDriverInstalled(Driver.java:57) ~[driver-1.44.0.jar:1.44.0]
	at com.microsoft.playwright.impl.PlaywrightImpl.createImpl(PlaywrightImpl.java:46) ~[playwright-1.44.0.jar:1.44.0]
	at com.microsoft.playwright.impl.PlaywrightImpl.create(PlaywrightImpl.java:36) ~[playwright-1.44.0.jar:1.44.0]
	at com.microsoft.playwright.Playwright.create(Playwright.java:110) ~[playwright-1.44.0.jar:1.44.0]
	at com.microsoft.playwright.Playwright.create(Playwright.java:114) ~[playwright-1.44.0.jar:1.44.0]
	at com.tpg.bean.BeanFactory.playwright(BeanFactory.java:24) ~[classes/:na]
	at com.tpg.bean.BeanFactory$$SpringCGLIB$$0.CGLIB$playwright$1(<generated>) ~[classes/:na]
	at com.tpg.bean.BeanFactory$$SpringCGLIB$$FastClass$$1.invoke(<generated>) ~[classes/:na]
	at org.springframework.cglib.proxy.MethodProxy.invokeSuper(MethodProxy.java:258) ~[spring-core-6.1.3.jar:6.1.3]
	at org.springframework.context.annotation.ConfigurationClassEnhancer$BeanMethodInterceptor.intercept(ConfigurationClassEnhancer.java:331) ~[spring-context-6.1.3.jar:6.1.3]
	at com.tpg.bean.BeanFactory$$SpringCGLIB$$0.playwright(<generated>) ~[classes/:na]
	at java.base/jdk.internal.reflect.DirectMethodHandleAccessor.invoke(DirectMethodHandleAccessor.java:104) ~[na:na]
	at java.base/java.lang.reflect.Method.invoke(Method.java:565) ~[na:na]
	at org.springframework.beans.factory.support.SimpleInstantiationStrategy.instantiate(SimpleInstantiationStrategy.java:140) ~[spring-beans-6.1.3.jar:6.1.3]
	at org.springframework.beans.factory.support.ConstructorResolver.instantiate(ConstructorResolver.java:647) ~[spring-beans-6.1.3.jar:6.1.3]
	at org.springframework.beans.factory.support.ConstructorResolver.instantiateUsingFactoryMethod(ConstructorResolver.java:485) ~[spring-beans-6.1.3.jar:6.1.3]
	at org.springframework.beans.factory.support.AbstractAutowireCapableBeanFactory.instantiateUsingFactoryMethod(AbstractAutowireCapableBeanFactory.java:1334) ~[spring-beans-6.1.3.jar:6.1.3]
	at org.springframework.beans.factory.support.AbstractAutowireCapableBeanFactory.createBeanInstance(AbstractAutowireCapableBeanFactory.java:1164) ~[spring-beans-6.1.3.jar:6.1.3]
	at org.springframework.beans.factory.support.AbstractAutowireCapableBeanFactory.doCreateBean(AbstractAutowireCapableBeanFactory.java:561) ~[spring-beans-6.1.3.jar:6.1.3]
	at org.springframework.beans.factory.support.AbstractAutowireCapableBeanFactory.createBean(AbstractAutowireCapableBeanFactory.java:521) ~[spring-beans-6.1.3.jar:6.1.3]
	at org.springframework.beans.factory.support.AbstractBeanFactory.lambda$doGetBean$1(AbstractBeanFactory.java:364) ~[spring-beans-6.1.3.jar:6.1.3]
	at org.springframework.context.support.SimpleThreadScope.get(SimpleThreadScope.java:68) ~[spring-context-6.1.3.jar:6.1.3]
	at org.springframework.beans.factory.support.AbstractBeanFactory.doGetBean(AbstractBeanFactory.java:361) ~[spring-beans-6.1.3.jar:6.1.3]
	at org.springframework.beans.factory.support.AbstractBeanFactory.getBean(AbstractBeanFactory.java:199) ~[spring-beans-6.1.3.jar:6.1.3]
	at org.springframework.aop.target.SimpleBeanTargetSource.getTarget(SimpleBeanTargetSource.java:35) ~[spring-aop-6.1.3.jar:6.1.3]
	at org.springframework.aop.framework.JdkDynamicAopProxy.invoke(JdkDynamicAopProxy.java:200) ~[spring-aop-6.1.3.jar:6.1.3]
	at jdk.proxy2/jdk.proxy2.$Proxy61.chromium(Unknown Source) ~[na:na]
	at com.tpg.browser.BrowserConfig.getDriver(BrowserConfig.java:50) ~[classes/:na]
	at com.tpg.browser.BrowserConfig$$SpringCGLIB$$0.CGLIB$getDriver$0(<generated>) ~[classes/:na]
	at com.tpg.browser.BrowserConfig$$SpringCGLIB$$FastClass$$1.invoke(<generated>) ~[classes/:na]
	at org.springframework.cglib.proxy.MethodProxy.invokeSuper(MethodProxy.java:258) ~[spring-core-6.1.3.jar:6.1.3]
	at org.springframework.context.annotation.ConfigurationClassEnhancer$BeanMethodInterceptor.intercept(ConfigurationClassEnhancer.java:331) ~[spring-context-6.1.3.jar:6.1.3]
	at com.tpg.browser.BrowserConfig$$SpringCGLIB$$0.getDriver(<generated>) ~[classes/:na]
	at java.base/jdk.internal.reflect.DirectMethodHandleAccessor.invoke(DirectMethodHandleAccessor.java:104) ~[na:na]
	at java.base/java.lang.reflect.Method.invoke(Method.java:565) ~[na:na]
	at org.springframework.beans.factory.support.SimpleInstantiationStrategy.instantiate(SimpleInstantiationStrategy.java:140) ~[spring-beans-6.1.3.jar:6.1.3]
	at org.springframework.beans.factory.support.ConstructorResolver.instantiate(ConstructorResolver.java:647) ~[spring-beans-6.1.3.jar:6.1.3]
	at org.springframework.beans.factory.support.ConstructorResolver.instantiateUsingFactoryMethod(ConstructorResolver.java:485) ~[spring-beans-6.1.3.jar:6.1.3]
	at org.springframework.beans.factory.support.AbstractAutowireCapableBeanFactory.instantiateUsingFactoryMethod(AbstractAutowireCapableBeanFactory.java:1334) ~[spring-beans-6.1.3.jar:6.1.3]
	at org.springframework.beans.factory.support.AbstractAutowireCapableBeanFactory.createBeanInstance(AbstractAutowireCapableBeanFactory.java:1164) ~[spring-beans-6.1.3.jar:6.1.3]
	at org.springframework.beans.factory.support.AbstractAutowireCapableBeanFactory.doCreateBean(AbstractAutowireCapableBeanFactory.java:561) ~[spring-beans-6.1.3.jar:6.1.3]
	at org.springframework.beans.factory.support.AbstractAutowireCapableBeanFactory.createBean(AbstractAutowireCapableBeanFactory.java:521) ~[spring-beans-6.1.3.jar:6.1.3]
	at org.springframework.beans.factory.support.AbstractBeanFactory.lambda$doGetBean$1(AbstractBeanFactory.java:364) ~[spring-beans-6.1.3.jar:6.1.3]
	at org.springframework.context.support.SimpleThreadScope.get(SimpleThreadScope.java:68) ~[spring-context-6.1.3.jar:6.1.3]
	at com.tpg.browser.BrowserScope.get(BrowserScope.java:10) ~[classes/:na]
	at org.springframework.beans.factory.support.AbstractBeanFactory.doGetBean(AbstractBeanFactory.java:361) ~[spring-beans-6.1.3.jar:6.1.3]
	at org.springframework.beans.factory.support.AbstractBeanFactory.getBean(AbstractBeanFactory.java:199) ~[spring-beans-6.1.3.jar:6.1.3]
	at org.springframework.beans.factory.config.DependencyDescriptor.resolveCandidate(DependencyDescriptor.java:254) ~[spring-beans-6.1.3.jar:6.1.3]
	at org.springframework.beans.factory.support.DefaultListableBeanFactory.doResolveDependency(DefaultListableBeanFactory.java:1443) ~[spring-beans-6.1.3.jar:6.1.3]
	at org.springframework.beans.factory.support.DefaultListableBeanFactory.resolveDependency(DefaultListableBeanFactory.java:1353) ~[spring-beans-6.1.3.jar:6.1.3]
	at org.springframework.beans.factory.annotation.AutowiredAnnotationBeanPostProcessor$AutowiredFieldElement.resolveFieldValue(AutowiredAnnotationBeanPostProcessor.java:784) ~[spring-beans-6.1.3.jar:6.1.3]
	at org.springframework.beans.factory.annotation.AutowiredAnnotationBeanPostProcessor$AutowiredFieldElement.inject(AutowiredAnnotationBeanPostProcessor.java:767) ~[spring-beans-6.1.3.jar:6.1.3]
	at org.springframework.beans.factory.annotation.InjectionMetadata.inject(InjectionMetadata.java:145) ~[spring-beans-6.1.3.jar:6.1.3]
	at org.springframework.beans.factory.annotation.AutowiredAnnotationBeanPostProcessor.postProcessProperties(AutowiredAnnotationBeanPostProcessor.java:508) ~[spring-beans-6.1.3.jar:6.1.3]
	at org.springframework.beans.factory.support.AbstractAutowireCapableBeanFactory.populateBean(AbstractAutowireCapableBeanFactory.java:1418) ~[spring-beans-6.1.3.jar:6.1.3]
	at org.springframework.beans.factory.support.AbstractAutowireCapableBeanFactory.autowireBeanProperties(AbstractAutowireCapableBeanFactory.java:397) ~[spring-beans-6.1.3.jar:6.1.3]
	at org.springframework.test.context.support.DependencyInjectionTestExecutionListener.injectDependencies(DependencyInjectionTestExecutionListener.java:143) ~[spring-test-6.1.3.jar:6.1.3]
	at org.springframework.test.context.support.DependencyInjectionTestExecutionListener.prepareTestInstance(DependencyInjectionTestExecutionListener.java:98) ~[spring-test-6.1.3.jar:6.1.3]
	at org.springframework.test.context.TestContextManager.prepareTestInstance(TestContextManager.java:260) ~[spring-test-6.1.3.jar:6.1.3]
	at org.springframework.test.context.testng.AbstractTestNGSpringContextTests.springTestContextPrepareTestInstance(AbstractTestNGSpringContextTests.java:119) ~[spring-test-6.1.3.jar:6.1.3]
	at com.tpg.NovusGuiTestBase.springTestContextPrepareTestInstance(NovusGuiTestBase.java:39) ~[test-classes/:na]
	at java.base/jdk.internal.reflect.DirectMethodHandleAccessor.invoke(DirectMethodHandleAccessor.java:104) ~[na:na]
	at java.base/java.lang.reflect.Method.invoke(Method.java:565) ~[na:na]
	at org.testng.internal.invokers.MethodInvocationHelper.invokeMethod(MethodInvocationHelper.java:141) ~[testng-7.10.1.jar:7.10.1]
	at org.testng.internal.invokers.MethodInvocationHelper.invokeMethodConsideringTimeout(MethodInvocationHelper.java:71) ~[testng-7.10.1.jar:7.10.1]
	at org.testng.internal.invokers.ConfigInvoker.invokeConfigurationMethod(ConfigInvoker.java:400) ~[testng-7.10.1.jar:7.10.1]
	at org.testng.internal.invokers.ConfigInvoker.invokeConfigurations(ConfigInvoker.java:333) ~[testng-7.10.1.jar:7.10.1]
	at org.testng.SuiteRunner.privateRun(SuiteRunner.java:358) ~[testng-7.10.1.jar:7.10.1]
	at org.testng.SuiteRunner.run(SuiteRunner.java:312) ~[testng-7.10.1.jar:7.10.1]
	at org.testng.SuiteRunnerWorker.runSuite(SuiteRunnerWorker.java:52) ~[testng-7.10.1.jar:7.10.1]
	at org.testng.SuiteRunnerWorker.run(SuiteRunnerWorker.java:95) ~[testng-7.10.1.jar:7.10.1]
	at org.testng.TestNG.runSuitesSequentially(TestNG.java:1274) ~[testng-7.10.1.jar:7.10.1]
	at org.testng.TestNG.runSuitesLocally(TestNG.java:1208) ~[testng-7.10.1.jar:7.10.1]
	at org.testng.TestNG.runSuites(TestNG.java:1112) ~[testng-7.10.1.jar:7.10.1]
	at org.testng.TestNG.run(TestNG.java:1079) ~[testng-7.10.1.jar:7.10.1]
	at org.apache.maven.surefire.testng.TestNGExecutor.run(TestNGExecutor.java:308) ~[surefire-testng-3.1.2.jar:3.1.2]
	at org.apache.maven.surefire.testng.TestNGXmlTestSuite.execute(TestNGXmlTestSuite.java:71) ~[surefire-testng-3.1.2.jar:3.1.2]
	at org.apache.maven.surefire.testng.TestNGProvider.invoke(TestNGProvider.java:113) ~[surefire-testng-3.1.2.jar:3.1.2]
	at org.apache.maven.surefire.booter.ForkedBooter.runSuitesInProcess(ForkedBooter.java:385) ~[surefire-booter-3.1.2.jar:3.1.2]
	at org.apache.maven.surefire.booter.ForkedBooter.execute(ForkedBooter.java:162) ~[surefire-booter-3.1.2.jar:3.1.2]
	at org.apache.maven.surefire.booter.ForkedBooter.run(ForkedBooter.java:507) ~[surefire-booter-3.1.2.jar:3.1.2]
	at org.apache.maven.surefire.booter.ForkedBooter.main(ForkedBooter.java:495) ~[surefire-booter-3.1.2.jar:3.1.2]

&amp#27;[2m2026-03-18T12:32:13.356+05:30&amp#27;[0;39m &amp#27;[32mDEBUG&amp#27;[0;39m &amp#27;[35m8795&amp#27;[0;39m &amp#27;[2m---&amp#27;[0;39m &amp#27;[2m[           main]&amp#27;[0;39m &amp#27;[2m&amp#27;[0;39m&amp#27;[36mjava.lang.ProcessBuilder                &amp#27;[0;39m &amp#27;[2m:&amp#27;[0;39m ProcessBuilder.start(): pid: 8806, dir: null, cmd: "/var/folders/w6/s41bzs6n2psd5qsjq2blvpzshv4h5g/T/playwright-java-6327222080362160730/node"

java.lang.RuntimeException: ProcessBuilder.start() debug
	at java.base/java.lang.ProcessBuilder.start(ProcessBuilder.java:1099) ~[na:na]
	at java.base/java.lang.ProcessBuilder.start(ProcessBuilder.java:1046) ~[na:na]
	at com.microsoft.playwright.impl.PlaywrightImpl.createImpl(PlaywrightImpl.java:51) ~[playwright-1.44.0.jar:1.44.0]
	at com.microsoft.playwright.impl.PlaywrightImpl.create(PlaywrightImpl.java:36) ~[playwright-1.44.0.jar:1.44.0]
	at com.microsoft.playwright.Playwright.create(Playwright.java:110) ~[playwright-1.44.0.jar:1.44.0]
	at com.microsoft.playwright.Playwright.create(Playwright.java:114) ~[playwright-1.44.0.jar:1.44.0]
	at com.tpg.bean.BeanFactory.playwright(BeanFactory.java:24) ~[classes/:na]
	at com.tpg.bean.BeanFactory$$SpringCGLIB$$0.CGLIB$playwright$1(<generated>) ~[classes/:na]
	at com.tpg.bean.BeanFactory$$SpringCGLIB$$FastClass$$1.invoke(<generated>) ~[classes/:na]
	at org.springframework.cglib.proxy.MethodProxy.invokeSuper(MethodProxy.java:258) ~[spring-core-6.1.3.jar:6.1.3]
	at org.springframework.context.annotation.ConfigurationClassEnhancer$BeanMethodInterceptor.intercept(ConfigurationClassEnhancer.java:331) ~[spring-context-6.1.3.jar:6.1.3]
	at com.tpg.bean.BeanFactory$$SpringCGLIB$$0.playwright(<generated>) ~[classes/:na]
	at java.base/jdk.internal.reflect.DirectMethodHandleAccessor.invoke(DirectMethodHandleAccessor.java:104) ~[na:na]
	at java.base/java.lang.reflect.Method.invoke(Method.java:565) ~[na:na]
	at org.springframework.beans.factory.support.SimpleInstantiationStrategy.instantiate(SimpleInstantiationStrategy.java:140) ~[spring-beans-6.1.3.jar:6.1.3]
	at org.springframework.beans.factory.support.ConstructorResolver.instantiate(ConstructorResolver.java:647) ~[spring-beans-6.1.3.jar:6.1.3]
	at org.springframework.beans.factory.support.ConstructorResolver.instantiateUsingFactoryMethod(ConstructorResolver.java:485) ~[spring-beans-6.1.3.jar:6.1.3]
	at org.springframework.beans.factory.support.AbstractAutowireCapableBeanFactory.instantiateUsingFactoryMethod(AbstractAutowireCapableBeanFactory.java:1334) ~[spring-beans-6.1.3.jar:6.1.3]
	at org.springframework.beans.factory.support.AbstractAutowireCapableBeanFactory.createBeanInstance(AbstractAutowireCapableBeanFactory.java:1164) ~[spring-beans-6.1.3.jar:6.1.3]
	at org.springframework.beans.factory.support.AbstractAutowireCapableBeanFactory.doCreateBean(AbstractAutowireCapableBeanFactory.java:561) ~[spring-beans-6.1.3.jar:6.1.3]
	at org.springframework.beans.factory.support.AbstractAutowireCapableBeanFactory.createBean(AbstractAutowireCapableBeanFactory.java:521) ~[spring-beans-6.1.3.jar:6.1.3]
	at org.springframework.beans.factory.support.AbstractBeanFactory.lambda$doGetBean$1(AbstractBeanFactory.java:364) ~[spring-beans-6.1.3.jar:6.1.3]
	at org.springframework.context.support.SimpleThreadScope.get(SimpleThreadScope.java:68) ~[spring-context-6.1.3.jar:6.1.3]
	at org.springframework.beans.factory.support.AbstractBeanFactory.doGetBean(AbstractBeanFactory.java:361) ~[spring-beans-6.1.3.jar:6.1.3]
	at org.springframework.beans.factory.support.AbstractBeanFactory.getBean(AbstractBeanFactory.java:199) ~[spring-beans-6.1.3.jar:6.1.3]
	at org.springframework.aop.target.SimpleBeanTargetSource.getTarget(SimpleBeanTargetSource.java:35) ~[spring-aop-6.1.3.jar:6.1.3]
	at org.springframework.aop.framework.JdkDynamicAopProxy.invoke(JdkDynamicAopProxy.java:200) ~[spring-aop-6.1.3.jar:6.1.3]
	at jdk.proxy2/jdk.proxy2.$Proxy61.chromium(Unknown Source) ~[na:na]
	at com.tpg.browser.BrowserConfig.getDriver(BrowserConfig.java:50) ~[classes/:na]
	at com.tpg.browser.BrowserConfig$$SpringCGLIB$$0.CGLIB$getDriver$0(<generated>) ~[classes/:na]
	at com.tpg.browser.BrowserConfig$$SpringCGLIB$$FastClass$$1.invoke(<generated>) ~[classes/:na]
	at org.springframework.cglib.proxy.MethodProxy.invokeSuper(MethodProxy.java:258) ~[spring-core-6.1.3.jar:6.1.3]
	at org.springframework.context.annotation.ConfigurationClassEnhancer$BeanMethodInterceptor.intercept(ConfigurationClassEnhancer.java:331) ~[spring-context-6.1.3.jar:6.1.3]
	at com.tpg.browser.BrowserConfig$$SpringCGLIB$$0.getDriver(<generated>) ~[classes/:na]
	at java.base/jdk.internal.reflect.DirectMethodHandleAccessor.invoke(DirectMethodHandleAccessor.java:104) ~[na:na]
	at java.base/java.lang.reflect.Method.invoke(Method.java:565) ~[na:na]
	at org.springframework.beans.factory.support.SimpleInstantiationStrategy.instantiate(SimpleInstantiationStrategy.java:140) ~[spring-beans-6.1.3.jar:6.1.3]
	at org.springframework.beans.factory.support.ConstructorResolver.instantiate(ConstructorResolver.java:647) ~[spring-beans-6.1.3.jar:6.1.3]
	at org.springframework.beans.factory.support.ConstructorResolver.instantiateUsingFactoryMethod(ConstructorResolver.java:485) ~[spring-beans-6.1.3.jar:6.1.3]
	at org.springframework.beans.factory.support.AbstractAutowireCapableBeanFactory.instantiateUsingFactoryMethod(AbstractAutowireCapableBeanFactory.java:1334) ~[spring-beans-6.1.3.jar:6.1.3]
	at org.springframework.beans.factory.support.AbstractAutowireCapableBeanFactory.createBeanInstance(AbstractAutowireCapableBeanFactory.java:1164) ~[spring-beans-6.1.3.jar:6.1.3]
	at org.springframework.beans.factory.support.AbstractAutowireCapableBeanFactory.doCreateBean(AbstractAutowireCapableBeanFactory.java:561) ~[spring-beans-6.1.3.jar:6.1.3]
	at org.springframework.beans.factory.support.AbstractAutowireCapableBeanFactory.createBean(AbstractAutowireCapableBeanFactory.java:521) ~[spring-beans-6.1.3.jar:6.1.3]
	at org.springframework.beans.factory.support.AbstractBeanFactory.lambda$doGetBean$1(AbstractBeanFactory.java:364) ~[spring-beans-6.1.3.jar:6.1.3]
	at org.springframework.context.support.SimpleThreadScope.get(SimpleThreadScope.java:68) ~[spring-context-6.1.3.jar:6.1.3]
	at com.tpg.browser.BrowserScope.get(BrowserScope.java:10) ~[classes/:na]
	at org.springframework.beans.factory.support.AbstractBeanFactory.doGetBean(AbstractBeanFactory.java:361) ~[spring-beans-6.1.3.jar:6.1.3]
	at org.springframework.beans.factory.support.AbstractBeanFactory.getBean(AbstractBeanFactory.java:199) ~[spring-beans-6.1.3.jar:6.1.3]
	at org.springframework.beans.factory.config.DependencyDescriptor.resolveCandidate(DependencyDescriptor.java:254) ~[spring-beans-6.1.3.jar:6.1.3]
	at org.springframework.beans.factory.support.DefaultListableBeanFactory.doResolveDependency(DefaultListableBeanFactory.java:1443) ~[spring-beans-6.1.3.jar:6.1.3]
	at org.springframework.beans.factory.support.DefaultListableBeanFactory.resolveDependency(DefaultListableBeanFactory.java:1353) ~[spring-beans-6.1.3.jar:6.1.3]
	at org.springframework.beans.factory.annotation.AutowiredAnnotationBeanPostProcessor$AutowiredFieldElement.resolveFieldValue(AutowiredAnnotationBeanPostProcessor.java:784) ~[spring-beans-6.1.3.jar:6.1.3]
	at org.springframework.beans.factory.annotation.AutowiredAnnotationBeanPostProcessor$AutowiredFieldElement.inject(AutowiredAnnotationBeanPostProcessor.java:767) ~[spring-beans-6.1.3.jar:6.1.3]
	at org.springframework.beans.factory.annotation.InjectionMetadata.inject(InjectionMetadata.java:145) ~[spring-beans-6.1.3.jar:6.1.3]
	at org.springframework.beans.factory.annotation.AutowiredAnnotationBeanPostProcessor.postProcessProperties(AutowiredAnnotationBeanPostProcessor.java:508) ~[spring-beans-6.1.3.jar:6.1.3]
	at org.springframework.beans.factory.support.AbstractAutowireCapableBeanFactory.populateBean(AbstractAutowireCapableBeanFactory.java:1418) ~[spring-beans-6.1.3.jar:6.1.3]
	at org.springframework.beans.factory.support.AbstractAutowireCapableBeanFactory.autowireBeanProperties(AbstractAutowireCapableBeanFactory.java:397) ~[spring-beans-6.1.3.jar:6.1.3]
	at org.springframework.test.context.support.DependencyInjectionTestExecutionListener.injectDependencies(DependencyInjectionTestExecutionListener.java:143) ~[spring-test-6.1.3.jar:6.1.3]
	at org.springframework.test.context.support.DependencyInjectionTestExecutionListener.prepareTestInstance(DependencyInjectionTestExecutionListener.java:98) ~[spring-test-6.1.3.jar:6.1.3]
	at org.springframework.test.context.TestContextManager.prepareTestInstance(TestContextManager.java:260) ~[spring-test-6.1.3.jar:6.1.3]
	at org.springframework.test.context.testng.AbstractTestNGSpringContextTests.springTestContextPrepareTestInstance(AbstractTestNGSpringContextTests.java:119) ~[spring-test-6.1.3.jar:6.1.3]
	at com.tpg.NovusGuiTestBase.springTestContextPrepareTestInstance(NovusGuiTestBase.java:39) ~[test-classes/:na]
	at java.base/jdk.internal.reflect.DirectMethodHandleAccessor.invoke(DirectMethodHandleAccessor.java:104) ~[na:na]
	at java.base/java.lang.reflect.Method.invoke(Method.java:565) ~[na:na]
	at org.testng.internal.invokers.MethodInvocationHelper.invokeMethod(MethodInvocationHelper.java:141) ~[testng-7.10.1.jar:7.10.1]
	at org.testng.internal.invokers.MethodInvocationHelper.invokeMethodConsideringTimeout(MethodInvocationHelper.java:71) ~[testng-7.10.1.jar:7.10.1]
	at org.testng.internal.invokers.ConfigInvoker.invokeConfigurationMethod(ConfigInvoker.java:400) ~[testng-7.10.1.jar:7.10.1]
	at org.testng.internal.invokers.ConfigInvoker.invokeConfigurations(ConfigInvoker.java:333) ~[testng-7.10.1.jar:7.10.1]
	at org.testng.SuiteRunner.privateRun(SuiteRunner.java:358) ~[testng-7.10.1.jar:7.10.1]
	at org.testng.SuiteRunner.run(SuiteRunner.java:312) ~[testng-7.10.1.jar:7.10.1]
	at org.testng.SuiteRunnerWorker.runSuite(SuiteRunnerWorker.java:52) ~[testng-7.10.1.jar:7.10.1]
	at org.testng.SuiteRunnerWorker.run(SuiteRunnerWorker.java:95) ~[testng-7.10.1.jar:7.10.1]
	at org.testng.TestNG.runSuitesSequentially(TestNG.java:1274) ~[testng-7.10.1.jar:7.10.1]
	at org.testng.TestNG.runSuitesLocally(TestNG.java:1208) ~[testng-7.10.1.jar:7.10.1]
	at org.testng.TestNG.runSuites(TestNG.java:1112) ~[testng-7.10.1.jar:7.10.1]
	at org.testng.TestNG.run(TestNG.java:1079) ~[testng-7.10.1.jar:7.10.1]
	at org.apache.maven.surefire.testng.TestNGExecutor.run(TestNGExecutor.java:308) ~[surefire-testng-3.1.2.jar:3.1.2]
	at org.apache.maven.surefire.testng.TestNGXmlTestSuite.execute(TestNGXmlTestSuite.java:71) ~[surefire-testng-3.1.2.jar:3.1.2]
	at org.apache.maven.surefire.testng.TestNGProvider.invoke(TestNGProvider.java:113) ~[surefire-testng-3.1.2.jar:3.1.2]
	at org.apache.maven.surefire.booter.ForkedBooter.runSuitesInProcess(ForkedBooter.java:385) ~[surefire-booter-3.1.2.jar:3.1.2]
	at org.apache.maven.surefire.booter.ForkedBooter.execute(ForkedBooter.java:162) ~[surefire-booter-3.1.2.jar:3.1.2]
	at org.apache.maven.surefire.booter.ForkedBooter.run(ForkedBooter.java:507) ~[surefire-booter-3.1.2.jar:3.1.2]
	at org.apache.maven.surefire.booter.ForkedBooter.main(ForkedBooter.java:495) ~[surefire-booter-3.1.2.jar:3.1.2]

&amp#27;[2m2026-03-18T12:32:16.148+05:30&amp#27;[0;39m &amp#27;[32m INFO&amp#27;[0;39m &amp#27;[35m8795&amp#27;[0;39m &amp#27;[2m---&amp#27;[0;39m &amp#27;[2m[           main]&amp#27;[0;39m &amp#27;[2m&amp#27;[0;39m&amp#27;[36mc.t.a.listeners.NovusTestListener       &amp#27;[0;39m &amp#27;[2m:&amp#27;[0;39m &amp#27;[35mRunning test suite : Inventory Management – Dashboard API Data Layer Tests
Test Name : Dashboard API Data Layer Tests
&amp#27;[0m
&amp#27;[2m2026-03-18T12:32:16.194+05:30&amp#27;[0;39m &amp#27;[32m INFO&amp#27;[0;39m &amp#27;[35m8795&amp#27;[0;39m &amp#27;[2m---&amp#27;[0;39m &amp#27;[2m[           main]&amp#27;[0;39m &amp#27;[2m&amp#27;[0;39m&amp#27;[36mc.t.a.inventory.DashboardApiTests       &amp#27;[0;39m &amp#27;[2m:&amp#27;[0;39m &amp#27;[94m[Executing Step] : Clear cached session state before login&amp#27;[0m
&amp#27;[2m2026-03-18T12:32:16.223+05:30&amp#27;[0;39m &amp#27;[32m INFO&amp#27;[0;39m &amp#27;[35m8795&amp#27;[0;39m &amp#27;[2m---&amp#27;[0;39m &amp#27;[2m[           main]&amp#27;[0;39m &amp#27;[2m&amp#27;[0;39m&amp#27;[36mc.t.a.inventory.DashboardApiTests       &amp#27;[0;39m &amp#27;[2m:&amp#27;[0;39m &amp#27;[94m[Executing Step] : Launch Inventory Management application&amp#27;[0m
&amp#27;[2m2026-03-18T12:32:17.093+05:30&amp#27;[0;39m &amp#27;[32m INFO&amp#27;[0;39m &amp#27;[35m8795&amp#27;[0;39m &amp#27;[2m---&amp#27;[0;39m &amp#27;[2m[           main]&amp#27;[0;39m &amp#27;[2m&amp#27;[0;39m&amp#27;[36mc.t.a.inventory.DashboardApiTests       &amp#27;[0;39m &amp#27;[2m:&amp#27;[0;39m &amp#27;[94m[Executing Step] : Wait for login page to be ready&amp#27;[0m
&amp#27;[2m2026-03-18T12:32:17.096+05:30&amp#27;[0;39m &amp#27;[32mDEBUG&amp#27;[0;39m &amp#27;[35m8795&amp#27;[0;39m &amp#27;[2m---&amp#27;[0;39m &amp#27;[2m[           main]&amp#27;[0;39m &amp#27;[2m&amp#27;[0;39m&amp#27;[36mcom.tpg.actions.Waiter                  &amp#27;[0;39m &amp#27;[2m:&amp#27;[0;39m &amp#27;[97m[Dynamic Wait] : Waiting for locator : id=email to be visible in 30.0 sec&amp#27;[0m
&amp#27;[2m2026-03-18T12:32:17.164+05:30&amp#27;[0;39m &amp#27;[32m INFO&amp#27;[0;39m &amp#27;[35m8795&amp#27;[0;39m &amp#27;[2m---&amp#27;[0;39m &amp#27;[2m[           main]&amp#27;[0;39m &amp#27;[2m&amp#27;[0;39m&amp#27;[36mcom.tpg.actions.Waiter                  &amp#27;[0;39m &amp#27;[2m:&amp#27;[0;39m &amp#27;[35mLocator : id=email visible on GUI&amp#27;[0m
&amp#27;[2m2026-03-18T12:32:17.165+05:30&amp#27;[0;39m &amp#27;[32m INFO&amp#27;[0;39m &amp#27;[35m8795&amp#27;[0;39m &amp#27;[2m---&amp#27;[0;39m &amp#27;[2m[           main]&amp#27;[0;39m &amp#27;[2m&amp#27;[0;39m&amp#27;[36mc.t.a.inventory.DashboardApiTests       &amp#27;[0;39m &amp#27;[2m:&amp#27;[0;39m &amp#27;[94m[Executing Step] : Authenticate as admin user&amp#27;[0m
&amp#27;[2m2026-03-18T12:32:17.185+05:30&amp#27;[0;39m &amp#27;[32mDEBUG&amp#27;[0;39m &amp#27;[35m8795&amp#27;[0;39m &amp#27;[2m---&amp#27;[0;39m &amp#27;[2m[           main]&amp#27;[0;39m &amp#27;[2m&amp#27;[0;39m&amp#27;[36mcom.tpg.actions.Waiter                  &amp#27;[0;39m &amp#27;[2m:&amp#27;[0;39m &amp#27;[35mactor waiting for 0.0 secs&amp#27;[0m
&amp#27;[2m2026-03-18T12:32:17.186+05:30&amp#27;[0;39m &amp#27;[32m INFO&amp#27;[0;39m &amp#27;[35m8795&amp#27;[0;39m &amp#27;[2m---&amp#27;[0;39m &amp#27;[2m[           main]&amp#27;[0;39m &amp#27;[2m&amp#27;[0;39m&amp#27;[36mcom.tpg.actions.Perform                 &amp#27;[0;39m &amp#27;[2m:&amp#27;[0;39m &amp#27;[94m[Executing Step] : [ method : AuthenticateAs#andLogin ] - Authenticates as 'ajaykumar.yadav@3pillarglobal.com' on the HLM Platform login page &amp#27;[0m
&amp#27;[2m2026-03-18T12:32:17.187+05:30&amp#27;[0;39m &amp#27;[32mDEBUG&amp#27;[0;39m &amp#27;[35m8795&amp#27;[0;39m &amp#27;[2m---&amp#27;[0;39m &amp#27;[2m[           main]&amp#27;[0;39m &amp#27;[2m&amp#27;[0;39m&amp#27;[36mcom.tpg.actions.Waiter                  &amp#27;[0;39m &amp#27;[2m:&amp#27;[0;39m &amp#27;[35mactor waiting for 0.0 secs&amp#27;[0m
&amp#27;[2m2026-03-18T12:32:17.187+05:30&amp#27;[0;39m &amp#27;[32m INFO&amp#27;[0;39m &amp#27;[35m8795&amp#27;[0;39m &amp#27;[2m---&amp#27;[0;39m &amp#27;[2m[           main]&amp#27;[0;39m &amp#27;[2m&amp#27;[0;39m&amp#27;[36mcom.tpg.actions.Perform                 &amp#27;[0;39m &amp#27;[2m:&amp#27;[0;39m &amp#27;[94m[Executing Step] : [ method : enterEmail ] - Types email address into the login email field &amp#27;[0m
&amp#27;[2m2026-03-18T12:32:17.551+05:30&amp#27;[0;39m &amp#27;[32m INFO&amp#27;[0;39m &amp#27;[35m8795&amp#27;[0;39m &amp#27;[2m---&amp#27;[0;39m &amp#27;[2m[           main]&amp#27;[0;39m &amp#27;[2m&amp#27;[0;39m&amp#27;[36mcom.tpg.actions.Type                    &amp#27;[0;39m &amp#27;[2m:&amp#27;[0;39m &amp#27;[35m[Action Performed : TYPE TEXT ] on locator : <id=email>&amp#27;[0m
&amp#27;[2m2026-03-18T12:32:17.552+05:30&amp#27;[0;39m &amp#27;[32mDEBUG&amp#27;[0;39m &amp#27;[35m8795&amp#27;[0;39m &amp#27;[2m---&amp#27;[0;39m &amp#27;[2m[           main]&amp#27;[0;39m &amp#27;[2m&amp#27;[0;39m&amp#27;[36mcom.tpg.actions.Waiter                  &amp#27;[0;39m &amp#27;[2m:&amp#27;[0;39m &amp#27;[35mactor waiting for 0.0 secs&amp#27;[0m
&amp#27;[2m2026-03-18T12:32:17.552+05:30&amp#27;[0;39m &amp#27;[32m INFO&amp#27;[0;39m &amp#27;[35m8795&amp#27;[0;39m &amp#27;[2m---&amp#27;[0;39m &amp#27;[2m[           main]&amp#27;[0;39m &amp#27;[2m&amp#27;[0;39m&amp#27;[36mcom.tpg.actions.Perform                 &amp#27;[0;39m &amp#27;[2m:&amp#27;[0;39m &amp#27;[94m[Executing Step] : [ method : enterPassword ] - Types password into the login password field &amp#27;[0m
&amp#27;[2m2026-03-18T12:32:17.814+05:30&amp#27;[0;39m &amp#27;[32m INFO&amp#27;[0;39m &amp#27;[35m8795&amp#27;[0;39m &amp#27;[2m---&amp#27;[0;39m &amp#27;[2m[           main]&amp#27;[0;39m &amp#27;[2m&amp#27;[0;39m&amp#27;[36mcom.tpg.actions.Type                    &amp#27;[0;39m &amp#27;[2m:&amp#27;[0;39m &amp#27;[35m[Action Performed : TYPE TEXT ] on locator : <id=password>&amp#27;[0m
&amp#27;[2m2026-03-18T12:32:17.814+05:30&amp#27;[0;39m &amp#27;[32mDEBUG&amp#27;[0;39m &amp#27;[35m8795&amp#27;[0;39m &amp#27;[2m---&amp#27;[0;39m &amp#27;[2m[           main]&amp#27;[0;39m &amp#27;[2m&amp#27;[0;39m&amp#27;[36mcom.tpg.actions.Waiter                  &amp#27;[0;39m &amp#27;[2m:&amp#27;[0;39m &amp#27;[35mactor waiting for 0.0 secs&amp#27;[0m
&amp#27;[2m2026-03-18T12:32:17.815+05:30&amp#27;[0;39m &amp#27;[32m INFO&amp#27;[0;39m &amp#27;[35m8795&amp#27;[0;39m &amp#27;[2m---&amp#27;[0;39m &amp#27;[2m[           main]&amp#27;[0;39m &amp#27;[2m&amp#27;[0;39m&amp#27;[36mcom.tpg.actions.Perform                 &amp#27;[0;39m &amp#27;[2m:&amp#27;[0;39m &amp#27;[94m[Executing Step] : [ method : clickLoginButton ] - Clicks the Sign in submit button &amp#27;[0m
&amp#27;[2m2026-03-18T12:32:18.163+05:30&amp#27;[0;39m &amp#27;[32m INFO&amp#27;[0;39m &amp#27;[35m8795&amp#27;[0;39m &amp#27;[2m---&amp#27;[0;39m &amp#27;[2m[           main]&amp#27;[0;39m &amp#27;[2m&amp#27;[0;39m&amp#27;[36mcom.tpg.actions.Click                   &amp#27;[0;39m &amp#27;[2m:&amp#27;[0;39m &amp#27;[35m[Action Performed : CLICK ] on locator : <button[type='submit']:text-is("Sign in")>&amp#27;[0m
&amp#27;[2m2026-03-18T12:32:18.164+05:30&amp#27;[0;39m &amp#27;[32m INFO&amp#27;[0;39m &amp#27;[35m8795&amp#27;[0;39m &amp#27;[2m---&amp#27;[0;39m &amp#27;[2m[           main]&amp#27;[0;39m &amp#27;[2m&amp#27;[0;39m&amp#27;[36mc.t.a.inventory.DashboardApiTests       &amp#27;[0;39m &amp#27;[2m:&amp#27;[0;39m &amp#27;[94m[Executing Step] : Wait for Dashboard to load after login&amp#27;[0m
&amp#27;[2m2026-03-18T12:32:18.165+05:30&amp#27;[0;39m &amp#27;[32mDEBUG&amp#27;[0;39m &amp#27;[35m8795&amp#27;[0;39m &amp#27;[2m---&amp#27;[0;39m &amp#27;[2m[           main]&amp#27;[0;39m &amp#27;[2m&amp#27;[0;39m&amp#27;[36mcom.tpg.actions.Waiter                  &amp#27;[0;39m &amp#27;[2m:&amp#27;[0;39m &amp#27;[97m[Dynamic Wait] : Waiting for locator : css=h1 to be visible in 30.0 sec&amp#27;[0m
&amp#27;[2m2026-03-18T12:32:18.171+05:30&amp#27;[0;39m &amp#27;[32m INFO&amp#27;[0;39m &amp#27;[35m8795&amp#27;[0;39m &amp#27;[2m---&amp#27;[0;39m &amp#27;[2m[           main]&amp#27;[0;39m &amp#27;[2m&amp#27;[0;39m&amp#27;[36mcom.tpg.actions.Waiter                  &amp#27;[0;39m &amp#27;[2m:&amp#27;[0;39m &amp#27;[35mLocator : css=h1 visible on GUI&amp#27;[0m
&amp#27;[2m2026-03-18T12:32:18.249+05:30&amp#27;[0;39m &amp#27;[32mDEBUG&amp#27;[0;39m &amp#27;[35m8795&amp#27;[0;39m &amp#27;[2m---&amp#27;[0;39m &amp#27;[2m[           main]&amp#27;[0;39m &amp#27;[2m&amp#27;[0;39m&amp#27;[36mjava.lang.ProcessBuilder                &amp#27;[0;39m &amp#27;[2m:&amp#27;[0;39m ProcessBuilder.start(): pid: 8832, dir: null, cmd: "/Users/ajaykumar.yadav/.sdkman/candidates/java/25.0.2-tem/bin/java"

java.lang.RuntimeException: ProcessBuilder.start() debug
	at java.base/java.lang.ProcessBuilder.start(ProcessBuilder.java:1099) ~[na:na]
	at java.base/java.lang.ProcessBuilder.start(ProcessBuilder.java:1046) ~[na:na]
	at net.bytebuddy.agent.ByteBuddyAgent.installExternal(ByteBuddyAgent.java:705) ~[byte-buddy-agent-1.14.11.jar:na]
	at net.bytebuddy.agent.ByteBuddyAgent.install(ByteBuddyAgent.java:636) ~[byte-buddy-agent-1.14.11.jar:na]
	at net.bytebuddy.agent.ByteBuddyAgent.install(ByteBuddyAgent.java:616) ~[byte-buddy-agent-1.14.11.jar:na]
	at net.bytebuddy.agent.ByteBuddyAgent.install(ByteBuddyAgent.java:568) ~[byte-buddy-agent-1.14.11.jar:na]
	at net.bytebuddy.agent.ByteBuddyAgent.install(ByteBuddyAgent.java:545) ~[byte-buddy-agent-1.14.11.jar:na]
	at org.mockito.internal.creation.bytebuddy.InlineDelegateByteBuddyMockMaker.<clinit>(InlineDelegateByteBuddyMockMaker.java:133) ~[mockito-core-5.7.0.jar:na]
	at org.mockito.internal.creation.bytebuddy.InlineByteBuddyMockMaker.<init>(InlineByteBuddyMockMaker.java:23) ~[mockito-core-5.7.0.jar:na]
	at java.base/jdk.internal.reflect.DirectConstructorHandleAccessor.newInstance(DirectConstructorHandleAccessor.java:62) ~[na:na]
	at java.base/java.lang.reflect.Constructor.newInstanceWithCaller(Constructor.java:499) ~[na:na]
	at java.base/java.lang.reflect.Constructor.newInstance(Constructor.java:483) ~[na:na]
	at org.mockito.internal.configuration.plugins.DefaultMockitoPlugins.create(DefaultMockitoPlugins.java:103) ~[mockito-core-5.7.0.jar:na]
	at org.mockito.internal.configuration.plugins.DefaultMockitoPlugins.getDefaultPlugin(DefaultMockitoPlugins.java:79) ~[mockito-core-5.7.0.jar:na]
	at org.mockito.internal.configuration.plugins.PluginLoader.loadPlugin(PluginLoader.java:75) ~[mockito-core-5.7.0.jar:na]
	at org.mockito.internal.configuration.plugins.PluginLoader.loadPlugin(PluginLoader.java:50) ~[mockito-core-5.7.0.jar:na]
	at org.mockito.internal.configuration.plugins.PluginRegistry.<init>(PluginRegistry.java:27) ~[mockito-core-5.7.0.jar:na]
	at org.mockito.internal.configuration.plugins.Plugins.<clinit>(Plugins.java:22) ~[mockito-core-5.7.0.jar:na]
	at org.mockito.internal.MockitoCore.<clinit>(MockitoCore.java:73) ~[mockito-core-5.7.0.jar:na]
	at org.mockito.Mockito.<clinit>(Mockito.java:1683) ~[mockito-core-5.7.0.jar:na]
	at org.springframework.boot.test.mock.mockito.MockReset.get(MockReset.java:105) ~[spring-boot-test-3.2.2.jar:3.2.2]
	at org.springframework.boot.test.mock.mockito.ResetMocksTestExecutionListener.resetMocks(ResetMocksTestExecutionListener.java:85) ~[spring-boot-test-3.2.2.jar:3.2.2]
	at org.springframework.boot.test.mock.mockito.ResetMocksTestExecutionListener.resetMocks(ResetMocksTestExecutionListener.java:73) ~[spring-boot-test-3.2.2.jar:3.2.2]
	at org.springframework.boot.test.mock.mockito.ResetMocksTestExecutionListener.beforeTestMethod(ResetMocksTestExecutionListener.java:60) ~[spring-boot-test-3.2.2.jar:3.2.2]
	at org.springframework.test.context.TestContextManager.beforeTestMethod(TestContextManager.java:320) ~[spring-test-6.1.3.jar:6.1.3]
	at org.springframework.test.context.testng.AbstractTestNGSpringContextTests.springTestContextBeforeTestMethod(AbstractTestNGSpringContextTests.java:131) ~[spring-test-6.1.3.jar:6.1.3]
	at java.base/jdk.internal.reflect.DirectMethodHandleAccessor.invoke(DirectMethodHandleAccessor.java:104) ~[na:na]
	at java.base/java.lang.reflect.Method.invoke(Method.java:565) ~[na:na]
	at org.testng.internal.invokers.MethodInvocationHelper.invokeMethod(MethodInvocationHelper.java:141) ~[testng-7.10.1.jar:7.10.1]
	at org.testng.internal.invokers.MethodInvocationHelper.invokeMethodConsideringTimeout(MethodInvocationHelper.java:71) ~[testng-7.10.1.jar:7.10.1]
	at org.testng.internal.invokers.ConfigInvoker.invokeConfigurationMethod(ConfigInvoker.java:400) ~[testng-7.10.1.jar:7.10.1]
	at org.testng.internal.invokers.ConfigInvoker.invokeConfigurations(ConfigInvoker.java:333) ~[testng-7.10.1.jar:7.10.1]
	at org.testng.internal.invokers.TestInvoker.runConfigMethods(TestInvoker.java:833) ~[testng-7.10.1.jar:7.10.1]
	at org.testng.internal.invokers.TestInvoker.invokeMethod(TestInvoker.java:600) ~[testng-7.10.1.jar:7.10.1]
	at org.testng.internal.invokers.TestInvoker.invokeTestMethod(TestInvoker.java:230) ~[testng-7.10.1.jar:7.10.1]
	at org.testng.internal.invokers.MethodRunner.runInSequence(MethodRunner.java:63) ~[testng-7.10.1.jar:7.10.1]
	at org.testng.internal.invokers.TestInvoker$MethodInvocationAgent.invoke(TestInvoker.java:992) ~[testng-7.10.1.jar:7.10.1]
	at org.testng.internal.invokers.TestInvoker.invokeTestMethods(TestInvoker.java:203) ~[testng-7.10.1.jar:7.10.1]
	at org.testng.internal.invokers.TestMethodWorker.invokeTestMethods(TestMethodWorker.java:154) ~[testng-7.10.1.jar:7.10.1]
	at org.testng.internal.invokers.TestMethodWorker.run(TestMethodWorker.java:134) ~[testng-7.10.1.jar:7.10.1]
	at java.base/java.util.ArrayList.forEach(ArrayList.java:1604) ~[na:na]
	at org.testng.TestRunner.privateRun(TestRunner.java:739) ~[testng-7.10.1.jar:7.10.1]
	at org.testng.TestRunner.run(TestRunner.java:614) ~[testng-7.10.1.jar:7.10.1]
	at org.testng.SuiteRunner.runTest(SuiteRunner.java:421) ~[testng-7.10.1.jar:7.10.1]
	at org.testng.SuiteRunner.runSequentially(SuiteRunner.java:413) ~[testng-7.10.1.jar:7.10.1]
	at org.testng.SuiteRunner.privateRun(SuiteRunner.java:373) ~[testng-7.10.1.jar:7.10.1]
	at org.testng.SuiteRunner.run(SuiteRunner.java:312) ~[testng-7.10.1.jar:7.10.1]
	at org.testng.SuiteRunnerWorker.runSuite(SuiteRunnerWorker.java:52) ~[testng-7.10.1.jar:7.10.1]
	at org.testng.SuiteRunnerWorker.run(SuiteRunnerWorker.java:95) ~[testng-7.10.1.jar:7.10.1]
	at org.testng.TestNG.runSuitesSequentially(TestNG.java:1274) ~[testng-7.10.1.jar:7.10.1]
	at org.testng.TestNG.runSuitesLocally(TestNG.java:1208) ~[testng-7.10.1.jar:7.10.1]
	at org.testng.TestNG.runSuites(TestNG.java:1112) ~[testng-7.10.1.jar:7.10.1]
	at org.testng.TestNG.run(TestNG.java:1079) ~[testng-7.10.1.jar:7.10.1]
	at org.apache.maven.surefire.testng.TestNGExecutor.run(TestNGExecutor.java:308) ~[surefire-testng-3.1.2.jar:3.1.2]
	at org.apache.maven.surefire.testng.TestNGXmlTestSuite.execute(TestNGXmlTestSuite.java:71) ~[surefire-testng-3.1.2.jar:3.1.2]
	at org.apache.maven.surefire.testng.TestNGProvider.invoke(TestNGProvider.java:113) ~[surefire-testng-3.1.2.jar:3.1.2]
	at org.apache.maven.surefire.booter.ForkedBooter.runSuitesInProcess(ForkedBooter.java:385) ~[surefire-booter-3.1.2.jar:3.1.2]
	at org.apache.maven.surefire.booter.ForkedBooter.execute(ForkedBooter.java:162) ~[surefire-booter-3.1.2.jar:3.1.2]
	at org.apache.maven.surefire.booter.ForkedBooter.run(ForkedBooter.java:507) ~[surefire-booter-3.1.2.jar:3.1.2]
	at org.apache.maven.surefire.booter.ForkedBooter.main(ForkedBooter.java:495) ~[surefire-booter-3.1.2.jar:3.1.2]

&amp#27;[2m2026-03-18T12:32:19.329+05:30&amp#27;[0;39m &amp#27;[32m INFO&amp#27;[0;39m &amp#27;[35m8795&amp#27;[0;39m &amp#27;[2m---&amp#27;[0;39m &amp#27;[2m[           main]&amp#27;[0;39m &amp#27;[2m&amp#27;[0;39m&amp#27;[36mc.t.a.listeners.NovusTestListener       &amp#27;[0;39m &amp#27;[2m:&amp#27;[0;39m &amp#27;[30m
-======================================================================================================================================================-
|                                                    Running test : testAllDeviceRecordsAreFetched                                                     |
-======================================================================================================================================================-&amp#27;[0m
&amp#27;[2m2026-03-18T12:32:19.340+05:30&amp#27;[0;39m &amp#27;[32m INFO&amp#27;[0;39m &amp#27;[35m8795&amp#27;[0;39m &amp#27;[2m---&amp#27;[0;39m &amp#27;[2m[           main]&amp#27;[0;39m &amp#27;[2m&amp#27;[0;39m&amp#27;[36mc.t.a.inventory.DashboardApiTests       &amp#27;[0;39m &amp#27;[2m:&amp#27;[0;39m &amp#27;[94m[Executing Step] : [Test Step : #1] - Verify the Total Devices KPI card value is visible on the dashboard&amp#27;[0m
&amp#27;[2m2026-03-18T12:32:19.343+05:30&amp#27;[0;39m &amp#27;[32mDEBUG&amp#27;[0;39m &amp#27;[35m8795&amp#27;[0;39m &amp#27;[2m---&amp#27;[0;39m &amp#27;[2m[           main]&amp#27;[0;39m &amp#27;[2m&amp#27;[0;39m&amp#27;[36mcom.tpg.actions.Waiter                  &amp#27;[0;39m &amp#27;[2m:&amp#27;[0;39m &amp#27;[35mactor waiting for 0.0 secs&amp#27;[0m
&amp#27;[2m2026-03-18T12:32:23.432+05:30&amp#27;[0;39m &amp#27;[32m INFO&amp#27;[0;39m &amp#27;[35m8795&amp#27;[0;39m &amp#27;[2m---&amp#27;[0;39m &amp#27;[2m[           main]&amp#27;[0;39m &amp#27;[2m&amp#27;[0;39m&amp#27;[36mcom.tpg.verification.Verify             &amp#27;[0;39m &amp#27;[2m:&amp#27;[0;39m &amp#27;[92m[Verification : SUCCESS] : css=div.bg-card:has(div.text-sm:text-is('Total Devices')) div.text-3xl is visible on UI&amp#27;[0m
&amp#27;[2m2026-03-18T12:32:23.433+05:30&amp#27;[0;39m &amp#27;[32m INFO&amp#27;[0;39m &amp#27;[35m8795&amp#27;[0;39m &amp#27;[2m---&amp#27;[0;39m &amp#27;[2m[           main]&amp#27;[0;39m &amp#27;[2m&amp#27;[0;39m&amp#27;[36mc.t.a.inventory.DashboardApiTests       &amp#27;[0;39m &amp#27;[2m:&amp#27;[0;39m &amp#27;[94m[Executing Step] : [Test Step : #2] - Verify no loading placeholder '—' remains — data has fully loaded&amp#27;[0m
&amp#27;[2m2026-03-18T12:32:23.433+05:30&amp#27;[0;39m &amp#27;[32mDEBUG&amp#27;[0;39m &amp#27;[35m8795&amp#27;[0;39m &amp#27;[2m---&amp#27;[0;39m &amp#27;[2m[           main]&amp#27;[0;39m &amp#27;[2m&amp#27;[0;39m&amp#27;[36mcom.tpg.actions.Waiter                  &amp#27;[0;39m &amp#27;[2m:&amp#27;[0;39m &amp#27;[35mactor waiting for 0.0 secs&amp#27;[0m
&amp#27;[2m2026-03-18T12:32:25.304+05:30&amp#27;[0;39m &amp#27;[32m INFO&amp#27;[0;39m &amp#27;[35m8795&amp#27;[0;39m &amp#27;[2m---&amp#27;[0;39m &amp#27;[2m[           main]&amp#27;[0;39m &amp#27;[2m&amp#27;[0;39m&amp#27;[36mcom.tpg.verification.Verify             &amp#27;[0;39m &amp#27;[2m:&amp#27;[0;39m &amp#27;[92m[Verification : SUCCESS] : div.text-3xl:text-is("—") is not visible on UI&amp#27;[0m
]]></system-out>
    <system-err><![CDATA[WARNING: A Java agent has been loaded dynamically (/Users/ajaykumar.yadav/.m2/repository/net/bytebuddy/byte-buddy-agent/1.14.11/byte-buddy-agent-1.14.11.jar)
WARNING: If a serviceability tool is in use, please run with -XX:+EnableDynamicAgentLoading to hide this warning
WARNING: If a serviceability tool is not in use, please run with -Djdk.instrument.traceUsage for more information
WARNING: Dynamic loading of agents will be disallowed by default in a future release
]]></system-err>
  </testcase>
  <testcase name="testAuditLogsAreFetchedForAlertsPanel" classname="com.tpg.automation.inventory.DashboardApiTests" time="20.172">
    <failure message="ocator expected to be visible&#10;Call log:&#10;Locator.expect with timeout 30000ms&#10;waiting for locator(&quot;div.bg-card:has(h3:text-is(&apos;Recent Alerts&apos;)) ul li&quot;)" type="java.lang.AssertionError"><![CDATA[java.lang.AssertionError: 
ocator expected to be visible
Call log:
Locator.expect with timeout 30000ms
waiting for locator("div.bg-card:has(h3:text-is('Recent Alerts')) ul li")
	at com.tpg.verification.Verify.verifyAs(Verify.java:156)
	at com.tpg.actor.Actor.wantsTo(Actor.java:39)
	at com.tpg.automation.inventory.DashboardApiTests.testAuditLogsAreFetchedForAlertsPanel(DashboardApiTests.java:423)
	at java.base/jdk.internal.reflect.DirectMethodHandleAccessor.invoke(DirectMethodHandleAccessor.java:104)
	at java.base/java.lang.reflect.Method.invoke(Method.java:565)
	at org.testng.internal.invokers.MethodInvocationHelper.invokeMethod(MethodInvocationHelper.java:141)
	at org.testng.internal.invokers.MethodInvocationHelper$1.runTestMethod(MethodInvocationHelper.java:260)
	at org.springframework.test.context.testng.AbstractTestNGSpringContextTests.run(AbstractTestNGSpringContextTests.java:154)
	at org.testng.internal.invokers.MethodInvocationHelper.invokeHookable(MethodInvocationHelper.java:274)
	at org.testng.internal.invokers.TestInvoker.invokeMethod(TestInvoker.java:678)
	at org.testng.internal.invokers.TestInvoker.invokeTestMethod(TestInvoker.java:230)
	at org.testng.internal.invokers.MethodRunner.runInSequence(MethodRunner.java:63)
	at org.testng.internal.invokers.TestInvoker$MethodInvocationAgent.invoke(TestInvoker.java:992)
	at org.testng.internal.invokers.TestInvoker.invokeTestMethods(TestInvoker.java:203)
	at org.testng.internal.invokers.TestMethodWorker.invokeTestMethods(TestMethodWorker.java:154)
	at org.testng.internal.invokers.TestMethodWorker.run(TestMethodWorker.java:134)
	at java.base/java.util.ArrayList.forEach(ArrayList.java:1604)
	at org.testng.TestRunner.privateRun(TestRunner.java:739)
	at org.testng.TestRunner.run(TestRunner.java:614)
	at org.testng.SuiteRunner.runTest(SuiteRunner.java:421)
	at org.testng.SuiteRunner.runSequentially(SuiteRunner.java:413)
	at org.testng.SuiteRunner.privateRun(SuiteRunner.java:373)
	at org.testng.SuiteRunner.run(SuiteRunner.java:312)
	at org.testng.SuiteRunnerWorker.runSuite(SuiteRunnerWorker.java:52)
	at org.testng.SuiteRunnerWorker.run(SuiteRunnerWorker.java:95)
	at org.testng.TestNG.runSuitesSequentially(TestNG.java:1274)
	at org.testng.TestNG.runSuitesLocally(TestNG.java:1208)
	at org.testng.TestNG.runSuites(TestNG.java:1112)
	at org.testng.TestNG.run(TestNG.java:1079)
	at org.apache.maven.surefire.testng.TestNGExecutor.run(TestNGExecutor.java:308)
	at org.apache.maven.surefire.testng.TestNGXmlTestSuite.execute(TestNGXmlTestSuite.java:71)
	at org.apache.maven.surefire.testng.TestNGProvider.invoke(TestNGProvider.java:113)
	at org.apache.maven.surefire.booter.ForkedBooter.runSuitesInProcess(ForkedBooter.java:385)
	at org.apache.maven.surefire.booter.ForkedBooter.execute(ForkedBooter.java:162)
	at org.apache.maven.surefire.booter.ForkedBooter.run(ForkedBooter.java:507)
	at org.apache.maven.surefire.booter.ForkedBooter.main(ForkedBooter.java:495)
]]></failure>
    <system-out><![CDATA[&amp#27;[2m2026-03-18T12:32:25.307+05:30&amp#27;[0;39m &amp#27;[32m INFO&amp#27;[0;39m &amp#27;[35m8795&amp#27;[0;39m &amp#27;[2m---&amp#27;[0;39m &amp#27;[2m[           main]&amp#27;[0;39m &amp#27;[2m&amp#27;[0;39m&amp#27;[36mc.t.a.listeners.NovusTestListener       &amp#27;[0;39m &amp#27;[2m:&amp#27;[0;39m &amp#27;[92m-----.: Test passed :.-----&amp#27;[0m
&amp#27;[2m2026-03-18T12:32:25.330+05:30&amp#27;[0;39m &amp#27;[32m INFO&amp#27;[0;39m &amp#27;[35m8795&amp#27;[0;39m &amp#27;[2m---&amp#27;[0;39m &amp#27;[2m[           main]&amp#27;[0;39m &amp#27;[2m&amp#27;[0;39m&amp#27;[36mc.t.a.listeners.NovusTestListener       &amp#27;[0;39m &amp#27;[2m:&amp#27;[0;39m &amp#27;[30m
-======================================================================================================================================================-
|                                                 Running test : testAuditLogsAreFetchedForAlertsPanel                                                 |
-======================================================================================================================================================-&amp#27;[0m
&amp#27;[2m2026-03-18T12:32:25.331+05:30&amp#27;[0;39m &amp#27;[32m INFO&amp#27;[0;39m &amp#27;[35m8795&amp#27;[0;39m &amp#27;[2m---&amp#27;[0;39m &amp#27;[2m[           main]&amp#27;[0;39m &amp#27;[2m&amp#27;[0;39m&amp#27;[36mc.t.a.inventory.DashboardApiTests       &amp#27;[0;39m &amp#27;[2m:&amp#27;[0;39m &amp#27;[94m[Executing Step] : [Test Step : #1] - Verify the Recent Alerts panel container is visible on the dashboard&amp#27;[0m
&amp#27;[2m2026-03-18T12:32:25.332+05:30&amp#27;[0;39m &amp#27;[32mDEBUG&amp#27;[0;39m &amp#27;[35m8795&amp#27;[0;39m &amp#27;[2m---&amp#27;[0;39m &amp#27;[2m[           main]&amp#27;[0;39m &amp#27;[2m&amp#27;[0;39m&amp#27;[36mcom.tpg.actions.Waiter                  &amp#27;[0;39m &amp#27;[2m:&amp#27;[0;39m &amp#27;[35mactor waiting for 0.0 secs&amp#27;[0m
&amp#27;[2m2026-03-18T12:32:25.337+05:30&amp#27;[0;39m &amp#27;[32m INFO&amp#27;[0;39m &amp#27;[35m8795&amp#27;[0;39m &amp#27;[2m---&amp#27;[0;39m &amp#27;[2m[           main]&amp#27;[0;39m &amp#27;[2m&amp#27;[0;39m&amp#27;[36mcom.tpg.verification.Verify             &amp#27;[0;39m &amp#27;[2m:&amp#27;[0;39m &amp#27;[92m[Verification : SUCCESS] : css=div.bg-card:has(h3:text-is('Recent Alerts')) is visible on UI&amp#27;[0m
&amp#27;[2m2026-03-18T12:32:25.339+05:30&amp#27;[0;39m &amp#27;[32m INFO&amp#27;[0;39m &amp#27;[35m8795&amp#27;[0;39m &amp#27;[2m---&amp#27;[0;39m &amp#27;[2m[           main]&amp#27;[0;39m &amp#27;[2m&amp#27;[0;39m&amp#27;[36mc.t.a.inventory.DashboardApiTests       &amp#27;[0;39m &amp#27;[2m:&amp#27;[0;39m &amp#27;[94m[Executing Step] : [Test Step : #2] - Verify at least one audit-log entry is displayed in the Recent Alerts panel&amp#27;[0m
&amp#27;[2m2026-03-18T12:32:25.339+05:30&amp#27;[0;39m &amp#27;[32mDEBUG&amp#27;[0;39m &amp#27;[35m8795&amp#27;[0;39m &amp#27;[2m---&amp#27;[0;39m &amp#27;[2m[           main]&amp#27;[0;39m &amp#27;[2m&amp#27;[0;39m&amp#27;[36mcom.tpg.actions.Waiter                  &amp#27;[0;39m &amp#27;[2m:&amp#27;[0;39m &amp#27;[35mactor waiting for 0.0 secs&amp#27;[0m
&amp#27;[2m2026-03-18T12:32:45.489+05:30&amp#27;[0;39m &amp#27;[31mERROR&amp#27;[0;39m &amp#27;[35m8795&amp#27;[0;39m &amp#27;[2m---&amp#27;[0;39m &amp#27;[2m[           main]&amp#27;[0;39m &amp#27;[2m&amp#27;[0;39m&amp#27;[36mcom.tpg.verification.Verify             &amp#27;[0;39m &amp#27;[2m:&amp#27;[0;39m &amp#27;[31m[Verification : FAILURE] : ocator expected to be visible
Call log:
Locator.expect with timeout 30000ms
waiting for locator("div.bg-card:has(h3:text-is('Recent Alerts')) ul li")&amp#27;[0m
]]></system-out>
  </testcase>
  <testcase name="afterMethodSetup[[TestResult name=testAuditLogsAreFetchedForAlertsPanel status=FAILURE method=DashboardApiTests.testAuditLogsAreFetchedForAlertsPanel()[pri:0, instance:com.tpg.automation.inventory.DashboardApiTests@590c73d3] output={null}]](0)" classname="com.tpg.automation.inventory.DashboardApiTests" time="20.201">
    <failure message="java.io.FileNotFoundException: /Users/ajaykumar.yadav/HLM-QA/novus-example-tests/src/test/resources/screenshots/DashboardApiTests_testAuditLogsAreFetchedForAlertsPanel1773817365503.jpg (No such file or directory)" type="com.tpg.exceptions.NovusConfigException"><![CDATA[com.tpg.exceptions.NovusConfigException: java.io.FileNotFoundException: /Users/ajaykumar.yadav/HLM-QA/novus-example-tests/src/test/resources/screenshots/DashboardApiTests_testAuditLogsAreFetchedForAlertsPanel1773817365503.jpg (No such file or directory)
	at com.tpg.services.NovusReportingService.base64(NovusReportingService.java:179)
	at com.tpg.services.NovusReportingService.attachResult(NovusReportingService.java:121)
	at com.tpg.NovusGuiTestBase.afterMethodSetup(NovusGuiTestBase.java:75)
	at java.base/jdk.internal.reflect.DirectMethodHandleAccessor.invoke(DirectMethodHandleAccessor.java:104)
	at java.base/java.lang.reflect.Method.invoke(Method.java:565)
	at org.testng.internal.invokers.MethodInvocationHelper.invokeMethod(MethodInvocationHelper.java:141)
	at org.testng.internal.invokers.MethodInvocationHelper.invokeMethodConsideringTimeout(MethodInvocationHelper.java:71)
	at org.testng.internal.invokers.ConfigInvoker.invokeConfigurationMethod(ConfigInvoker.java:400)
	at org.testng.internal.invokers.ConfigInvoker.invokeConfigurations(ConfigInvoker.java:333)
	at org.testng.internal.invokers.TestInvoker.runConfigMethods(TestInvoker.java:833)
	at org.testng.internal.invokers.TestInvoker.runAfterConfigurations(TestInvoker.java:802)
	at org.testng.internal.invokers.TestInvoker.invokeMethod(TestInvoker.java:778)
	at org.testng.internal.invokers.TestInvoker.invokeTestMethod(TestInvoker.java:230)
	at org.testng.internal.invokers.MethodRunner.runInSequence(MethodRunner.java:63)
	at org.testng.internal.invokers.TestInvoker$MethodInvocationAgent.invoke(TestInvoker.java:992)
	at org.testng.internal.invokers.TestInvoker.invokeTestMethods(TestInvoker.java:203)
	at org.testng.internal.invokers.TestMethodWorker.invokeTestMethods(TestMethodWorker.java:154)
	at org.testng.internal.invokers.TestMethodWorker.run(TestMethodWorker.java:134)
	at java.base/java.util.ArrayList.forEach(ArrayList.java:1604)
	at org.testng.TestRunner.privateRun(TestRunner.java:739)
	at org.testng.TestRunner.run(TestRunner.java:614)
	at org.testng.SuiteRunner.runTest(SuiteRunner.java:421)
	at org.testng.SuiteRunner.runSequentially(SuiteRunner.java:413)
	at org.testng.SuiteRunner.privateRun(SuiteRunner.java:373)
	at org.testng.SuiteRunner.run(SuiteRunner.java:312)
	at org.testng.SuiteRunnerWorker.runSuite(SuiteRunnerWorker.java:52)
	at org.testng.SuiteRunnerWorker.run(SuiteRunnerWorker.java:95)
	at org.testng.TestNG.runSuitesSequentially(TestNG.java:1274)
	at org.testng.TestNG.runSuitesLocally(TestNG.java:1208)
	at org.testng.TestNG.runSuites(TestNG.java:1112)
	at org.testng.TestNG.run(TestNG.java:1079)
	at org.apache.maven.surefire.testng.TestNGExecutor.run(TestNGExecutor.java:308)
	at org.apache.maven.surefire.testng.TestNGXmlTestSuite.execute(TestNGXmlTestSuite.java:71)
	at org.apache.maven.surefire.testng.TestNGProvider.invoke(TestNGProvider.java:113)
	at org.apache.maven.surefire.booter.ForkedBooter.runSuitesInProcess(ForkedBooter.java:385)
	at org.apache.maven.surefire.booter.ForkedBooter.execute(ForkedBooter.java:162)
	at org.apache.maven.surefire.booter.ForkedBooter.run(ForkedBooter.java:507)
	at org.apache.maven.surefire.booter.ForkedBooter.main(ForkedBooter.java:495)
Caused by: java.io.FileNotFoundException: /Users/ajaykumar.yadav/HLM-QA/novus-example-tests/src/test/resources/screenshots/DashboardApiTests_testAuditLogsAreFetchedForAlertsPanel1773817365503.jpg (No such file or directory)
	at java.base/java.io.FileInputStream.open0(Native Method)
	at java.base/java.io.FileInputStream.open(FileInputStream.java:185)
	at java.base/java.io.FileInputStream.<init>(FileInputStream.java:139)
	at com.tpg.services.NovusReportingService.base64(NovusReportingService.java:174)
	... 37 more
]]></failure>
    <system-out><![CDATA[&amp#27;[2m2026-03-18T12:32:45.502+05:30&amp#27;[0;39m &amp#27;[31mERROR&amp#27;[0;39m &amp#27;[35m8795&amp#27;[0;39m &amp#27;[2m---&amp#27;[0;39m &amp#27;[2m[           main]&amp#27;[0;39m &amp#27;[2m&amp#27;[0;39m&amp#27;[36mc.t.a.listeners.NovusTestListener       &amp#27;[0;39m &amp#27;[2m:&amp#27;[0;39m &amp#27;[31m-----.: Test failed :.-----&amp#27;[0m
]]></system-out>
  </testcase>
  <testcase name="testAuditLogsTwentyFourHourTimeWindow" classname="com.tpg.automation.inventory.DashboardApiTests" time="0.0">
    <skipped message="java.io.FileNotFoundException: /Users/ajaykumar.yadav/HLM-QA/novus-example-tests/src/test/resources/screenshots/DashboardApiTests_testAuditLogsAreFetchedForAlertsPanel1773817365503.jpg (No such file or directory)"/>
    <system-out><![CDATA[&amp#27;[2m2026-03-18T12:32:45.548+05:30&amp#27;[0;39m &amp#27;[32m INFO&amp#27;[0;39m &amp#27;[35m8795&amp#27;[0;39m &amp#27;[2m---&amp#27;[0;39m &amp#27;[2m[           main]&amp#27;[0;39m &amp#27;[2m&amp#27;[0;39m&amp#27;[36mc.t.a.listeners.NovusTestListener       &amp#27;[0;39m &amp#27;[2m:&amp#27;[0;39m &amp#27;[30m
-======================================================================================================================================================-
|                                                 Running test : testAuditLogsTwentyFourHourTimeWindow                                                 |
-======================================================================================================================================================-&amp#27;[0m
]]></system-out>
  </testcase>
  <testcase name="testInProgressServiceOrdersAreFetched" classname="com.tpg.automation.inventory.DashboardApiTests" time="0.0">
    <skipped message="java.io.FileNotFoundException: /Users/ajaykumar.yadav/HLM-QA/novus-example-tests/src/test/resources/screenshots/DashboardApiTests_testAuditLogsAreFetchedForAlertsPanel1773817365503.jpg (No such file or directory)"/>
    <system-out><![CDATA[&amp#27;[2m2026-03-18T12:32:45.551+05:30&amp#27;[0;39m &amp#27;[31mERROR&amp#27;[0;39m &amp#27;[35m8795&amp#27;[0;39m &amp#27;[2m---&amp#27;[0;39m &amp#27;[2m[           main]&amp#27;[0;39m &amp#27;[2m&amp#27;[0;39m&amp#27;[36mc.t.a.listeners.NovusTestListener       &amp#27;[0;39m &amp#27;[2m:&amp#27;[0;39m &amp#27;[33m-----.: Test skipped :.-----&amp#27;[0m
&amp#27;[2m2026-03-18T12:32:45.564+05:30&amp#27;[0;39m &amp#27;[32m INFO&amp#27;[0;39m &amp#27;[35m8795&amp#27;[0;39m &amp#27;[2m---&amp#27;[0;39m &amp#27;[2m[           main]&amp#27;[0;39m &amp#27;[2m&amp#27;[0;39m&amp#27;[36mc.t.a.listeners.NovusTestListener       &amp#27;[0;39m &amp#27;[2m:&amp#27;[0;39m &amp#27;[30m
-======================================================================================================================================================-
|                                                 Running test : testInProgressServiceOrdersAreFetched                                                 |
-======================================================================================================================================================-&amp#27;[0m
]]></system-out>
  </testcase>
  <testcase name="testKpiCardsTransitionFromPlaceholderToLiveValues" classname="com.tpg.automation.inventory.DashboardApiTests" time="0.0">
    <skipped message="java.io.FileNotFoundException: /Users/ajaykumar.yadav/HLM-QA/novus-example-tests/src/test/resources/screenshots/DashboardApiTests_testAuditLogsAreFetchedForAlertsPanel1773817365503.jpg (No such file or directory)"/>
    <system-out><![CDATA[&amp#27;[2m2026-03-18T12:32:45.565+05:30&amp#27;[0;39m &amp#27;[31mERROR&amp#27;[0;39m &amp#27;[35m8795&amp#27;[0;39m &amp#27;[2m---&amp#27;[0;39m &amp#27;[2m[           main]&amp#27;[0;39m &amp#27;[2m&amp#27;[0;39m&amp#27;[36mc.t.a.listeners.NovusTestListener       &amp#27;[0;39m &amp#27;[2m:&amp#27;[0;39m &amp#27;[33m-----.: Test skipped :.-----&amp#27;[0m
&amp#27;[2m2026-03-18T12:32:45.571+05:30&amp#27;[0;39m &amp#27;[32m INFO&amp#27;[0;39m &amp#27;[35m8795&amp#27;[0;39m &amp#27;[2m---&amp#27;[0;39m &amp#27;[2m[           main]&amp#27;[0;39m &amp#27;[2m&amp#27;[0;39m&amp#27;[36mc.t.a.listeners.NovusTestListener       &amp#27;[0;39m &amp#27;[2m:&amp#27;[0;39m &amp#27;[30m
-======================================================================================================================================================-
|                                           Running test : testKpiCardsTransitionFromPlaceholderToLiveValues                                           |
-======================================================================================================================================================-&amp#27;[0m
]]></system-out>
  </testcase>
  <testcase name="testNoDashboardAutoRefreshOrPolling" classname="com.tpg.automation.inventory.DashboardApiTests" time="0.0">
    <skipped message="java.io.FileNotFoundException: /Users/ajaykumar.yadav/HLM-QA/novus-example-tests/src/test/resources/screenshots/DashboardApiTests_testAuditLogsAreFetchedForAlertsPanel1773817365503.jpg (No such file or directory)"/>
    <system-out><![CDATA[&amp#27;[2m2026-03-18T12:32:45.571+05:30&amp#27;[0;39m &amp#27;[31mERROR&amp#27;[0;39m &amp#27;[35m8795&amp#27;[0;39m &amp#27;[2m---&amp#27;[0;39m &amp#27;[2m[           main]&amp#27;[0;39m &amp#27;[2m&amp#27;[0;39m&amp#27;[36mc.t.a.listeners.NovusTestListener       &amp#27;[0;39m &amp#27;[2m:&amp#27;[0;39m &amp#27;[33m-----.: Test skipped :.-----&amp#27;[0m
&amp#27;[2m2026-03-18T12:32:45.576+05:30&amp#27;[0;39m &amp#27;[32m INFO&amp#27;[0;39m &amp#27;[35m8795&amp#27;[0;39m &amp#27;[2m---&amp#27;[0;39m &amp#27;[2m[           main]&amp#27;[0;39m &amp#27;[2m&amp#27;[0;39m&amp#27;[36mc.t.a.listeners.NovusTestListener       &amp#27;[0;39m &amp#27;[2m:&amp#27;[0;39m &amp#27;[30m
-======================================================================================================================================================-
|                                                  Running test : testNoDashboardAutoRefreshOrPolling                                                  |
-======================================================================================================================================================-&amp#27;[0m
]]></system-out>
  </testcase>
  <testcase name="testOfflineDevicesAreFetchedSeparately" classname="com.tpg.automation.inventory.DashboardApiTests" time="0.0">
    <skipped message="java.io.FileNotFoundException: /Users/ajaykumar.yadav/HLM-QA/novus-example-tests/src/test/resources/screenshots/DashboardApiTests_testAuditLogsAreFetchedForAlertsPanel1773817365503.jpg (No such file or directory)"/>
    <system-out><![CDATA[&amp#27;[2m2026-03-18T12:32:45.576+05:30&amp#27;[0;39m &amp#27;[31mERROR&amp#27;[0;39m &amp#27;[35m8795&amp#27;[0;39m &amp#27;[2m---&amp#27;[0;39m &amp#27;[2m[           main]&amp#27;[0;39m &amp#27;[2m&amp#27;[0;39m&amp#27;[36mc.t.a.listeners.NovusTestListener       &amp#27;[0;39m &amp#27;[2m:&amp#27;[0;39m &amp#27;[33m-----.: Test skipped :.-----&amp#27;[0m
&amp#27;[2m2026-03-18T12:32:45.581+05:30&amp#27;[0;39m &amp#27;[32m INFO&amp#27;[0;39m &amp#27;[35m8795&amp#27;[0;39m &amp#27;[2m---&amp#27;[0;39m &amp#27;[2m[           main]&amp#27;[0;39m &amp#27;[2m&amp#27;[0;39m&amp#27;[36mc.t.a.listeners.NovusTestListener       &amp#27;[0;39m &amp#27;[2m:&amp#27;[0;39m &amp#27;[30m
-======================================================================================================================================================-
|                                                Running test : testOfflineDevicesAreFetchedSeparately                                                 |
-======================================================================================================================================================-&amp#27;[0m
]]></system-out>
  </testcase>
  <testcase name="testPendingComplianceRecordsAreFetched" classname="com.tpg.automation.inventory.DashboardApiTests" time="0.0">
    <skipped message="java.io.FileNotFoundException: /Users/ajaykumar.yadav/HLM-QA/novus-example-tests/src/test/resources/screenshots/DashboardApiTests_testAuditLogsAreFetchedForAlertsPanel1773817365503.jpg (No such file or directory)"/>
    <system-out><![CDATA[&amp#27;[2m2026-03-18T12:32:45.581+05:30&amp#27;[0;39m &amp#27;[31mERROR&amp#27;[0;39m &amp#27;[35m8795&amp#27;[0;39m &amp#27;[2m---&amp#27;[0;39m &amp#27;[2m[           main]&amp#27;[0;39m &amp#27;[2m&amp#27;[0;39m&amp#27;[36mc.t.a.listeners.NovusTestListener       &amp#27;[0;39m &amp#27;[2m:&amp#27;[0;39m &amp#27;[33m-----.: Test skipped :.-----&amp#27;[0m
&amp#27;[2m2026-03-18T12:32:45.601+05:30&amp#27;[0;39m &amp#27;[32m INFO&amp#27;[0;39m &amp#27;[35m8795&amp#27;[0;39m &amp#27;[2m---&amp#27;[0;39m &amp#27;[2m[           main]&amp#27;[0;39m &amp#27;[2m&amp#27;[0;39m&amp#27;[36mc.t.a.listeners.NovusTestListener       &amp#27;[0;39m &amp#27;[2m:&amp#27;[0;39m &amp#27;[30m
-======================================================================================================================================================-
|                                                Running test : testPendingComplianceRecordsAreFetched                                                 |
-======================================================================================================================================================-&amp#27;[0m
]]></system-out>
  </testcase>
  <testcase name="testPendingFirmwareRecordsAreFetched" classname="com.tpg.automation.inventory.DashboardApiTests" time="0.0">
    <skipped message="java.io.FileNotFoundException: /Users/ajaykumar.yadav/HLM-QA/novus-example-tests/src/test/resources/screenshots/DashboardApiTests_testAuditLogsAreFetchedForAlertsPanel1773817365503.jpg (No such file or directory)"/>
    <system-out><![CDATA[&amp#27;[2m2026-03-18T12:32:45.602+05:30&amp#27;[0;39m &amp#27;[31mERROR&amp#27;[0;39m &amp#27;[35m8795&amp#27;[0;39m &amp#27;[2m---&amp#27;[0;39m &amp#27;[2m[           main]&amp#27;[0;39m &amp#27;[2m&amp#27;[0;39m&amp#27;[36mc.t.a.listeners.NovusTestListener       &amp#27;[0;39m &amp#27;[2m:&amp#27;[0;39m &amp#27;[33m-----.: Test skipped :.-----&amp#27;[0m
&amp#27;[2m2026-03-18T12:32:45.607+05:30&amp#27;[0;39m &amp#27;[32m INFO&amp#27;[0;39m &amp#27;[35m8795&amp#27;[0;39m &amp#27;[2m---&amp#27;[0;39m &amp#27;[2m[           main]&amp#27;[0;39m &amp#27;[2m&amp#27;[0;39m&amp#27;[36mc.t.a.listeners.NovusTestListener       &amp#27;[0;39m &amp#27;[2m:&amp#27;[0;39m &amp#27;[30m
-======================================================================================================================================================-
|                                                 Running test : testPendingFirmwareRecordsAreFetched                                                  |
-======================================================================================================================================================-&amp#27;[0m
]]></system-out>
  </testcase>
  <testcase name="testQuickActionBadgesAreVisibleWhenCountIsGreaterThanZero" classname="com.tpg.automation.inventory.DashboardApiTests" time="0.0">
    <skipped message="java.io.FileNotFoundException: /Users/ajaykumar.yadav/HLM-QA/novus-example-tests/src/test/resources/screenshots/DashboardApiTests_testAuditLogsAreFetchedForAlertsPanel1773817365503.jpg (No such file or directory)"/>
    <system-out><![CDATA[&amp#27;[2m2026-03-18T12:32:45.608+05:30&amp#27;[0;39m &amp#27;[31mERROR&amp#27;[0;39m &amp#27;[35m8795&amp#27;[0;39m &amp#27;[2m---&amp#27;[0;39m &amp#27;[2m[           main]&amp#27;[0;39m &amp#27;[2m&amp#27;[0;39m&amp#27;[36mc.t.a.listeners.NovusTestListener       &amp#27;[0;39m &amp#27;[2m:&amp#27;[0;39m &amp#27;[33m-----.: Test skipped :.-----&amp#27;[0m
&amp#27;[2m2026-03-18T12:32:45.619+05:30&amp#27;[0;39m &amp#27;[32m INFO&amp#27;[0;39m &amp#27;[35m8795&amp#27;[0;39m &amp#27;[2m---&amp#27;[0;39m &amp#27;[2m[           main]&amp#27;[0;39m &amp#27;[2m&amp#27;[0;39m&amp#27;[36mc.t.a.listeners.NovusTestListener       &amp#27;[0;39m &amp#27;[2m:&amp#27;[0;39m &amp#27;[30m
-======================================================================================================================================================-
|                                       Running test : testQuickActionBadgesAreVisibleWhenCountIsGreaterThanZero                                       |
-======================================================================================================================================================-&amp#27;[0m
]]></system-out>
  </testcase>
  <testcase name="testRefreshButtonIsVisibleWithCircularArrowIcon" classname="com.tpg.automation.inventory.DashboardApiTests" time="0.0">
    <skipped message="java.io.FileNotFoundException: /Users/ajaykumar.yadav/HLM-QA/novus-example-tests/src/test/resources/screenshots/DashboardApiTests_testAuditLogsAreFetchedForAlertsPanel1773817365503.jpg (No such file or directory)"/>
    <system-out><![CDATA[&amp#27;[2m2026-03-18T12:32:45.625+05:30&amp#27;[0;39m &amp#27;[31mERROR&amp#27;[0;39m &amp#27;[35m8795&amp#27;[0;39m &amp#27;[2m---&amp#27;[0;39m &amp#27;[2m[           main]&amp#27;[0;39m &amp#27;[2m&amp#27;[0;39m&amp#27;[36mc.t.a.listeners.NovusTestListener       &amp#27;[0;39m &amp#27;[2m:&amp#27;[0;39m &amp#27;[33m-----.: Test skipped :.-----&amp#27;[0m
&amp#27;[2m2026-03-18T12:32:45.640+05:30&amp#27;[0;39m &amp#27;[32m INFO&amp#27;[0;39m &amp#27;[35m8795&amp#27;[0;39m &amp#27;[2m---&amp#27;[0;39m &amp#27;[2m[           main]&amp#27;[0;39m &amp#27;[2m&amp#27;[0;39m&amp#27;[36mc.t.a.listeners.NovusTestListener       &amp#27;[0;39m &amp#27;[2m:&amp#27;[0;39m &amp#27;[30m
-======================================================================================================================================================-
|                                            Running test : testRefreshButtonIsVisibleWithCircularArrowIcon                                            |
-======================================================================================================================================================-&amp#27;[0m
]]></system-out>
  </testcase>
  <testcase name="testRefreshDashboardButtonTriggersCompleteDataRefetch" classname="com.tpg.automation.inventory.DashboardApiTests" time="0.0">
    <skipped message="java.io.FileNotFoundException: /Users/ajaykumar.yadav/HLM-QA/novus-example-tests/src/test/resources/screenshots/DashboardApiTests_testAuditLogsAreFetchedForAlertsPanel1773817365503.jpg (No such file or directory)"/>
    <system-out><![CDATA[&amp#27;[2m2026-03-18T12:32:45.640+05:30&amp#27;[0;39m &amp#27;[31mERROR&amp#27;[0;39m &amp#27;[35m8795&amp#27;[0;39m &amp#27;[2m---&amp#27;[0;39m &amp#27;[2m[           main]&amp#27;[0;39m &amp#27;[2m&amp#27;[0;39m&amp#27;[36mc.t.a.listeners.NovusTestListener       &amp#27;[0;39m &amp#27;[2m:&amp#27;[0;39m &amp#27;[33m-----.: Test skipped :.-----&amp#27;[0m
&amp#27;[2m2026-03-18T12:32:45.648+05:30&amp#27;[0;39m &amp#27;[32m INFO&amp#27;[0;39m &amp#27;[35m8795&amp#27;[0;39m &amp#27;[2m---&amp#27;[0;39m &amp#27;[2m[           main]&amp#27;[0;39m &amp#27;[2m&amp#27;[0;39m&amp#27;[36mc.t.a.listeners.NovusTestListener       &amp#27;[0;39m &amp#27;[2m:&amp#27;[0;39m &amp#27;[30m
-======================================================================================================================================================-
|                                         Running test : testRefreshDashboardButtonTriggersCompleteDataRefetch                                         |
-======================================================================================================================================================-&amp#27;[0m
]]></system-out>
  </testcase>
  <testcase name="testScheduledServiceOrdersAreFetched" classname="com.tpg.automation.inventory.DashboardApiTests" time="0.0">
    <skipped message="java.io.FileNotFoundException: /Users/ajaykumar.yadav/HLM-QA/novus-example-tests/src/test/resources/screenshots/DashboardApiTests_testAuditLogsAreFetchedForAlertsPanel1773817365503.jpg (No such file or directory)"/>
    <system-out><![CDATA[&amp#27;[2m2026-03-18T12:32:45.649+05:30&amp#27;[0;39m &amp#27;[31mERROR&amp#27;[0;39m &amp#27;[35m8795&amp#27;[0;39m &amp#27;[2m---&amp#27;[0;39m &amp#27;[2m[           main]&amp#27;[0;39m &amp#27;[2m&amp#27;[0;39m&amp#27;[36mc.t.a.listeners.NovusTestListener       &amp#27;[0;39m &amp#27;[2m:&amp#27;[0;39m &amp#27;[33m-----.: Test skipped :.-----&amp#27;[0m
&amp#27;[2m2026-03-18T12:32:45.657+05:30&amp#27;[0;39m &amp#27;[32m INFO&amp#27;[0;39m &amp#27;[35m8795&amp#27;[0;39m &amp#27;[2m---&amp#27;[0;39m &amp#27;[2m[           main]&amp#27;[0;39m &amp#27;[2m&amp#27;[0;39m&amp#27;[36mc.t.a.listeners.NovusTestListener       &amp#27;[0;39m &amp#27;[2m:&amp#27;[0;39m &amp#27;[30m
-======================================================================================================================================================-
|                                                 Running test : testScheduledServiceOrdersAreFetched                                                  |
-======================================================================================================================================================-&amp#27;[0m
]]></system-out>
  </testcase>
  <testcase name="testSystemStatusHealthPercentagesUpdateFromLiveKpiData" classname="com.tpg.automation.inventory.DashboardApiTests" time="0.0">
    <skipped message="java.io.FileNotFoundException: /Users/ajaykumar.yadav/HLM-QA/novus-example-tests/src/test/resources/screenshots/DashboardApiTests_testAuditLogsAreFetchedForAlertsPanel1773817365503.jpg (No such file or directory)"/>
    <system-out><![CDATA[&amp#27;[2m2026-03-18T12:32:45.658+05:30&amp#27;[0;39m &amp#27;[31mERROR&amp#27;[0;39m &amp#27;[35m8795&amp#27;[0;39m &amp#27;[2m---&amp#27;[0;39m &amp#27;[2m[           main]&amp#27;[0;39m &amp#27;[2m&amp#27;[0;39m&amp#27;[36mc.t.a.listeners.NovusTestListener       &amp#27;[0;39m &amp#27;[2m:&amp#27;[0;39m &amp#27;[33m-----.: Test skipped :.-----&amp#27;[0m
&amp#27;[2m2026-03-18T12:32:45.665+05:30&amp#27;[0;39m &amp#27;[32m INFO&amp#27;[0;39m &amp#27;[35m8795&amp#27;[0;39m &amp#27;[2m---&amp#27;[0;39m &amp#27;[2m[           main]&amp#27;[0;39m &amp#27;[2m&amp#27;[0;39m&amp#27;[36mc.t.a.listeners.NovusTestListener       &amp#27;[0;39m &amp#27;[2m:&amp#27;[0;39m &amp#27;[30m
-======================================================================================================================================================-
|                                        Running test : testSystemStatusHealthPercentagesUpdateFromLiveKpiData                                         |
-======================================================================================================================================================-&amp#27;[0m
]]></system-out>
  </testcase>
  <testcase name="testSystemStatusOperationalAndDegradedLabels" classname="com.tpg.automation.inventory.DashboardApiTests" time="0.0">
    <skipped message="java.io.FileNotFoundException: /Users/ajaykumar.yadav/HLM-QA/novus-example-tests/src/test/resources/screenshots/DashboardApiTests_testAuditLogsAreFetchedForAlertsPanel1773817365503.jpg (No such file or directory)"/>
    <system-out><![CDATA[&amp#27;[2m2026-03-18T12:32:45.667+05:30&amp#27;[0;39m &amp#27;[31mERROR&amp#27;[0;39m &amp#27;[35m8795&amp#27;[0;39m &amp#27;[2m---&amp#27;[0;39m &amp#27;[2m[           main]&amp#27;[0;39m &amp#27;[2m&amp#27;[0;39m&amp#27;[36mc.t.a.listeners.NovusTestListener       &amp#27;[0;39m &amp#27;[2m:&amp#27;[0;39m &amp#27;[33m-----.: Test skipped :.-----&amp#27;[0m
&amp#27;[2m2026-03-18T12:32:45.676+05:30&amp#27;[0;39m &amp#27;[32m INFO&amp#27;[0;39m &amp#27;[35m8795&amp#27;[0;39m &amp#27;[2m---&amp#27;[0;39m &amp#27;[2m[           main]&amp#27;[0;39m &amp#27;[2m&amp#27;[0;39m&amp#27;[36mc.t.a.listeners.NovusTestListener       &amp#27;[0;39m &amp#27;[2m:&amp#27;[0;39m &amp#27;[30m
-======================================================================================================================================================-
|                                             Running test : testSystemStatusOperationalAndDegradedLabels                                              |
-======================================================================================================================================================-&amp#27;[0m
]]></system-out>
  </testcase>
  <testcase name="testSystemStatusPanelDisplaysFourServices" classname="com.tpg.automation.inventory.DashboardApiTests" time="0.0">
    <skipped message="java.io.FileNotFoundException: /Users/ajaykumar.yadav/HLM-QA/novus-example-tests/src/test/resources/screenshots/DashboardApiTests_testAuditLogsAreFetchedForAlertsPanel1773817365503.jpg (No such file or directory)"/>
    <system-out><![CDATA[&amp#27;[2m2026-03-18T12:32:45.677+05:30&amp#27;[0;39m &amp#27;[31mERROR&amp#27;[0;39m &amp#27;[35m8795&amp#27;[0;39m &amp#27;[2m---&amp#27;[0;39m &amp#27;[2m[           main]&amp#27;[0;39m &amp#27;[2m&amp#27;[0;39m&amp#27;[36mc.t.a.listeners.NovusTestListener       &amp#27;[0;39m &amp#27;[2m:&amp#27;[0;39m &amp#27;[33m-----.: Test skipped :.-----&amp#27;[0m
&amp#27;[2m2026-03-18T12:32:45.683+05:30&amp#27;[0;39m &amp#27;[32m INFO&amp#27;[0;39m &amp#27;[35m8795&amp#27;[0;39m &amp#27;[2m---&amp#27;[0;39m &amp#27;[2m[           main]&amp#27;[0;39m &amp#27;[2m&amp#27;[0;39m&amp#27;[36mc.t.a.listeners.NovusTestListener       &amp#27;[0;39m &amp#27;[2m:&amp#27;[0;39m &amp#27;[30m
-======================================================================================================================================================-
|                                               Running test : testSystemStatusPanelDisplaysFourServices                                               |
-======================================================================================================================================================-&amp#27;[0m
]]></system-out>
  </testcase>
</testsuite>